#
# A fatal error has been detected by the Java Runtime Environment:
#
#  EXCEPTION_ACCESS_VIOLATION (0xc0000005) at pc=0x0000000069a8bb04, pid=6700, tid=16944
#
# JRE version: Java(TM) SE Runtime Environment (12.0.1+12) (build 12.0.1+12)
# Java VM: Java HotSpot(TM) 64-Bit Server VM (12.0.1+12, mixed mode, sharing, tiered, compressed oops, g1 gc, windows-amd64)
# Problematic frame:
# C  [gdx-freetype64.dll+0xbb04]
#
# No core dump will be written. Minidumps are not enabled by default on client versions of Windows
#
# If you would like to submit a bug report, please visit:
#   http://bugreport.java.com/bugreport/crash.jsp
# The crash happened outside the Java Virtual Machine in native code.
# See problematic frame for where to report the bug.
#

---------------  S U M M A R Y ------------

Command Line: -DImplementation-Version=426 -DSpecification-Title=Powered Pixel Dungeon -DSpecification-Version=0.2.22-INDEV -Dfile.encoding=windows-1252 -Duser.country=GB -Duser.language=en -Duser.variant com.shatteredpixel.yasd.desktop.DesktopLauncher

Host: AMD Ryzen 7 2700X Eight-Core Processor         , 16 cores, 15G,  Windows 10 , 64 bit Build 18362 (10.0.18362.778)
Time: Sat Apr 18 11:55:47 2020 GMT Summer Time elapsed time: 10 seconds (0d 0h 0m 10s)

---------------  T H R E A D  ---------------

Current thread (0x000002b916f31000):  JavaThread "main" [_thread_in_native, id=16944, stack(0x000000eaef200000,0x000000eaef300000)]

Stack: [0x000000eaef200000,0x000000eaef300000],  sp=0x000000eaef2fec80,  free space=1019k
Native frames: (J=compiled Java code, j=interpreted, Vv=VM code, C=native code)
C  [gdx-freetype64.dll+0xbb04]

Java frames: (J=compiled Java code, j=interpreted, Vv=VM code)
j  com.badlogic.gdx.graphics.g2d.freetype.FreeType$Face.doneFace(J)V+0
j  com.badlogic.gdx.graphics.g2d.freetype.FreeType$Face.dispose()V+4
j  com.badlogic.gdx.graphics.g2d.freetype.FreeTypeFontGenerator.dispose()V+4
j  com.shatteredpixel.yasd.desktop.DesktopPlatformSupport.setupFontGenerators(IZ)V+153
j  com.shatteredpixel.yasd.general.scenes.PixelScene.create()V+318
j  com.shatteredpixel.yasd.general.scenes.TitleScene.create()V+1
j  com.watabou.noosa.Game.switchScene()V+46
j  com.shatteredpixel.yasd.general.PPDGame.switchScene()V+1
J 1643 c1 com.watabou.noosa.Game.step()V (41 bytes) @ 0x000002b9215f5d4c [0x000002b9215f58a0+0x00000000000004ac]
J 1528 c1 com.watabou.noosa.Game.render()V (59 bytes) @ 0x000002b9215ae704 [0x000002b9215adcc0+0x0000000000000a44]
J 1541 c1 com.badlogic.gdx.backends.lwjgl3.Lwjgl3Window.update()Z (213 bytes) @ 0x000002b9215b4e4c [0x000002b9215b3d00+0x000000000000114c]
j  com.badlogic.gdx.backends.lwjgl3.Lwjgl3Application.loop()V+101
j  com.badlogic.gdx.backends.lwjgl3.Lwjgl3Application.<init>(Lcom/badlogic/gdx/ApplicationListener;Lcom/badlogic/gdx/backends/lwjgl3/Lwjgl3ApplicationConfiguration;)V+258
j  com.shatteredpixel.yasd.desktop.DesktopLauncher.main([Ljava/lang/String;)V+296
v  ~StubRoutines::call_stub

siginfo: EXCEPTION_ACCESS_VIOLATION (0xc0000005), reading address 0x0000000000000060


Register to memory mapping:

RIP=0x0000000069a8bb04 gdx-freetype64.dll
RAX=0x0 is NULL
RBX=0x000002b93e94cbe0 points into unknown readable memory: 01 00 00 00 00 00 00 00
RCX=0x000002b93e94cbe0 points into unknown readable memory: 01 00 00 00 00 00 00 00
RDX=0x000000eaef2fed60 is pointing into the stack for thread: 0x000002b916f31000
RSP=0x000000eaef2fec80 is pointing into the stack for thread: 0x000002b916f31000
RBP=0x000000eaef2fed50 is pointing into the stack for thread: 0x000002b916f31000
RSI=0x000002b93e94c4d0 points into unknown readable memory: 70 32 9f 3e b9 02 00 00
RDI=0x000000000000003f is an unknown value
R8 =0x000002b93e94cbe0 points into unknown readable memory: 01 00 00 00 00 00 00 00
R9 =0x000000070f2bccb0 points into unknown readable memory: 09 ff e7 a7 5f 00 00 00
R10=0x000002b920b5f0c8 is at code_begin+1000 in an Interpreter codelet
method entry point (kind = native)  [0x000002b920b5ece0, 0x000002b920b5f840]  2912 bytes
R11=0x000000070eab5d70 points into unknown readable memory: 01 7f 2a 86 61 00 00 00
R12=0x0 is NULL
R13={method} {0x000002b94cde2210} 'doneFace' '(J)V' in 'com/badlogic/gdx/graphics/g2d/freetype/FreeType$Face'
R14=0x000000eaef2fed78 is pointing into the stack for thread: 0x000002b916f31000
R15=0x000002b916f31000 is a thread


Registers:
RAX=0x0000000000000000, RBX=0x000002b93e94cbe0, RCX=0x000002b93e94cbe0, RDX=0x000000eaef2fed60
RSP=0x000000eaef2fec80, RBP=0x000000eaef2fed50, RSI=0x000002b93e94c4d0, RDI=0x000000000000003f
R8 =0x000002b93e94cbe0, R9 =0x000000070f2bccb0, R10=0x000002b920b5f0c8, R11=0x000000070eab5d70
R12=0x0000000000000000, R13=0x000002b94cde2208, R14=0x000000eaef2fed78, R15=0x000002b916f31000
RIP=0x0000000069a8bb04, EFLAGS=0x0000000000010202

Top of Stack: (sp=0x000000eaef2fec80)
0x000000eaef2fec80:   000000070e652ad8 000002b94cebb108
0x000000eaef2fec90:   0000000000000000 000000eaef2fecb0
0x000000eaef2feca0:   000000eaef2fed00 000002b94cde2208
0x000000eaef2fecb0:   0000000000000140 000000000000003f
0x000000eaef2fecc0:   000000eaef2fed78 000002b920b5f0f7
0x000000eaef2fecd0:   000002b94cebb680 0000000000000000
0x000000eaef2fece0:   000000070e652bf0 000002b94cebaaf0
0x000000eaef2fecf0:   0000000000000000 000000eaef2fed10
0x000000eaef2fed00:   000000eaef2fed60 000000eaef2fed08
0x000000eaef2fed10:   0000000000000000 000000eaef2fed78
0x000000eaef2fed20:   000002b94cde3da8 0000000000000000
0x000000eaef2fed30:   000000070eab5d70 000002b94cde2208
0x000000eaef2fed40:   0000000000000000 000000eaef2fed70
0x000000eaef2fed50:   000000eaef2fedc8 000002b920b59e73
0x000000eaef2fed60:   000000070eab5d70 000002b920b5c018
0x000000eaef2fed70:   000002b93e94cbe0 0000000000000000 

Instructions: (pc=0x0000000069a8bb04)
0x0000000069a8bae4:   53 48 83 ec 28 48 85 c9 48 89 cb 74 2f 48 8b b1
0x0000000069a8baf4:   90 00 00 00 48 85 f6 74 23 48 8b 81 d0 00 00 00
0x0000000069a8bb04:   8b 78 60 8d 57 ff 89 50 60 31 c0 85 d2 7e 1d 48
0x0000000069a8bb14:   83 c4 28 5b 5e 5f 41 5e c3 0f 1f 00 b8 23 00 00 


Stack slot to memory mapping:
stack at sp + 0 slots: 0x000000070e652ad8 points into unknown readable memory: 01 39 e3 0b 3c 00 00 00
stack at sp + 1 slots: {method} {0x000002b94cebb110} 'reset' '()V' in 'com/badlogic/gdx/utils/LongMap$MapIterator'
stack at sp + 2 slots: 0x0 is NULL
stack at sp + 3 slots: 0x000000eaef2fecb0 is pointing into the stack for thread: 0x000002b916f31000
stack at sp + 4 slots: 0x000000eaef2fed00 is pointing into the stack for thread: 0x000002b916f31000
stack at sp + 5 slots: {method} {0x000002b94cde2210} 'doneFace' '(J)V' in 'com/badlogic/gdx/graphics/g2d/freetype/FreeType$Face'
stack at sp + 6 slots: 0x0000000000000140 is an unknown value
stack at sp + 7 slots: 0x000000000000003f is an unknown value


---------------  P R O C E S S  ---------------

Threads class SMR info:
_java_thread_list=0x000002b945d8d590, length=10, elements={
0x000002b916f31000, 0x000002b93d426000, 0x000002b93d428000, 0x000002b93dcc7000,
0x000002b93dcc9000, 0x000002b93dcca000, 0x000002b93dcd9800, 0x000002b93dced000,
0x000002b93de1d000, 0x000002b93de38000
}

Java Threads: ( => current thread )
=>0x000002b916f31000 JavaThread "main" [_thread_in_native, id=16944, stack(0x000000eaef200000,0x000000eaef300000)]
  0x000002b93d426000 JavaThread "Reference Handler" daemon [_thread_blocked, id=9620, stack(0x000000eaef900000,0x000000eaefa00000)]
  0x000002b93d428000 JavaThread "Finalizer" daemon [_thread_blocked, id=17352, stack(0x000000eaefa00000,0x000000eaefb00000)]
  0x000002b93dcc7000 JavaThread "Signal Dispatcher" daemon [_thread_blocked, id=4604, stack(0x000000eaefb00000,0x000000eaefc00000)]
  0x000002b93dcc9000 JavaThread "Attach Listener" daemon [_thread_blocked, id=3608, stack(0x000000eaefc00000,0x000000eaefd00000)]
  0x000002b93dcca000 JavaThread "C2 CompilerThread0" daemon [_thread_blocked, id=19228, stack(0x000000eaefd00000,0x000000eaefe00000)]
  0x000002b93dcd9800 JavaThread "C1 CompilerThread0" daemon [_thread_blocked, id=13048, stack(0x000000eaefe00000,0x000000eaeff00000)]
  0x000002b93dced000 JavaThread "Sweeper thread" daemon [_thread_blocked, id=1276, stack(0x000000eaeff00000,0x000000eaf0000000)]
  0x000002b93de1d000 JavaThread "Service Thread" daemon [_thread_blocked, id=19888, stack(0x000000eaf0100000,0x000000eaf0200000)]
  0x000002b93de38000 JavaThread "Common-Cleaner" daemon [_thread_blocked, id=19496, stack(0x000000eaf0300000,0x000000eaf0400000)]

Other Threads:
  0x000002b93d422800 VMThread "VM Thread" [stack: 0x000000eaef800000,0x000000eaef900000] [id=2000]
  0x000002b93de1e000 WatcherThread [stack: 0x000000eaf0200000,0x000000eaf0300000] [id=7892]
  0x000002b916f97800 GCTaskThread "GC Thread#0" [stack: 0x000000eaef300000,0x000000eaef400000] [id=3648]
  0x000002b945bb7800 GCTaskThread "GC Thread#1" [stack: 0x000000eaf0c00000,0x000000eaf0d00000] [id=5852]
  0x000002b945c3a800 GCTaskThread "GC Thread#2" [stack: 0x000000eaf0d00000,0x000000eaf0e00000] [id=4208]
  0x000002b945c3b000 GCTaskThread "GC Thread#3" [stack: 0x000000eaf0e00000,0x000000eaf0f00000] [id=13832]
  0x000002b945d5a000 GCTaskThread "GC Thread#4" [stack: 0x000000eaf0f00000,0x000000eaf1000000] [id=20044]
  0x000002b945d55000 GCTaskThread "GC Thread#5" [stack: 0x000000eaf1000000,0x000000eaf1100000] [id=2012]
  0x000002b916fb2000 ConcurrentGCThread "G1 Main Marker" [stack: 0x000000eaef400000,0x000000eaef500000] [id=9104]
  0x000002b916fb5000 ConcurrentGCThread "G1 Conc#0" [stack: 0x000000eaef500000,0x000000eaef600000] [id=8708]
  0x000002b93d31f800 ConcurrentGCThread "G1 Refine#0" [stack: 0x000000eaef600000,0x000000eaef700000] [id=15416]
  0x000002b93d320800 ConcurrentGCThread "G1 Young RemSet Sampling" [stack: 0x000000eaef700000,0x000000eaef800000] [id=18048]

Threads with active compile tasks:

VM state:not at safepoint (normal execution)

VM Mutex/Monitor currently owned by a thread: None

Heap address: 0x0000000700c00000, size: 4084 MB, Compressed Oops mode: Zero based, Oop shift amount: 3
Narrow klass base: 0x0000000800000000, Narrow klass shift: 3
Compressed class space size: 1073741824 Address: 0x00000008011a0000

Heap:
 garbage-first heap   total 262144K, used 37470K [0x0000000700c00000, 0x0000000800000000)
  region size 1024K, 38 young (38912K), 3 survivors (3072K)
 Metaspace       used 10145K, capacity 12068K, committed 12288K, reserved 1060864K
  class space    used 778K, capacity 1002K, committed 1024K, reserved 1048576K
Heap Regions: E=young(eden), S=young(survivor), O=old, HS=humongous(starts), HC=humongous(continues), CS=collection set, F=free, A=archive, TAMS=top-at-mark-start (previous, next)
|   0|0x0000000700c00000, 0x0000000700d00000, 0x0000000700d00000|100%|HS|  |TAMS 0x0000000700c00000, 0x0000000700c00000| Complete 
|   1|0x0000000700d00000, 0x0000000700d00000, 0x0000000700e00000|  0%| F|  |TAMS 0x0000000700d00000, 0x0000000700d00000| Untracked 
|   2|0x0000000700e00000, 0x0000000700e00000, 0x0000000700f00000|  0%| F|  |TAMS 0x0000000700e00000, 0x0000000700e00000| Untracked 
|   3|0x0000000700f00000, 0x0000000700f00000, 0x0000000701000000|  0%| F|  |TAMS 0x0000000700f00000, 0x0000000700f00000| Untracked 
|   4|0x0000000701000000, 0x0000000701000000, 0x0000000701100000|  0%| F|  |TAMS 0x0000000701000000, 0x0000000701000000| Untracked 
|   5|0x0000000701100000, 0x0000000701100000, 0x0000000701200000|  0%| F|  |TAMS 0x0000000701100000, 0x0000000701100000| Untracked 
|   6|0x0000000701200000, 0x0000000701200000, 0x0000000701300000|  0%| F|  |TAMS 0x0000000701200000, 0x0000000701200000| Untracked 
|   7|0x0000000701300000, 0x0000000701300000, 0x0000000701400000|  0%| F|  |TAMS 0x0000000701300000, 0x0000000701300000| Untracked 
|   8|0x0000000701400000, 0x0000000701400000, 0x0000000701500000|  0%| F|  |TAMS 0x0000000701400000, 0x0000000701400000| Untracked 
|   9|0x0000000701500000, 0x0000000701500000, 0x0000000701600000|  0%| F|  |TAMS 0x0000000701500000, 0x0000000701500000| Untracked 
|  10|0x0000000701600000, 0x0000000701600000, 0x0000000701700000|  0%| F|  |TAMS 0x0000000701600000, 0x0000000701600000| Untracked 
|  11|0x0000000701700000, 0x0000000701700000, 0x0000000701800000|  0%| F|  |TAMS 0x0000000701700000, 0x0000000701700000| Untracked 
|  12|0x0000000701800000, 0x0000000701800000, 0x0000000701900000|  0%| F|  |TAMS 0x0000000701800000, 0x0000000701800000| Untracked 
|  13|0x0000000701900000, 0x0000000701900000, 0x0000000701a00000|  0%| F|  |TAMS 0x0000000701900000, 0x0000000701900000| Untracked 
|  14|0x0000000701a00000, 0x0000000701a00000, 0x0000000701b00000|  0%| F|  |TAMS 0x0000000701a00000, 0x0000000701a00000| Untracked 
|  15|0x0000000701b00000, 0x0000000701b00000, 0x0000000701c00000|  0%| F|  |TAMS 0x0000000701b00000, 0x0000000701b00000| Untracked 
|  16|0x0000000701c00000, 0x0000000701c00000, 0x0000000701d00000|  0%| F|  |TAMS 0x0000000701c00000, 0x0000000701c00000| Untracked 
|  17|0x0000000701d00000, 0x0000000701d00000, 0x0000000701e00000|  0%| F|  |TAMS 0x0000000701d00000, 0x0000000701d00000| Untracked 
|  18|0x0000000701e00000, 0x0000000701e00000, 0x0000000701f00000|  0%| F|  |TAMS 0x0000000701e00000, 0x0000000701e00000| Untracked 
|  19|0x0000000701f00000, 0x0000000701f00000, 0x0000000702000000|  0%| F|  |TAMS 0x0000000701f00000, 0x0000000701f00000| Untracked 
|  20|0x0000000702000000, 0x0000000702000000, 0x0000000702100000|  0%| F|  |TAMS 0x0000000702000000, 0x0000000702000000| Untracked 
|  21|0x0000000702100000, 0x0000000702100000, 0x0000000702200000|  0%| F|  |TAMS 0x0000000702100000, 0x0000000702100000| Untracked 
|  22|0x0000000702200000, 0x0000000702200000, 0x0000000702300000|  0%| F|  |TAMS 0x0000000702200000, 0x0000000702200000| Untracked 
|  23|0x0000000702300000, 0x0000000702300000, 0x0000000702400000|  0%| F|  |TAMS 0x0000000702300000, 0x0000000702300000| Untracked 
|  24|0x0000000702400000, 0x0000000702400000, 0x0000000702500000|  0%| F|  |TAMS 0x0000000702400000, 0x0000000702400000| Untracked 
|  25|0x0000000702500000, 0x0000000702500000, 0x0000000702600000|  0%| F|  |TAMS 0x0000000702500000, 0x0000000702500000| Untracked 
|  26|0x0000000702600000, 0x0000000702600000, 0x0000000702700000|  0%| F|  |TAMS 0x0000000702600000, 0x0000000702600000| Untracked 
|  27|0x0000000702700000, 0x0000000702700000, 0x0000000702800000|  0%| F|  |TAMS 0x0000000702700000, 0x0000000702700000| Untracked 
|  28|0x0000000702800000, 0x0000000702800000, 0x0000000702900000|  0%| F|  |TAMS 0x0000000702800000, 0x0000000702800000| Untracked 
|  29|0x0000000702900000, 0x0000000702900000, 0x0000000702a00000|  0%| F|  |TAMS 0x0000000702900000, 0x0000000702900000| Untracked 
|  30|0x0000000702a00000, 0x0000000702a00000, 0x0000000702b00000|  0%| F|  |TAMS 0x0000000702a00000, 0x0000000702a00000| Untracked 
|  31|0x0000000702b00000, 0x0000000702b00000, 0x0000000702c00000|  0%| F|  |TAMS 0x0000000702b00000, 0x0000000702b00000| Untracked 
|  32|0x0000000702c00000, 0x0000000702c00000, 0x0000000702d00000|  0%| F|  |TAMS 0x0000000702c00000, 0x0000000702c00000| Untracked 
|  33|0x0000000702d00000, 0x0000000702d00000, 0x0000000702e00000|  0%| F|  |TAMS 0x0000000702d00000, 0x0000000702d00000| Untracked 
|  34|0x0000000702e00000, 0x0000000702e00000, 0x0000000702f00000|  0%| F|  |TAMS 0x0000000702e00000, 0x0000000702e00000| Untracked 
|  35|0x0000000702f00000, 0x0000000702f00000, 0x0000000703000000|  0%| F|  |TAMS 0x0000000702f00000, 0x0000000702f00000| Untracked 
|  36|0x0000000703000000, 0x0000000703000000, 0x0000000703100000|  0%| F|  |TAMS 0x0000000703000000, 0x0000000703000000| Untracked 
|  37|0x0000000703100000, 0x0000000703100000, 0x0000000703200000|  0%| F|  |TAMS 0x0000000703100000, 0x0000000703100000| Untracked 
|  38|0x0000000703200000, 0x0000000703200000, 0x0000000703300000|  0%| F|  |TAMS 0x0000000703200000, 0x0000000703200000| Untracked 
|  39|0x0000000703300000, 0x0000000703300000, 0x0000000703400000|  0%| F|  |TAMS 0x0000000703300000, 0x0000000703300000| Untracked 
|  40|0x0000000703400000, 0x0000000703400000, 0x0000000703500000|  0%| F|  |TAMS 0x0000000703400000, 0x0000000703400000| Untracked 
|  41|0x0000000703500000, 0x0000000703500000, 0x0000000703600000|  0%| F|  |TAMS 0x0000000703500000, 0x0000000703500000| Untracked 
|  42|0x0000000703600000, 0x0000000703600000, 0x0000000703700000|  0%| F|  |TAMS 0x0000000703600000, 0x0000000703600000| Untracked 
|  43|0x0000000703700000, 0x0000000703700000, 0x0000000703800000|  0%| F|  |TAMS 0x0000000703700000, 0x0000000703700000| Untracked 
|  44|0x0000000703800000, 0x0000000703800000, 0x0000000703900000|  0%| F|  |TAMS 0x0000000703800000, 0x0000000703800000| Untracked 
|  45|0x0000000703900000, 0x0000000703900000, 0x0000000703a00000|  0%| F|  |TAMS 0x0000000703900000, 0x0000000703900000| Untracked 
|  46|0x0000000703a00000, 0x0000000703a00000, 0x0000000703b00000|  0%| F|  |TAMS 0x0000000703a00000, 0x0000000703a00000| Untracked 
|  47|0x0000000703b00000, 0x0000000703b00000, 0x0000000703c00000|  0%| F|  |TAMS 0x0000000703b00000, 0x0000000703b00000| Untracked 
|  48|0x0000000703c00000, 0x0000000703c00000, 0x0000000703d00000|  0%| F|  |TAMS 0x0000000703c00000, 0x0000000703c00000| Untracked 
|  49|0x0000000703d00000, 0x0000000703d00000, 0x0000000703e00000|  0%| F|  |TAMS 0x0000000703d00000, 0x0000000703d00000| Untracked 
|  50|0x0000000703e00000, 0x0000000703e00000, 0x0000000703f00000|  0%| F|  |TAMS 0x0000000703e00000, 0x0000000703e00000| Untracked 
|  51|0x0000000703f00000, 0x0000000703f00000, 0x0000000704000000|  0%| F|  |TAMS 0x0000000703f00000, 0x0000000703f00000| Untracked 
|  52|0x0000000704000000, 0x0000000704000000, 0x0000000704100000|  0%| F|  |TAMS 0x0000000704000000, 0x0000000704000000| Untracked 
|  53|0x0000000704100000, 0x0000000704100000, 0x0000000704200000|  0%| F|  |TAMS 0x0000000704100000, 0x0000000704100000| Untracked 
|  54|0x0000000704200000, 0x0000000704200000, 0x0000000704300000|  0%| F|  |TAMS 0x0000000704200000, 0x0000000704200000| Untracked 
|  55|0x0000000704300000, 0x0000000704300000, 0x0000000704400000|  0%| F|  |TAMS 0x0000000704300000, 0x0000000704300000| Untracked 
|  56|0x0000000704400000, 0x0000000704400000, 0x0000000704500000|  0%| F|  |TAMS 0x0000000704400000, 0x0000000704400000| Untracked 
|  57|0x0000000704500000, 0x0000000704500000, 0x0000000704600000|  0%| F|  |TAMS 0x0000000704500000, 0x0000000704500000| Untracked 
|  58|0x0000000704600000, 0x0000000704600000, 0x0000000704700000|  0%| F|  |TAMS 0x0000000704600000, 0x0000000704600000| Untracked 
|  59|0x0000000704700000, 0x0000000704700000, 0x0000000704800000|  0%| F|  |TAMS 0x0000000704700000, 0x0000000704700000| Untracked 
|  60|0x0000000704800000, 0x0000000704800000, 0x0000000704900000|  0%| F|  |TAMS 0x0000000704800000, 0x0000000704800000| Untracked 
|  61|0x0000000704900000, 0x0000000704900000, 0x0000000704a00000|  0%| F|  |TAMS 0x0000000704900000, 0x0000000704900000| Untracked 
|  62|0x0000000704a00000, 0x0000000704a00000, 0x0000000704b00000|  0%| F|  |TAMS 0x0000000704a00000, 0x0000000704a00000| Untracked 
|  63|0x0000000704b00000, 0x0000000704b00000, 0x0000000704c00000|  0%| F|  |TAMS 0x0000000704b00000, 0x0000000704b00000| Untracked 
|  64|0x0000000704c00000, 0x0000000704c00000, 0x0000000704d00000|  0%| F|  |TAMS 0x0000000704c00000, 0x0000000704c00000| Untracked 
|  65|0x0000000704d00000, 0x0000000704d00000, 0x0000000704e00000|  0%| F|  |TAMS 0x0000000704d00000, 0x0000000704d00000| Untracked 
|  66|0x0000000704e00000, 0x0000000704e00000, 0x0000000704f00000|  0%| F|  |TAMS 0x0000000704e00000, 0x0000000704e00000| Untracked 
|  67|0x0000000704f00000, 0x0000000704f00000, 0x0000000705000000|  0%| F|  |TAMS 0x0000000704f00000, 0x0000000704f00000| Untracked 
|  68|0x0000000705000000, 0x0000000705000000, 0x0000000705100000|  0%| F|  |TAMS 0x0000000705000000, 0x0000000705000000| Untracked 
|  69|0x0000000705100000, 0x0000000705100000, 0x0000000705200000|  0%| F|  |TAMS 0x0000000705100000, 0x0000000705100000| Untracked 
|  70|0x0000000705200000, 0x0000000705200000, 0x0000000705300000|  0%| F|  |TAMS 0x0000000705200000, 0x0000000705200000| Untracked 
|  71|0x0000000705300000, 0x0000000705300000, 0x0000000705400000|  0%| F|  |TAMS 0x0000000705300000, 0x0000000705300000| Untracked 
|  72|0x0000000705400000, 0x0000000705400000, 0x0000000705500000|  0%| F|  |TAMS 0x0000000705400000, 0x0000000705400000| Untracked 
|  73|0x0000000705500000, 0x0000000705500000, 0x0000000705600000|  0%| F|  |TAMS 0x0000000705500000, 0x0000000705500000| Untracked 
|  74|0x0000000705600000, 0x0000000705600000, 0x0000000705700000|  0%| F|  |TAMS 0x0000000705600000, 0x0000000705600000| Untracked 
|  75|0x0000000705700000, 0x0000000705700000, 0x0000000705800000|  0%| F|  |TAMS 0x0000000705700000, 0x0000000705700000| Untracked 
|  76|0x0000000705800000, 0x0000000705800000, 0x0000000705900000|  0%| F|  |TAMS 0x0000000705800000, 0x0000000705800000| Untracked 
|  77|0x0000000705900000, 0x0000000705900000, 0x0000000705a00000|  0%| F|  |TAMS 0x0000000705900000, 0x0000000705900000| Untracked 
|  78|0x0000000705a00000, 0x0000000705a00000, 0x0000000705b00000|  0%| F|  |TAMS 0x0000000705a00000, 0x0000000705a00000| Untracked 
|  79|0x0000000705b00000, 0x0000000705b00000, 0x0000000705c00000|  0%| F|  |TAMS 0x0000000705b00000, 0x0000000705b00000| Untracked 
|  80|0x0000000705c00000, 0x0000000705c00000, 0x0000000705d00000|  0%| F|  |TAMS 0x0000000705c00000, 0x0000000705c00000| Untracked 
|  81|0x0000000705d00000, 0x0000000705d00000, 0x0000000705e00000|  0%| F|  |TAMS 0x0000000705d00000, 0x0000000705d00000| Untracked 
|  82|0x0000000705e00000, 0x0000000705e00000, 0x0000000705f00000|  0%| F|  |TAMS 0x0000000705e00000, 0x0000000705e00000| Untracked 
|  83|0x0000000705f00000, 0x0000000705f00000, 0x0000000706000000|  0%| F|  |TAMS 0x0000000705f00000, 0x0000000705f00000| Untracked 
|  84|0x0000000706000000, 0x0000000706000000, 0x0000000706100000|  0%| F|  |TAMS 0x0000000706000000, 0x0000000706000000| Untracked 
|  85|0x0000000706100000, 0x0000000706100000, 0x0000000706200000|  0%| F|  |TAMS 0x0000000706100000, 0x0000000706100000| Untracked 
|  86|0x0000000706200000, 0x0000000706200000, 0x0000000706300000|  0%| F|  |TAMS 0x0000000706200000, 0x0000000706200000| Untracked 
|  87|0x0000000706300000, 0x0000000706300000, 0x0000000706400000|  0%| F|  |TAMS 0x0000000706300000, 0x0000000706300000| Untracked 
|  88|0x0000000706400000, 0x0000000706400000, 0x0000000706500000|  0%| F|  |TAMS 0x0000000706400000, 0x0000000706400000| Untracked 
|  89|0x0000000706500000, 0x0000000706500000, 0x0000000706600000|  0%| F|  |TAMS 0x0000000706500000, 0x0000000706500000| Untracked 
|  90|0x0000000706600000, 0x0000000706600000, 0x0000000706700000|  0%| F|  |TAMS 0x0000000706600000, 0x0000000706600000| Untracked 
|  91|0x0000000706700000, 0x0000000706700000, 0x0000000706800000|  0%| F|  |TAMS 0x0000000706700000, 0x0000000706700000| Untracked 
|  92|0x0000000706800000, 0x0000000706800000, 0x0000000706900000|  0%| F|  |TAMS 0x0000000706800000, 0x0000000706800000| Untracked 
|  93|0x0000000706900000, 0x0000000706900000, 0x0000000706a00000|  0%| F|  |TAMS 0x0000000706900000, 0x0000000706900000| Untracked 
|  94|0x0000000706a00000, 0x0000000706a00000, 0x0000000706b00000|  0%| F|  |TAMS 0x0000000706a00000, 0x0000000706a00000| Untracked 
|  95|0x0000000706b00000, 0x0000000706b00000, 0x0000000706c00000|  0%| F|  |TAMS 0x0000000706b00000, 0x0000000706b00000| Untracked 
|  96|0x0000000706c00000, 0x0000000706c00000, 0x0000000706d00000|  0%| F|  |TAMS 0x0000000706c00000, 0x0000000706c00000| Untracked 
|  97|0x0000000706d00000, 0x0000000706d00000, 0x0000000706e00000|  0%| F|  |TAMS 0x0000000706d00000, 0x0000000706d00000| Untracked 
|  98|0x0000000706e00000, 0x0000000706e00000, 0x0000000706f00000|  0%| F|  |TAMS 0x0000000706e00000, 0x0000000706e00000| Untracked 
|  99|0x0000000706f00000, 0x0000000706f00000, 0x0000000707000000|  0%| F|  |TAMS 0x0000000706f00000, 0x0000000706f00000| Untracked 
| 100|0x0000000707000000, 0x0000000707000000, 0x0000000707100000|  0%| F|  |TAMS 0x0000000707000000, 0x0000000707000000| Untracked 
| 101|0x0000000707100000, 0x0000000707100000, 0x0000000707200000|  0%| F|  |TAMS 0x0000000707100000, 0x0000000707100000| Untracked 
| 102|0x0000000707200000, 0x0000000707200000, 0x0000000707300000|  0%| F|  |TAMS 0x0000000707200000, 0x0000000707200000| Untracked 
| 103|0x0000000707300000, 0x0000000707300000, 0x0000000707400000|  0%| F|  |TAMS 0x0000000707300000, 0x0000000707300000| Untracked 
| 104|0x0000000707400000, 0x0000000707400000, 0x0000000707500000|  0%| F|  |TAMS 0x0000000707400000, 0x0000000707400000| Untracked 
| 105|0x0000000707500000, 0x0000000707500000, 0x0000000707600000|  0%| F|  |TAMS 0x0000000707500000, 0x0000000707500000| Untracked 
| 106|0x0000000707600000, 0x0000000707600000, 0x0000000707700000|  0%| F|  |TAMS 0x0000000707600000, 0x0000000707600000| Untracked 
| 107|0x0000000707700000, 0x0000000707700000, 0x0000000707800000|  0%| F|  |TAMS 0x0000000707700000, 0x0000000707700000| Untracked 
| 108|0x0000000707800000, 0x0000000707800000, 0x0000000707900000|  0%| F|  |TAMS 0x0000000707800000, 0x0000000707800000| Untracked 
| 109|0x0000000707900000, 0x0000000707900000, 0x0000000707a00000|  0%| F|  |TAMS 0x0000000707900000, 0x0000000707900000| Untracked 
| 110|0x0000000707a00000, 0x0000000707a00000, 0x0000000707b00000|  0%| F|  |TAMS 0x0000000707a00000, 0x0000000707a00000| Untracked 
| 111|0x0000000707b00000, 0x0000000707b00000, 0x0000000707c00000|  0%| F|  |TAMS 0x0000000707b00000, 0x0000000707b00000| Untracked 
| 112|0x0000000707c00000, 0x0000000707c00000, 0x0000000707d00000|  0%| F|  |TAMS 0x0000000707c00000, 0x0000000707c00000| Untracked 
| 113|0x0000000707d00000, 0x0000000707d00000, 0x0000000707e00000|  0%| F|  |TAMS 0x0000000707d00000, 0x0000000707d00000| Untracked 
| 114|0x0000000707e00000, 0x0000000707e00000, 0x0000000707f00000|  0%| F|  |TAMS 0x0000000707e00000, 0x0000000707e00000| Untracked 
| 115|0x0000000707f00000, 0x0000000707f00000, 0x0000000708000000|  0%| F|  |TAMS 0x0000000707f00000, 0x0000000707f00000| Untracked 
| 116|0x0000000708000000, 0x0000000708000000, 0x0000000708100000|  0%| F|  |TAMS 0x0000000708000000, 0x0000000708000000| Untracked 
| 117|0x0000000708100000, 0x0000000708100000, 0x0000000708200000|  0%| F|  |TAMS 0x0000000708100000, 0x0000000708100000| Untracked 
| 118|0x0000000708200000, 0x0000000708200000, 0x0000000708300000|  0%| F|  |TAMS 0x0000000708200000, 0x0000000708200000| Untracked 
| 119|0x0000000708300000, 0x0000000708300000, 0x0000000708400000|  0%| F|  |TAMS 0x0000000708300000, 0x0000000708300000| Untracked 
| 120|0x0000000708400000, 0x0000000708400000, 0x0000000708500000|  0%| F|  |TAMS 0x0000000708400000, 0x0000000708400000| Untracked 
| 121|0x0000000708500000, 0x0000000708500000, 0x0000000708600000|  0%| F|  |TAMS 0x0000000708500000, 0x0000000708500000| Untracked 
| 122|0x0000000708600000, 0x0000000708600000, 0x0000000708700000|  0%| F|  |TAMS 0x0000000708600000, 0x0000000708600000| Untracked 
| 123|0x0000000708700000, 0x0000000708700000, 0x0000000708800000|  0%| F|  |TAMS 0x0000000708700000, 0x0000000708700000| Untracked 
| 124|0x0000000708800000, 0x0000000708800000, 0x0000000708900000|  0%| F|  |TAMS 0x0000000708800000, 0x0000000708800000| Untracked 
| 125|0x0000000708900000, 0x0000000708900000, 0x0000000708a00000|  0%| F|  |TAMS 0x0000000708900000, 0x0000000708900000| Untracked 
| 126|0x0000000708a00000, 0x0000000708a00000, 0x0000000708b00000|  0%| F|  |TAMS 0x0000000708a00000, 0x0000000708a00000| Untracked 
| 127|0x0000000708b00000, 0x0000000708b00000, 0x0000000708c00000|  0%| F|  |TAMS 0x0000000708b00000, 0x0000000708b00000| Untracked 
| 128|0x0000000708c00000, 0x0000000708c00000, 0x0000000708d00000|  0%| F|  |TAMS 0x0000000708c00000, 0x0000000708c00000| Untracked 
| 129|0x0000000708d00000, 0x0000000708d00000, 0x0000000708e00000|  0%| F|  |TAMS 0x0000000708d00000, 0x0000000708d00000| Untracked 
| 130|0x0000000708e00000, 0x0000000708e00000, 0x0000000708f00000|  0%| F|  |TAMS 0x0000000708e00000, 0x0000000708e00000| Untracked 
| 131|0x0000000708f00000, 0x0000000708f00000, 0x0000000709000000|  0%| F|  |TAMS 0x0000000708f00000, 0x0000000708f00000| Untracked 
| 132|0x0000000709000000, 0x0000000709000000, 0x0000000709100000|  0%| F|  |TAMS 0x0000000709000000, 0x0000000709000000| Untracked 
| 133|0x0000000709100000, 0x0000000709100000, 0x0000000709200000|  0%| F|  |TAMS 0x0000000709100000, 0x0000000709100000| Untracked 
| 134|0x0000000709200000, 0x0000000709200000, 0x0000000709300000|  0%| F|  |TAMS 0x0000000709200000, 0x0000000709200000| Untracked 
| 135|0x0000000709300000, 0x0000000709300000, 0x0000000709400000|  0%| F|  |TAMS 0x0000000709300000, 0x0000000709300000| Untracked 
| 136|0x0000000709400000, 0x0000000709400000, 0x0000000709500000|  0%| F|  |TAMS 0x0000000709400000, 0x0000000709400000| Untracked 
| 137|0x0000000709500000, 0x0000000709500000, 0x0000000709600000|  0%| F|  |TAMS 0x0000000709500000, 0x0000000709500000| Untracked 
| 138|0x0000000709600000, 0x0000000709600000, 0x0000000709700000|  0%| F|  |TAMS 0x0000000709600000, 0x0000000709600000| Untracked 
| 139|0x0000000709700000, 0x0000000709700000, 0x0000000709800000|  0%| F|  |TAMS 0x0000000709700000, 0x0000000709700000| Untracked 
| 140|0x0000000709800000, 0x0000000709800000, 0x0000000709900000|  0%| F|  |TAMS 0x0000000709800000, 0x0000000709800000| Untracked 
| 141|0x0000000709900000, 0x0000000709900000, 0x0000000709a00000|  0%| F|  |TAMS 0x0000000709900000, 0x0000000709900000| Untracked 
| 142|0x0000000709a00000, 0x0000000709a00000, 0x0000000709b00000|  0%| F|  |TAMS 0x0000000709a00000, 0x0000000709a00000| Untracked 
| 143|0x0000000709b00000, 0x0000000709b00000, 0x0000000709c00000|  0%| F|  |TAMS 0x0000000709b00000, 0x0000000709b00000| Untracked 
| 144|0x0000000709c00000, 0x0000000709c00000, 0x0000000709d00000|  0%| F|  |TAMS 0x0000000709c00000, 0x0000000709c00000| Untracked 
| 145|0x0000000709d00000, 0x0000000709d00000, 0x0000000709e00000|  0%| F|  |TAMS 0x0000000709d00000, 0x0000000709d00000| Untracked 
| 146|0x0000000709e00000, 0x0000000709e00000, 0x0000000709f00000|  0%| F|  |TAMS 0x0000000709e00000, 0x0000000709e00000| Untracked 
| 147|0x0000000709f00000, 0x0000000709f00000, 0x000000070a000000|  0%| F|  |TAMS 0x0000000709f00000, 0x0000000709f00000| Untracked 
| 148|0x000000070a000000, 0x000000070a000000, 0x000000070a100000|  0%| F|  |TAMS 0x000000070a000000, 0x000000070a000000| Untracked 
| 149|0x000000070a100000, 0x000000070a100000, 0x000000070a200000|  0%| F|  |TAMS 0x000000070a100000, 0x000000070a100000| Untracked 
| 150|0x000000070a200000, 0x000000070a200000, 0x000000070a300000|  0%| F|  |TAMS 0x000000070a200000, 0x000000070a200000| Untracked 
| 151|0x000000070a300000, 0x000000070a300000, 0x000000070a400000|  0%| F|  |TAMS 0x000000070a300000, 0x000000070a300000| Untracked 
| 152|0x000000070a400000, 0x000000070a400000, 0x000000070a500000|  0%| F|  |TAMS 0x000000070a400000, 0x000000070a400000| Untracked 
| 153|0x000000070a500000, 0x000000070a500000, 0x000000070a600000|  0%| F|  |TAMS 0x000000070a500000, 0x000000070a500000| Untracked 
| 154|0x000000070a600000, 0x000000070a600000, 0x000000070a700000|  0%| F|  |TAMS 0x000000070a600000, 0x000000070a600000| Untracked 
| 155|0x000000070a700000, 0x000000070a700000, 0x000000070a800000|  0%| F|  |TAMS 0x000000070a700000, 0x000000070a700000| Untracked 
| 156|0x000000070a800000, 0x000000070a800000, 0x000000070a900000|  0%| F|  |TAMS 0x000000070a800000, 0x000000070a800000| Untracked 
| 157|0x000000070a900000, 0x000000070a900000, 0x000000070aa00000|  0%| F|  |TAMS 0x000000070a900000, 0x000000070a900000| Untracked 
| 158|0x000000070aa00000, 0x000000070aa00000, 0x000000070ab00000|  0%| F|  |TAMS 0x000000070aa00000, 0x000000070aa00000| Untracked 
| 159|0x000000070ab00000, 0x000000070ab00000, 0x000000070ac00000|  0%| F|  |TAMS 0x000000070ab00000, 0x000000070ab00000| Untracked 
| 160|0x000000070ac00000, 0x000000070ac00000, 0x000000070ad00000|  0%| F|  |TAMS 0x000000070ac00000, 0x000000070ac00000| Untracked 
| 161|0x000000070ad00000, 0x000000070ad00000, 0x000000070ae00000|  0%| F|  |TAMS 0x000000070ad00000, 0x000000070ad00000| Untracked 
| 162|0x000000070ae00000, 0x000000070ae00000, 0x000000070af00000|  0%| F|  |TAMS 0x000000070ae00000, 0x000000070ae00000| Untracked 
| 163|0x000000070af00000, 0x000000070af00000, 0x000000070b000000|  0%| F|  |TAMS 0x000000070af00000, 0x000000070af00000| Untracked 
| 164|0x000000070b000000, 0x000000070b000000, 0x000000070b100000|  0%| F|  |TAMS 0x000000070b000000, 0x000000070b000000| Untracked 
| 165|0x000000070b100000, 0x000000070b100000, 0x000000070b200000|  0%| F|  |TAMS 0x000000070b100000, 0x000000070b100000| Untracked 
| 166|0x000000070b200000, 0x000000070b200000, 0x000000070b300000|  0%| F|  |TAMS 0x000000070b200000, 0x000000070b200000| Untracked 
| 167|0x000000070b300000, 0x000000070b300000, 0x000000070b400000|  0%| F|  |TAMS 0x000000070b300000, 0x000000070b300000| Untracked 
| 168|0x000000070b400000, 0x000000070b400000, 0x000000070b500000|  0%| F|  |TAMS 0x000000070b400000, 0x000000070b400000| Untracked 
| 169|0x000000070b500000, 0x000000070b500000, 0x000000070b600000|  0%| F|  |TAMS 0x000000070b500000, 0x000000070b500000| Untracked 
| 170|0x000000070b600000, 0x000000070b600000, 0x000000070b700000|  0%| F|  |TAMS 0x000000070b600000, 0x000000070b600000| Untracked 
| 171|0x000000070b700000, 0x000000070b700000, 0x000000070b800000|  0%| F|  |TAMS 0x000000070b700000, 0x000000070b700000| Untracked 
| 172|0x000000070b800000, 0x000000070b800000, 0x000000070b900000|  0%| F|  |TAMS 0x000000070b800000, 0x000000070b800000| Untracked 
| 173|0x000000070b900000, 0x000000070b900000, 0x000000070ba00000|  0%| F|  |TAMS 0x000000070b900000, 0x000000070b900000| Untracked 
| 174|0x000000070ba00000, 0x000000070ba00000, 0x000000070bb00000|  0%| F|  |TAMS 0x000000070ba00000, 0x000000070ba00000| Untracked 
| 175|0x000000070bb00000, 0x000000070bb00000, 0x000000070bc00000|  0%| F|  |TAMS 0x000000070bb00000, 0x000000070bb00000| Untracked 
| 176|0x000000070bc00000, 0x000000070bc00000, 0x000000070bd00000|  0%| F|  |TAMS 0x000000070bc00000, 0x000000070bc00000| Untracked 
| 177|0x000000070bd00000, 0x000000070bd00000, 0x000000070be00000|  0%| F|  |TAMS 0x000000070bd00000, 0x000000070bd00000| Untracked 
| 178|0x000000070be00000, 0x000000070be00000, 0x000000070bf00000|  0%| F|  |TAMS 0x000000070be00000, 0x000000070be00000| Untracked 
| 179|0x000000070bf00000, 0x000000070bf00000, 0x000000070c000000|  0%| F|  |TAMS 0x000000070bf00000, 0x000000070bf00000| Untracked 
| 180|0x000000070c000000, 0x000000070c000000, 0x000000070c100000|  0%| F|  |TAMS 0x000000070c000000, 0x000000070c000000| Untracked 
| 181|0x000000070c100000, 0x000000070c100000, 0x000000070c200000|  0%| F|  |TAMS 0x000000070c100000, 0x000000070c100000| Untracked 
| 182|0x000000070c200000, 0x000000070c200000, 0x000000070c300000|  0%| F|  |TAMS 0x000000070c200000, 0x000000070c200000| Untracked 
| 183|0x000000070c300000, 0x000000070c300000, 0x000000070c400000|  0%| F|  |TAMS 0x000000070c300000, 0x000000070c300000| Untracked 
| 184|0x000000070c400000, 0x000000070c400000, 0x000000070c500000|  0%| F|  |TAMS 0x000000070c400000, 0x000000070c400000| Untracked 
| 185|0x000000070c500000, 0x000000070c500000, 0x000000070c600000|  0%| F|  |TAMS 0x000000070c500000, 0x000000070c500000| Untracked 
| 186|0x000000070c600000, 0x000000070c600000, 0x000000070c700000|  0%| F|  |TAMS 0x000000070c600000, 0x000000070c600000| Untracked 
| 187|0x000000070c700000, 0x000000070c700000, 0x000000070c800000|  0%| F|  |TAMS 0x000000070c700000, 0x000000070c700000| Untracked 
| 188|0x000000070c800000, 0x000000070c800000, 0x000000070c900000|  0%| F|  |TAMS 0x000000070c800000, 0x000000070c800000| Untracked 
| 189|0x000000070c900000, 0x000000070c900000, 0x000000070ca00000|  0%| F|  |TAMS 0x000000070c900000, 0x000000070c900000| Untracked 
| 190|0x000000070ca00000, 0x000000070ca00000, 0x000000070cb00000|  0%| F|  |TAMS 0x000000070ca00000, 0x000000070ca00000| Untracked 
| 191|0x000000070cb00000, 0x000000070cb00000, 0x000000070cc00000|  0%| F|  |TAMS 0x000000070cb00000, 0x000000070cb00000| Untracked 
| 192|0x000000070cc00000, 0x000000070cc00000, 0x000000070cd00000|  0%| F|  |TAMS 0x000000070cc00000, 0x000000070cc00000| Untracked 
| 193|0x000000070cd00000, 0x000000070cd00000, 0x000000070ce00000|  0%| F|  |TAMS 0x000000070cd00000, 0x000000070cd00000| Untracked 
| 194|0x000000070ce00000, 0x000000070ce00000, 0x000000070cf00000|  0%| F|  |TAMS 0x000000070ce00000, 0x000000070ce00000| Untracked 
| 195|0x000000070cf00000, 0x000000070cf00000, 0x000000070d000000|  0%| F|  |TAMS 0x000000070cf00000, 0x000000070cf00000| Untracked 
| 196|0x000000070d000000, 0x000000070d000000, 0x000000070d100000|  0%| F|  |TAMS 0x000000070d000000, 0x000000070d000000| Untracked 
| 197|0x000000070d100000, 0x000000070d100000, 0x000000070d200000|  0%| F|  |TAMS 0x000000070d100000, 0x000000070d100000| Untracked 
| 198|0x000000070d200000, 0x000000070d200000, 0x000000070d300000|  0%| F|  |TAMS 0x000000070d200000, 0x000000070d200000| Untracked 
| 199|0x000000070d300000, 0x000000070d300000, 0x000000070d400000|  0%| F|  |TAMS 0x000000070d300000, 0x000000070d300000| Untracked 
| 200|0x000000070d400000, 0x000000070d400000, 0x000000070d500000|  0%| F|  |TAMS 0x000000070d400000, 0x000000070d400000| Untracked 
| 201|0x000000070d500000, 0x000000070d500000, 0x000000070d600000|  0%| F|  |TAMS 0x000000070d500000, 0x000000070d500000| Untracked 
| 202|0x000000070d600000, 0x000000070d600000, 0x000000070d700000|  0%| F|  |TAMS 0x000000070d600000, 0x000000070d600000| Untracked 
| 203|0x000000070d700000, 0x000000070d700000, 0x000000070d800000|  0%| F|  |TAMS 0x000000070d700000, 0x000000070d700000| Untracked 
| 204|0x000000070d800000, 0x000000070d800000, 0x000000070d900000|  0%| F|  |TAMS 0x000000070d800000, 0x000000070d800000| Untracked 
| 205|0x000000070d900000, 0x000000070d900000, 0x000000070da00000|  0%| F|  |TAMS 0x000000070d900000, 0x000000070d900000| Untracked 
| 206|0x000000070da00000, 0x000000070da00000, 0x000000070db00000|  0%| F|  |TAMS 0x000000070da00000, 0x000000070da00000| Untracked 
| 207|0x000000070db00000, 0x000000070db00000, 0x000000070dc00000|  0%| F|  |TAMS 0x000000070db00000, 0x000000070db00000| Untracked 
| 208|0x000000070dc00000, 0x000000070dc00000, 0x000000070dd00000|  0%| F|  |TAMS 0x000000070dc00000, 0x000000070dc00000| Untracked 
| 209|0x000000070dd00000, 0x000000070dd00000, 0x000000070de00000|  0%| F|  |TAMS 0x000000070dd00000, 0x000000070dd00000| Untracked 
| 210|0x000000070de00000, 0x000000070de00000, 0x000000070df00000|  0%| F|  |TAMS 0x000000070de00000, 0x000000070de00000| Untracked 
| 211|0x000000070df00000, 0x000000070df00000, 0x000000070e000000|  0%| F|  |TAMS 0x000000070df00000, 0x000000070df00000| Untracked 
| 212|0x000000070e000000, 0x000000070e000000, 0x000000070e100000|  0%| F|  |TAMS 0x000000070e000000, 0x000000070e000000| Untracked 
| 213|0x000000070e100000, 0x000000070e100000, 0x000000070e200000|  0%| F|  |TAMS 0x000000070e100000, 0x000000070e100000| Untracked 
| 214|0x000000070e200000, 0x000000070e200000, 0x000000070e300000|  0%| F|  |TAMS 0x000000070e200000, 0x000000070e200000| Untracked 
| 215|0x000000070e300000, 0x000000070e300000, 0x000000070e400000|  0%| F|  |TAMS 0x000000070e300000, 0x000000070e300000| Untracked 
| 216|0x000000070e400000, 0x000000070e400000, 0x000000070e500000|  0%| F|  |TAMS 0x000000070e400000, 0x000000070e400000| Untracked 
| 217|0x000000070e500000, 0x000000070e500000, 0x000000070e600000|  0%| F|  |TAMS 0x000000070e500000, 0x000000070e500000| Untracked 
| 218|0x000000070e600000, 0x000000070e700000, 0x000000070e700000|100%| E|  |TAMS 0x000000070e600000, 0x000000070e600000| Complete 
| 219|0x000000070e700000, 0x000000070e800000, 0x000000070e800000|100%| E|CS|TAMS 0x000000070e700000, 0x000000070e700000| Complete 
| 220|0x000000070e800000, 0x000000070e900000, 0x000000070e900000|100%| E|CS|TAMS 0x000000070e800000, 0x000000070e800000| Complete 
| 221|0x000000070e900000, 0x000000070ea00000, 0x000000070ea00000|100%| E|CS|TAMS 0x000000070e900000, 0x000000070e900000| Complete 
| 222|0x000000070ea00000, 0x000000070eb00000, 0x000000070eb00000|100%| E|CS|TAMS 0x000000070ea00000, 0x000000070ea00000| Complete 
| 223|0x000000070eb00000, 0x000000070ec00000, 0x000000070ec00000|100%| E|CS|TAMS 0x000000070eb00000, 0x000000070eb00000| Complete 
| 224|0x000000070ec00000, 0x000000070ed00000, 0x000000070ed00000|100%| E|CS|TAMS 0x000000070ec00000, 0x000000070ec00000| Complete 
| 225|0x000000070ed00000, 0x000000070ee00000, 0x000000070ee00000|100%| E|CS|TAMS 0x000000070ed00000, 0x000000070ed00000| Complete 
| 226|0x000000070ee00000, 0x000000070ef00000, 0x000000070ef00000|100%| E|CS|TAMS 0x000000070ee00000, 0x000000070ee00000| Complete 
| 227|0x000000070ef00000, 0x000000070f000000, 0x000000070f000000|100%| E|CS|TAMS 0x000000070ef00000, 0x000000070ef00000| Complete 
| 228|0x000000070f000000, 0x000000070f100000, 0x000000070f100000|100%| E|CS|TAMS 0x000000070f000000, 0x000000070f000000| Complete 
| 229|0x000000070f100000, 0x000000070f197920, 0x000000070f200000| 59%| S|CS|TAMS 0x000000070f100000, 0x000000070f100000| Complete 
| 230|0x000000070f200000, 0x000000070f300000, 0x000000070f300000|100%| S|CS|TAMS 0x000000070f200000, 0x000000070f200000| Complete 
| 231|0x000000070f300000, 0x000000070f400000, 0x000000070f400000|100%| S|CS|TAMS 0x000000070f300000, 0x000000070f300000| Complete 
| 232|0x000000070f400000, 0x000000070f500000, 0x000000070f500000|100%| E|  |TAMS 0x000000070f400000, 0x000000070f400000| Complete 
| 233|0x000000070f500000, 0x000000070f600000, 0x000000070f600000|100%| E|CS|TAMS 0x000000070f500000, 0x000000070f500000| Complete 
| 234|0x000000070f600000, 0x000000070f700000, 0x000000070f700000|100%| E|CS|TAMS 0x000000070f600000, 0x000000070f600000| Complete 
| 235|0x000000070f700000, 0x000000070f800000, 0x000000070f800000|100%| E|CS|TAMS 0x000000070f700000, 0x000000070f700000| Complete 
| 236|0x000000070f800000, 0x000000070f900000, 0x000000070f900000|100%| E|CS|TAMS 0x000000070f800000, 0x000000070f800000| Complete 
| 237|0x000000070f900000, 0x000000070fa00000, 0x000000070fa00000|100%| E|CS|TAMS 0x000000070f900000, 0x000000070f900000| Complete 
| 238|0x000000070fa00000, 0x000000070fb00000, 0x000000070fb00000|100%| E|CS|TAMS 0x000000070fa00000, 0x000000070fa00000| Complete 
| 239|0x000000070fb00000, 0x000000070fc00000, 0x000000070fc00000|100%| E|CS|TAMS 0x000000070fb00000, 0x000000070fb00000| Complete 
| 240|0x000000070fc00000, 0x000000070fd00000, 0x000000070fd00000|100%| E|CS|TAMS 0x000000070fc00000, 0x000000070fc00000| Complete 
| 241|0x000000070fd00000, 0x000000070fe00000, 0x000000070fe00000|100%| E|CS|TAMS 0x000000070fd00000, 0x000000070fd00000| Complete 
| 242|0x000000070fe00000, 0x000000070ff00000, 0x000000070ff00000|100%| E|CS|TAMS 0x000000070fe00000, 0x000000070fe00000| Complete 
| 243|0x000000070ff00000, 0x0000000710000000, 0x0000000710000000|100%| E|CS|TAMS 0x000000070ff00000, 0x000000070ff00000| Complete 
| 244|0x0000000710000000, 0x0000000710100000, 0x0000000710100000|100%| E|CS|TAMS 0x0000000710000000, 0x0000000710000000| Complete 
| 245|0x0000000710100000, 0x0000000710200000, 0x0000000710200000|100%| E|CS|TAMS 0x0000000710100000, 0x0000000710100000| Complete 
| 246|0x0000000710200000, 0x0000000710300000, 0x0000000710300000|100%| E|CS|TAMS 0x0000000710200000, 0x0000000710200000| Complete 
| 247|0x0000000710300000, 0x0000000710400000, 0x0000000710400000|100%| E|CS|TAMS 0x0000000710300000, 0x0000000710300000| Complete 
| 248|0x0000000710400000, 0x0000000710500000, 0x0000000710500000|100%| E|CS|TAMS 0x0000000710400000, 0x0000000710400000| Complete 
| 249|0x0000000710500000, 0x0000000710600000, 0x0000000710600000|100%| E|CS|TAMS 0x0000000710500000, 0x0000000710500000| Complete 
| 250|0x0000000710600000, 0x0000000710700000, 0x0000000710700000|100%| E|CS|TAMS 0x0000000710600000, 0x0000000710600000| Complete 
| 251|0x0000000710700000, 0x0000000710800000, 0x0000000710800000|100%| E|CS|TAMS 0x0000000710700000, 0x0000000710700000| Complete 
| 252|0x0000000710800000, 0x0000000710900000, 0x0000000710900000|100%| E|CS|TAMS 0x0000000710800000, 0x0000000710800000| Complete 
| 253|0x0000000710900000, 0x0000000710a00000, 0x0000000710a00000|100%| E|CS|TAMS 0x0000000710900000, 0x0000000710900000| Complete 
| 254|0x0000000710a00000, 0x0000000710b00000, 0x0000000710b00000|100%| E|CS|TAMS 0x0000000710a00000, 0x0000000710a00000| Complete 
| 255|0x0000000710b00000, 0x0000000710c00000, 0x0000000710c00000|100%| E|CS|TAMS 0x0000000710b00000, 0x0000000710b00000| Complete 

Card table byte_map: [0x000002b931300000,0x000002b931b00000] _byte_map_base: 0x000002b92dafa000

Marking Bits (Prev, Next): (CMBitMap*) 0x000002b916f99418, (CMBitMap*) 0x000002b916f99458
 Prev Bits: [0x000002b932300000, 0x000002b9362d0000)
 Next Bits: [0x000002b9362d0000, 0x000002b93a2a0000)

Polling page: 0x000002b916c30000

Metaspace:

Usage:
  Non-class:     10.81 MB capacity,     9.15 MB ( 85%) used,     1.65 MB ( 15%) free+waste,    13.56 KB ( <1%) overhead. 
      Class:   1002.00 KB capacity,   778.57 KB ( 78%) used,   218.05 KB ( 22%) free+waste,     5.38 KB ( <1%) overhead. 
       Both:     11.79 MB capacity,     9.91 MB ( 84%) used,     1.86 MB ( 16%) free+waste,    18.94 KB ( <1%) overhead. 

Virtual space:
  Non-class space:       12.00 MB reserved,      11.00 MB ( 92%) committed 
      Class space:        1.00 GB reserved,       1.00 MB ( <1%) committed 
             Both:        1.01 GB reserved,      12.00 MB (  1%) committed 

Chunk freelists:
   Non-Class:  8.75 KB
       Class:  2.75 KB
        Both:  11.50 KB

CodeHeap 'non-profiled nmethods': size=119168Kb used=990Kb max_used=990Kb free=118177Kb
 bounds [0x000002b9286f0000, 0x000002b928960000, 0x000002b92fb50000]
CodeHeap 'profiled nmethods': size=119168Kb used=3512Kb max_used=3512Kb free=115655Kb
 bounds [0x000002b921290000, 0x000002b921600000, 0x000002b9286f0000]
CodeHeap 'non-nmethods': size=7424Kb used=1501Kb max_used=2646Kb free=5923Kb
 bounds [0x000002b920b50000, 0x000002b920df0000, 0x000002b921290000]
 total_blobs=3245 nmethods=1684 adapters=927
 compilation: enabled
              stopped_count=0, restarted_count=0
 full_count=0

Compilation events (10 events):
Event: 10.651 Thread 0x000002b93dcd9800 1680       3       java.util.LinkedList::contains (14 bytes)
Event: 10.651 Thread 0x000002b93dcd9800 nmethod 1680 0x000002b9215fca90 code [0x000002b9215fcc60, 0x000002b9215fce70]
Event: 10.651 Thread 0x000002b93dcd9800 1681       3       com.watabou.noosa.Gizmo::isActive (35 bytes)
Event: 10.651 Thread 0x000002b93dcca000 1682       4       java.nio.CharBuffer::arrayOffset (35 bytes)
Event: 10.651 Thread 0x000002b93dcd9800 nmethod 1681 0x000002b9215fcf10 code [0x000002b9215fd100, 0x000002b9215fd610]
Event: 10.651 Thread 0x000002b93dcca000 nmethod 1682 0x000002b9287e7590 code [0x000002b9287e7720, 0x000002b9287e77d8]
Event: 10.667 Thread 0x000002b93dcd9800 1683       3       org.lwjgl.system.MemoryUtil::memAddress (13 bytes)
Event: 10.668 Thread 0x000002b93dcd9800 nmethod 1683 0x000002b9215fd710 code [0x000002b9215fd8e0, 0x000002b9215fdb98]
Event: 10.668 Thread 0x000002b93dcd9800 1684       3       com.watabou.noosa.Gizmo::destroy (6 bytes)
Event: 10.668 Thread 0x000002b93dcd9800 nmethod 1684 0x000002b9215fdd10 code [0x000002b9215fdec0, 0x000002b9215fe078]

GC Heap History (2 events):
Event: 0.808 GC heap before
{Heap before GC invocations=0 (full 0):
 garbage-first heap   total 262144K, used 23552K [0x0000000700c00000, 0x0000000800000000)
  region size 1024K, 24 young (24576K), 0 survivors (0K)
 Metaspace       used 7063K, capacity 9554K, committed 9728K, reserved 1058816K
  class space    used 439K, capacity 698K, committed 768K, reserved 1048576K
}
Event: 0.811 GC heap after
{Heap after GC invocations=1 (full 0):
 garbage-first heap   total 262144K, used 2654K [0x0000000700c00000, 0x0000000800000000)
  region size 1024K, 3 young (3072K), 3 survivors (3072K)
 Metaspace       used 7063K, capacity 9554K, committed 9728K, reserved 1058816K
  class space    used 439K, capacity 698K, committed 768K, reserved 1048576K
}

Deoptimization events (10 events):
Event: 7.656 Thread 0x000002b916f31000 Uncommon trap: reason=unstable_if action=reinterpret pc=0x000002b9287aa370 method=com.badlogic.gdx.utils.Pool.obtain()Ljava/lang/Object; @ 7 c2
Event: 7.656 Thread 0x000002b916f31000 Uncommon trap: reason=unstable_if action=reinterpret pc=0x000002b9287b645c method=com.badlogic.gdx.graphics.g2d.freetype.FreeTypeFontGenerator$FreeTypeBitmapFontData.getGlyph(C)Lcom/badlogic/gdx/graphics/g2d/BitmapFont$Glyph; @ 7 c2
Event: 7.656 Thread 0x000002b916f31000 Uncommon trap: reason=unstable_if action=reinterpret pc=0x000002b92879beac method=com.badlogic.gdx.graphics.g2d.freetype.FreeTypeFontGenerator$FreeTypeBitmapFontData.getGlyph(C)Lcom/badlogic/gdx/graphics/g2d/BitmapFont$Glyph; @ 7 c2
Event: 7.680 Thread 0x000002b916f31000 Uncommon trap: reason=unstable_if action=reinterpret pc=0x000002b9287afe00 method=com.watabou.noosa.Group.update()V @ 37 c2
Event: 7.697 Thread 0x000002b916f31000 Uncommon trap: reason=unstable_if action=reinterpret pc=0x000002b92879e00c method=com.watabou.noosa.NoosaScript.camera(Lcom/watabou/noosa/Camera;)V @ 43 c2
Event: 7.698 Thread 0x000002b916f31000 Uncommon trap: reason=unstable_if action=reinterpret pc=0x000002b9287a0960 method=com.watabou.noosa.Visual.draw()V @ 33 c2
Event: 7.698 Thread 0x000002b916f31000 Uncommon trap: reason=unstable_if action=reinterpret pc=0x000002b9287b91b4 method=com.watabou.noosa.RenderedText$TextRenderBatch.draw(Lcom/badlogic/gdx/graphics/Texture;[FII)V @ 19 c2
Event: 7.698 Thread 0x000002b916f31000 Uncommon trap: reason=unstable_if action=reinterpret pc=0x000002b9287b50ec method=com.badlogic.gdx.graphics.g2d.BitmapFontCache.requirePageGlyphs(II)V @ 65 c2
Event: 7.698 Thread 0x000002b916f31000 Uncommon trap: reason=unstable_if action=reinterpret pc=0x000002b9287aed88 method=com.watabou.noosa.Visual.updateMatrix()V @ 108 c2
Event: 7.699 Thread 0x000002b916f31000 Uncommon trap: reason=unstable_if action=reinterpret pc=0x000002b92879c668 method=com.watabou.noosa.Gizmo.isVisible()Z @ 16 c2

Classes redefined (0 events):
No events

Internal exceptions (10 events):
Event: 0.178 Thread 0x000002b916f31000 Exception <a 'java/lang/NoSuchMethodError'{0x00000007105adc28}: java.lang.invoke.DelegatingMethodHandle$Holder.delegate(Ljava/lang/Object;Ljava/lang/Object;ILjava/lang/Object;)V> (0x00000007105adc28) thrown at [t:/workspace/open/src/hotspot/share/interpre
Event: 0.179 Thread 0x000002b916f31000 Exception <a 'java/lang/NoSuchMethodError'{0x00000007105b49c0}: java.lang.invoke.DirectMethodHandle$Holder.invokeStaticInit(Ljava/lang/Object;Ljava/lang/Object;Ljava/lang/Object;)Ljava/lang/Object;> (0x00000007105b49c0) thrown at [t:/workspace/open/src/ho
Event: 0.468 Thread 0x000002b916f31000 Exception <a 'java/lang/NoSuchMethodError'{0x000000070ff01a28}: java.lang.invoke.DirectMethodHandle$Holder.invokeSpecialIFC(Ljava/lang/Object;Ljava/lang/Object;I)I> (0x000000070ff01a28) thrown at [t:/workspace/open/src/hotspot/share/interpreter/linkResolv
Event: 0.691 Thread 0x000002b916f31000 Exception <a 'sun/nio/fs/WindowsException'{0x000000070fd91ef8}> (0x000000070fd91ef8) thrown at [t:/workspace/open/src/hotspot/share/prims/jni.cpp, line 615]
Event: 0.691 Thread 0x000002b916f31000 Exception <a 'sun/nio/fs/WindowsException'{0x000000070fd923d0}> (0x000000070fd923d0) thrown at [t:/workspace/open/src/hotspot/share/prims/jni.cpp, line 615]
Event: 1.271 Thread 0x000002b916f31000 Exception <a 'java/io/FileNotFoundException'{0x000000070eaa64c0}> (0x000000070eaa64c0) thrown at [t:/workspace/open/src/hotspot/share/prims/jni.cpp, line 615]
Event: 1.277 Thread 0x000002b916f31000 Exception <a 'java/io/FileNotFoundException'{0x000000070eab65b0}> (0x000000070eab65b0) thrown at [t:/workspace/open/src/hotspot/share/prims/jni.cpp, line 615]
Event: 1.281 Thread 0x000002b916f31000 Exception <a 'java/io/FileNotFoundException'{0x000000070eabde90}> (0x000000070eabde90) thrown at [t:/workspace/open/src/hotspot/share/prims/jni.cpp, line 615]
Event: 7.698 Thread 0x000002b916f31000 Implicit null exception at 0x000002b9287b783b to 0x000002b9287b9191
Event: 7.698 Thread 0x000002b916f31000 Implicit null exception at 0x000002b9287b46e4 to 0x000002b9287b50ae

Events (10 events):
Event: 7.698 Thread 0x000002b916f31000 DEOPT UNPACKING pc=0x000002b920b79c2f sp=0x000000eaef2feed8 mode 2
Event: 7.699 Thread 0x000002b916f31000 Uncommon trap: trap_request=0xffffff4d fr.pc=0x000002b92879c668 relative=0x00000000000000a8
Event: 7.699 Thread 0x000002b916f31000 DEOPT PACKING pc=0x000002b92879c668 sp=0x000000eaef2ff080
Event: 7.699 Thread 0x000002b916f31000 DEOPT UNPACKING pc=0x000002b920b79c2f sp=0x000000eaef2ff018 mode 2
Event: 10.584 loading class com/watabou/utils/GameMath
Event: 10.584 loading class com/watabou/utils/GameMath done
Event: 10.669 loading class com/badlogic/gdx/utils/LongMap$Values
Event: 10.669 loading class com/badlogic/gdx/utils/LongMap$Values done
Event: 10.669 loading class com/badlogic/gdx/utils/LongMap$MapIterator
Event: 10.669 loading class com/badlogic/gdx/utils/LongMap$MapIterator done


Dynamic libraries:
0x00007ff6de0a0000 - 0x00007ff6de0af000 	C:\Program Files\Java\jdk-12.0.1\bin\java.exe
0x00007ffce8ea0000 - 0x00007ffce9090000 	C:\WINDOWS\SYSTEM32\ntdll.dll
0x00007ffce6f50000 - 0x00007ffce7002000 	C:\WINDOWS\System32\KERNEL32.DLL
0x00007ffce67f0000 - 0x00007ffce6a93000 	C:\WINDOWS\System32\KERNELBASE.dll
0x00007ffce6e50000 - 0x00007ffce6f4a000 	C:\WINDOWS\System32\ucrtbase.dll
0x00007ffce24d0000 - 0x00007ffce24e8000 	C:\Program Files\Java\jdk-12.0.1\bin\jli.dll
0x00007ffce24b0000 - 0x00007ffce24c6000 	C:\Program Files\Java\jdk-12.0.1\bin\VCRUNTIME140.dll
0x00007ffce73f0000 - 0x00007ffce7493000 	C:\WINDOWS\System32\ADVAPI32.dll
0x00007ffce8dc0000 - 0x00007ffce8e5e000 	C:\WINDOWS\System32\msvcrt.dll
0x00007ffce8040000 - 0x00007ffce80d7000 	C:\WINDOWS\System32\sechost.dll
0x00007ffce72d0000 - 0x00007ffce73f0000 	C:\WINDOWS\System32\RPCRT4.dll
0x00007ffce7e40000 - 0x00007ffce7fd4000 	C:\WINDOWS\System32\USER32.dll
0x00007ffce6aa0000 - 0x00007ffce6ac1000 	C:\WINDOWS\System32\win32u.dll
0x00007ffcd40e0000 - 0x00007ffcd4365000 	C:\WINDOWS\WinSxS\amd64_microsoft.windows.common-controls_6595b64144ccf1df_6.0.18362.778_none_e6c6b761130d4fb8\COMCTL32.dll
0x00007ffce8420000 - 0x00007ffce8446000 	C:\WINDOWS\System32\GDI32.dll
0x00007ffce80e0000 - 0x00007ffce8416000 	C:\WINDOWS\System32\combase.dll
0x00007ffce6b80000 - 0x00007ffce6d14000 	C:\WINDOWS\System32\gdi32full.dll
0x00007ffce5e30000 - 0x00007ffce5eb0000 	C:\WINDOWS\System32\bcryptPrimitives.dll
0x00007ffce6d20000 - 0x00007ffce6dbe000 	C:\WINDOWS\System32\msvcp_win.dll
0x00007ffcdd790000 - 0x00007ffcdd79a000 	C:\WINDOWS\SYSTEM32\VERSION.dll
0x00007ffce7010000 - 0x00007ffce703e000 	C:\WINDOWS\System32\IMM32.DLL
0x00007ffce0d70000 - 0x00007ffce0e1a000 	C:\Program Files\Java\jdk-12.0.1\bin\msvcp140.dll
0x00007ffc84450000 - 0x00007ffc84fc4000 	C:\Program Files\Java\jdk-12.0.1\bin\server\jvm.dll
0x00007ffce7500000 - 0x00007ffce7508000 	C:\WINDOWS\System32\PSAPI.DLL
0x00007ffce38a0000 - 0x00007ffce38c4000 	C:\WINDOWS\SYSTEM32\WINMM.dll
0x00007ffce0d30000 - 0x00007ffce0d39000 	C:\WINDOWS\SYSTEM32\WSOCK32.dll
0x00007ffce7570000 - 0x00007ffce75df000 	C:\WINDOWS\System32\WS2_32.dll
0x00007ffce3790000 - 0x00007ffce37bd000 	C:\WINDOWS\SYSTEM32\winmmbase.dll
0x00007ffce67a0000 - 0x00007ffce67ea000 	C:\WINDOWS\System32\cfgmgr32.dll
0x00007ffce5d70000 - 0x00007ffce5d81000 	C:\WINDOWS\System32\kernel.appcore.dll
0x00007ffce2490000 - 0x00007ffce24a1000 	C:\Program Files\Java\jdk-12.0.1\bin\verify.dll
0x00007ffce45f0000 - 0x00007ffce47e4000 	C:\WINDOWS\SYSTEM32\DBGHELP.DLL
0x00007ffccebb0000 - 0x00007ffccebda000 	C:\WINDOWS\SYSTEM32\dbgcore.DLL
0x00007ffce1230000 - 0x00007ffce1256000 	C:\Program Files\Java\jdk-12.0.1\bin\java.dll
0x00007ffce1320000 - 0x00007ffce1337000 	C:\Program Files\Java\jdk-12.0.1\bin\zip.dll
0x00007ffce3a00000 - 0x00007ffce3a0a000 	C:\Program Files\Java\jdk-12.0.1\bin\jimage.dll
0x00007ffce76c0000 - 0x00007ffce7da5000 	C:\WINDOWS\System32\SHELL32.dll
0x00007ffce70c0000 - 0x00007ffce7169000 	C:\WINDOWS\System32\shcore.dll
0x00007ffce5ed0000 - 0x00007ffce6650000 	C:\WINDOWS\System32\windows.storage.dll
0x00007ffce5de0000 - 0x00007ffce5e03000 	C:\WINDOWS\System32\profapi.dll
0x00007ffce5d90000 - 0x00007ffce5dda000 	C:\WINDOWS\System32\powrprof.dll
0x00007ffce5d60000 - 0x00007ffce5d70000 	C:\WINDOWS\System32\UMPDC.dll
0x00007ffce7fe0000 - 0x00007ffce8032000 	C:\WINDOWS\System32\shlwapi.dll
0x00007ffce5eb0000 - 0x00007ffce5ec7000 	C:\WINDOWS\System32\cryptsp.dll
0x00007ffce0d50000 - 0x00007ffce0d69000 	C:\Program Files\Java\jdk-12.0.1\bin\net.dll
0x00007ffcda8f0000 - 0x00007ffcdaac5000 	C:\WINDOWS\SYSTEM32\urlmon.dll
0x00007ffcda6d0000 - 0x00007ffcda7c0000 	C:\WINDOWS\SYSTEM32\WINHTTP.dll
0x00007ffcda350000 - 0x00007ffcda5f6000 	C:\WINDOWS\SYSTEM32\iertutil.dll
0x00007ffce57a0000 - 0x00007ffce57ac000 	C:\WINDOWS\SYSTEM32\CRYPTBASE.DLL
0x00007ffce55d0000 - 0x00007ffce5637000 	C:\WINDOWS\system32\mswsock.dll
0x00007ffcd98b0000 - 0x00007ffcd98c3000 	C:\Program Files\Java\jdk-12.0.1\bin\nio.dll
0x0000000065ac0000 - 0x0000000065b0b000 	C:\Users\samue\AppData\Local\Temp\libgdxsamue\7d76f548\gdx64.dll
0x00007ffcc8dc0000 - 0x00007ffcc8e23000 	C:\Users\samue\AppData\Local\Temp\lwjglsamue\3.2.1-build-12\lwjgl.dll
0x00007ffcb2650000 - 0x00007ffcb28a1000 	C:\Users\samue\AppData\Local\Temp\lwjglsamue\3.2.1-build-12\jemalloc.dll
0x00007ffcd9840000 - 0x00007ffcd989e000 	C:\Users\samue\AppData\Local\Temp\lwjglsamue\3.2.1-build-12\glfw.dll
0x00007ffce3bc0000 - 0x00007ffce3c59000 	C:\WINDOWS\system32\uxtheme.dll
0x00007ffcd6790000 - 0x00007ffcd67d3000 	C:\WINDOWS\SYSTEM32\dinput8.dll
0x00007ffcd9680000 - 0x00007ffcd9691000 	C:\WINDOWS\SYSTEM32\xinput1_4.dll
0x00007ffce5b60000 - 0x00007ffce5b8a000 	C:\WINDOWS\SYSTEM32\DEVOBJ.dll
0x00007ffce40d0000 - 0x00007ffce40fd000 	C:\WINDOWS\SYSTEM32\dwmapi.dll
0x00007ffcd5b80000 - 0x00007ffcd5c9a000 	C:\WINDOWS\SYSTEM32\inputhost.dll
0x00007ffce37c0000 - 0x00007ffce3894000 	C:\WINDOWS\SYSTEM32\CoreMessaging.dll
0x00007ffce1770000 - 0x00007ffce18c3000 	C:\WINDOWS\SYSTEM32\wintypes.dll
0x00007ffcdf680000 - 0x00007ffcdf9aa000 	C:\WINDOWS\SYSTEM32\CoreUIComponents.dll
0x00007ffce2040000 - 0x00007ffce212f000 	C:\WINDOWS\SYSTEM32\PROPSYS.dll
0x00007ffce8ae0000 - 0x00007ffce8ba4000 	C:\WINDOWS\System32\OLEAUT32.dll
0x00007ffce4dc0000 - 0x00007ffce4df1000 	C:\WINDOWS\SYSTEM32\ntmarta.dll
0x00007ffce8c80000 - 0x00007ffce8db6000 	C:\WINDOWS\System32\MSCTF.dll
0x00007ffce4940000 - 0x00007ffce494e000 	C:\WINDOWS\SYSTEM32\HID.DLL
0x00007ffce8450000 - 0x00007ffce88c0000 	C:\WINDOWS\System32\SETUPAPI.DLL
0x00007ffce6e20000 - 0x00007ffce6e46000 	C:\WINDOWS\System32\bcrypt.dll
0x00007ffce6dc0000 - 0x00007ffce6e1c000 	C:\WINDOWS\System32\WINTRUST.dll
0x00007ffce5e10000 - 0x00007ffce5e22000 	C:\WINDOWS\System32\MSASN1.dll
0x00007ffce6650000 - 0x00007ffce6799000 	C:\WINDOWS\System32\CRYPT32.dll
0x00007ffcbd7e0000 - 0x00007ffcbd8f4000 	C:\Users\samue\AppData\Local\Temp\lwjglsamue\3.2.1-build-12\OpenAL.dll
0x00007ffce7170000 - 0x00007ffce72c7000 	C:\WINDOWS\System32\ole32.dll
0x00007ffce8bb0000 - 0x00007ffce8c52000 	C:\WINDOWS\System32\clbcatq.dll
0x00007ffce03d0000 - 0x00007ffce0442000 	C:\WINDOWS\System32\MMDevApi.dll
0x00007ffce0480000 - 0x00007ffce05dd000 	C:\WINDOWS\SYSTEM32\AUDIOSES.DLL
0x00007ffce3fe0000 - 0x00007ffce3ff4000 	C:\WINDOWS\SYSTEM32\resourcepolicyclient.dll
0x00007ffcabe30000 - 0x00007ffcabf86000 	C:\WINDOWS\SYSTEM32\opengl32.dll
0x00007ffcabd50000 - 0x00007ffcabd7c000 	C:\WINDOWS\SYSTEM32\GLU32.dll
0x00007ffce49d0000 - 0x00007ffce49f0000 	C:\WINDOWS\SYSTEM32\dxcore.dll
0x00007ffca5450000 - 0x00007ffca5478000 	C:\WINDOWS\System32\DriverStore\FileRepository\u0346830.inf_amd64_35731e557194973d\B345901\atig6pxx.dll
0x00007ffca2020000 - 0x00007ffca5075000 	C:\WINDOWS\System32\DriverStore\FileRepository\u0346830.inf_amd64_35731e557194973d\B345901\atio6axx.dll
0x00007ffcb1e90000 - 0x00007ffcb1eb3000 	C:\WINDOWS\SYSTEM32\dxva2.dll
0x00007ffca5410000 - 0x00007ffca5449000 	C:\WINDOWS\System32\DriverStore\FileRepository\u0346830.inf_amd64_35731e557194973d\B345901\atig6txx.dll
0x00007ffcabba0000 - 0x00007ffcabd48000 	C:\WINDOWS\SYSTEM32\atiadlxx.dll
0x00007ffcdd970000 - 0x00007ffcdda1e000 	C:\WINDOWS\SYSTEM32\mscms.dll
0x00007ffce5c80000 - 0x00007ffce5ca5000 	C:\WINDOWS\SYSTEM32\USERENV.dll
0x00007ffcddf90000 - 0x00007ffcddfa7000 	C:\WINDOWS\SYSTEM32\ColorAdapterClient.dll
0x00007ffcaba30000 - 0x00007ffcaba73000 	C:\WINDOWS\SYSTEM32\icm32.dll
0x00007ffcc8d60000 - 0x00007ffcc8db8000 	C:\Users\samue\AppData\Local\Temp\lwjglsamue\3.2.1-build-12\lwjgl_opengl.dll
0x0000000069a80000 - 0x0000000069b2b000 	C:\Users\samue\AppData\Local\Temp\libgdxsamue\fd391f27\gdx-freetype64.dll
0x00007ffcd6f00000 - 0x00007ffcd6f9e000 	C:\WINDOWS\System32\TextInputFramework.dll

dbghelp: loaded successfully - version: 4.0.5 - missing functions: none
symbol engine: initialized successfully - sym options: 0x614 - pdb path: .;C:\Program Files\Java\jdk-12.0.1\bin;C:\WINDOWS\SYSTEM32;C:\WINDOWS\WinSxS\amd64_microsoft.windows.common-controls_6595b64144ccf1df_6.0.18362.778_none_e6c6b761130d4fb8;C:\Program Files\Java\jdk-12.0.1\bin\server;C:\Users\samue\AppData\Local\Temp\libgdxsamue\7d76f548;C:\Users\samue\AppData\Local\Temp\lwjglsamue\3.2.1-build-12;C:\WINDOWS\System32\DriverStore\FileRepository\u0346830.inf_amd64_35731e557194973d\B345901;C:\Users\samue\AppData\Local\Temp\libgdxsamue\fd391f27

VM Arguments:
jvm_args: -DImplementation-Version=426 -DSpecification-Title=Powered Pixel Dungeon -DSpecification-Version=0.2.22-INDEV -Dfile.encoding=windows-1252 -Duser.country=GB -Duser.language=en -Duser.variant
java_command: com.shatteredpixel.yasd.desktop.DesktopLauncher
java_class_path (initial): F:\yasd-master\desktop\build\classes\java\main;F:\yasd-master\desktop\build\resources\main;F:\yasd-master\core\build\libs\core-0.2.22.jar;F:\yasd-master\SPD-classes\build\libs\SPD-classes-0.2.22.jar;C:\Users\samue\.gradle\caches\modules-2\files-2.1\com.badlogicgames.gdx\gdx-freetype\1.9.10\8853e4f08589a9feb4b851187909cfde8810e491\gdx-freetype-1.9.10.jar;C:\Users\samue\.gradle\caches\modules-2\files-2.1\com.badlogicgames.gdx\gdx-backend-lwjgl3\1.9.10\e8709a484c2971463c4780476b46d2ef841dbe5e\gdx-backend-lwjgl3-1.9.10.jar;C:\Users\samue\.gradle\caches\modules-2\files-2.1\com.badlogicgames.gdx\gdx-platform\1.9.10\1907b49f8363dd1ee37d273854a9cc3c741a6e66\gdx-platform-1.9.10-natives-desktop.jar;C:\Users\samue\.gradle\caches\modules-2\files-2.1\com.badlogicgames.gdx\gdx-freetype-platform\1.9.10\5c4b67db9c1d62383b718ce040c7cdb555d5b19f\gdx-freetype-platform-1.9.10-natives-desktop.jar;C:\Users\samue\.gradle\caches\modules-2\files-2.1\org.jetbrains\annotations\15.0\d40ab99147584cf6cfb5245be67b3fee2c7220f9\annotations-15.0.jar;C:\Users\samue\.gradle\caches\modules-2\files-2.1\com.badlogicgames.gdx\gdx-controllers\1.9.10\b63b3ad62050405148be30ffd2e1946c13123cec\gdx-controllers-1.9.10.jar;C:\Users\samue\.gradle\caches\modules-2\files-2.1\com.badlogicgames.gdx\gdx\1.9.10\79d9ad27bd5e3eb18c9ade61d3a27d7237695d53\gdx-1.9.10.jar;C:\Users\samue\.gradle\caches\modules-2\files-2.1\org.lwjgl\lwjgl-glfw\3.2.1\27abb7f64894b61cad163791acd8113f0b21296\lwjgl-glfw-3.2.1.jar;C:\Users\samue\.gradle\caches\modules-2\files-2.1\org.lwjgl\lwjgl-glfw\3.2.1\def7c58ad2e1cb258d6d73be181ffab8ef8bd5\lwjgl-glfw-3.2.1-natives-windows.jar;C:\Users\samue\.gradle\caches\modules-2\files-2.1\org.lwjgl\lwjgl-glfw\3.2.1\5a2fb27f9e12a34ecabf6f6a7606c61849e347ee\lwjgl-glfw-3.2.1-natives-linux.jar;C:\Users\samue\.gradle\caches\modules-2\files-2.1\org.lwjgl\lwjgl-glfw\3.2.1\72fe6dab6110a5a1cd4833f11840eef7b2eadce5\lwjgl-glfw-3.2.1-natives-macos.jar;C:\Users\samue\.gradle\caches\modules-2\
Launcher Type: SUN_STANDARD

[Global flags]
     intx CICompilerCount                          = 12                                        {product} {ergonomic}
     uint ConcGCThreads                            = 3                                         {product} {ergonomic}
     uint G1ConcRefinementThreads                  = 13                                        {product} {ergonomic}
   size_t G1HeapRegionSize                         = 1048576                                   {product} {ergonomic}
    uintx GCDrainStackTargetSize                   = 64                                        {product} {ergonomic}
   size_t InitialHeapSize                          = 268435456                                 {product} {ergonomic}
   size_t MarkStackSize                            = 4194304                                   {product} {ergonomic}
   size_t MaxHeapSize                              = 4282384384                                {product} {ergonomic}
   size_t MaxNewSize                               = 2569011200                                {product} {ergonomic}
   size_t MinHeapDeltaBytes                        = 1048576                                   {product} {ergonomic}
    uintx NonNMethodCodeHeapSize                   = 7594288                                {pd product} {ergonomic}
    uintx NonProfiledCodeHeapSize                  = 122031976                              {pd product} {ergonomic}
    uintx ProfiledCodeHeapSize                     = 122031976                              {pd product} {ergonomic}
    uintx ReservedCodeCacheSize                    = 251658240                              {pd product} {ergonomic}
     bool SegmentedCodeCache                       = true                                      {product} {ergonomic}
     bool UseCompressedClassPointers               = true                                 {lp64_product} {ergonomic}
     bool UseCompressedOops                        = true                                 {lp64_product} {ergonomic}
     bool UseG1GC                                  = true                                      {product} {ergonomic}
     bool UseLargePagesIndividualAllocation        = false                                  {pd product} {ergonomic}

Logging:
Log output configuration:
 #0: stdout all=warning uptime,level,tags
 #1: stderr all=off uptime,level,tags

Environment Variables:
JAVA_HOME=C:\Program Files\Java\jdk-12.0.1
CLASSPATH=F:\yasd-master\\gradle\wrapper\gradle-wrapper.jar
PATH=C:\WINDOWS\system32;C:\WINDOWS;C:\WINDOWS\System32\Wbem;C:\WINDOWS\System32\WindowsPowerShell\v1.0\;C:\WINDOWS\System32\OpenSSH\;C:\Users\samue\AppData\Local\Microsoft\WindowsApps;C:\Users\samue\AppData\Local\Programs\Git\cmd;
USERNAME=samue
OS=Windows_NT
PROCESSOR_IDENTIFIER=AMD64 Family 23 Model 8 Stepping 2, AuthenticAMD



---------------  S Y S T E M  ---------------

OS: Windows 10 , 64 bit Build 18362 (10.0.18362.778)

CPU:total 16 (initial active 16) (16 cores per cpu, 2 threads per core) family 23 model 8 stepping 2, cmov, cx8, fxsr, mmx, sse, sse2, sse3, ssse3, sse4.1, sse4.2, popcnt, avx, avx2, aes, clmul, mmxext, 3dnowpref, lzcnt, sse4a, ht, tsc, tscinvbit, tscinv, bmi1, bmi2, adx, sha, fma

Memory: 4k page, system-wide physical 16334M (8461M free)
TotalPageFile size 23246M (AvailPageFile size 8537M)
current process WorkingSet (physical memory assigned to process): 174M, peak: 188M
current process commit charge ("private bytes"): 517M, peak: 532M

vm_info: Java HotSpot(TM) 64-Bit Server VM (12.0.1+12) for windows-amd64 JRE (12.0.1+12), built on Apr  2 2019 14:02:19 by "mach5one" with MS VC++ 15.5 (VS2017)

END.
