#
# A fatal error has been detected by the Java Runtime Environment:
#
#  EXCEPTION_ACCESS_VIOLATION (0xc0000005) at pc=0x0000000069a8bb04, pid=10832, tid=8068
#
# JRE version: Java(TM) SE Runtime Environment (12.0.1+12) (build 12.0.1+12)
# Java VM: Java HotSpot(TM) 64-Bit Server VM (12.0.1+12, mixed mode, sharing, tiered, compressed oops, g1 gc, windows-amd64)
# Problematic frame:
# C  [gdx-freetype64.dll+0xbb04]
#
# No core dump will be written. Minidumps are not enabled by default on client versions of Windows
#
# If you would like to submit a bug report, please visit:
#   http://bugreport.java.com/bugreport/crash.jsp
# The crash happened outside the Java Virtual Machine in native code.
# See problematic frame for where to report the bug.
#

---------------  S U M M A R Y ------------

Command Line: -DImplementation-Version=426 -DSpecification-Name=Yet Another Shattered Dungeon -DSpecification-Version=0.2.22-INDEV -Dfile.encoding=windows-1252 -Duser.country=GB -Duser.language=en -Duser.variant com.shatteredpixel.yasd.desktop.DesktopLauncher

Host: AMD Ryzen 7 2700X Eight-Core Processor         , 16 cores, 15G,  Windows 10 , 64 bit Build 18362 (10.0.18362.778)
Time: Fri Apr 17 14:40:44 2020 GMT Summer Time elapsed time: 11 seconds (0d 0h 0m 11s)

---------------  T H R E A D  ---------------

Current thread (0x0000025efe2e5800):  JavaThread "LWJGL Application" [_thread_in_native, id=8068, stack(0x0000005f53e00000,0x0000005f53f00000)]

Stack: [0x0000005f53e00000,0x0000005f53f00000],  sp=0x0000005f53efebd0,  free space=1018k
Native frames: (J=compiled Java code, j=interpreted, Vv=VM code, C=native code)
C  [gdx-freetype64.dll+0xbb04]

Java frames: (J=compiled Java code, j=interpreted, Vv=VM code)
j  com.badlogic.gdx.graphics.g2d.freetype.FreeType$Face.doneFace(J)V+0
j  com.badlogic.gdx.graphics.g2d.freetype.FreeType$Face.dispose()V+4
j  com.badlogic.gdx.graphics.g2d.freetype.FreeTypeFontGenerator.dispose()V+4
j  com.shatteredpixel.yasd.desktop.DesktopPlatformSupport.setupFontGenerators(IZ)V+153
j  com.shatteredpixel.yasd.general.scenes.PixelScene.create()V+318
j  com.shatteredpixel.yasd.general.scenes.TitleScene.create()V+1
j  com.watabou.noosa.Game.switchScene()V+46
j  com.shatteredpixel.yasd.general.MainGame.switchScene()V+1
J 1610 c1 com.watabou.noosa.Game.step()V (41 bytes) @ 0x0000025ee11e7a4c [0x0000025ee11e75a0+0x00000000000004ac]
J 1706 c1 com.watabou.noosa.Game.render()V (59 bytes) @ 0x0000025ee1214924 [0x0000025ee12133c0+0x0000000000001564]
j  com.badlogic.gdx.backends.lwjgl.LwjglApplication.mainLoop()V+770
j  com.badlogic.gdx.backends.lwjgl.LwjglApplication$1.run()V+27
v  ~StubRoutines::call_stub

siginfo: EXCEPTION_ACCESS_VIOLATION (0xc0000005), reading address 0x0000000000000060


Register to memory mapping:

RIP=0x0000000069a8bb04 gdx-freetype64.dll
RAX=0x0 is NULL
RBX=0x0000025efe52b740 points into unknown readable memory: 01 00 00 00 00 00 00 00
RCX=0x0000025efe52b740 points into unknown readable memory: 01 00 00 00 00 00 00 00
RDX=0x0000005f53efecb0 is pointing into the stack for thread: 0x0000025efe2e5800
RSP=0x0000005f53efebd0 is pointing into the stack for thread: 0x0000025efe2e5800
RBP=0x0000005f53efeca0 is pointing into the stack for thread: 0x0000025efe2e5800
RSI=0x0000025efe51e210 points into unknown readable memory: 40 60 57 fe 5e 02 00 00
RDI=0x000000000000003b is an unknown value
R8 =0x0000025efe52b740 points into unknown readable memory: 01 00 00 00 00 00 00 00
R9 =0x000000070f153a20 points into unknown readable memory: 09 0a 0d 53 07 00 00 00
R10=0x0000025ee073f0c8 is at code_begin+1000 in an Interpreter codelet
method entry point (kind = native)  [0x0000025ee073ece0, 0x0000025ee073f840]  2912 bytes
R11=0x000000070fb40c18 points into unknown readable memory: 01 27 ef 3c 4e 00 00 00
R12=0x0 is NULL
R13={method} {0x0000025efd714150} 'doneFace' '(J)V' in 'com/badlogic/gdx/graphics/g2d/freetype/FreeType$Face'
R14=0x0000005f53efecc8 is pointing into the stack for thread: 0x0000025efe2e5800
R15=0x0000025efe2e5800 is a thread


Registers:
RAX=0x0000000000000000, RBX=0x0000025efe52b740, RCX=0x0000025efe52b740, RDX=0x0000005f53efecb0
RSP=0x0000005f53efebd0, RBP=0x0000005f53efeca0, RSI=0x0000025efe51e210, RDI=0x000000000000003b
R8 =0x0000025efe52b740, R9 =0x000000070f153a20, R10=0x0000025ee073f0c8, R11=0x000000070fb40c18
R12=0x0000000000000000, R13=0x0000025efd714148, R14=0x0000005f53efecc8, R15=0x0000025efe2e5800
RIP=0x0000000069a8bb04, EFLAGS=0x0000000000010202

Top of Stack: (sp=0x0000005f53efebd0)
0x0000005f53efebd0:   000000070f52b1b8 0000025e8d77df90
0x0000005f53efebe0:   0000000000000000 0000005f53efec00
0x0000005f53efebf0:   0000005f53efec50 0000025efd714148
0x0000005f53efec00:   0000000000000140 000000000000003b
0x0000005f53efec10:   0000005f53efecc8 0000025ee073f0f7
0x0000005f53efec20:   0000025e8d77e508 0000000000000000
0x0000005f53efec30:   000000070f52b2d0 0000025e8d77d978
0x0000005f53efec40:   0000000000000000 0000005f53efec60
0x0000005f53efec50:   0000005f53efecb0 0000005f53efec58
0x0000005f53efec60:   0000000000000000 0000005f53efecc8
0x0000005f53efec70:   0000025efd715ce8 0000000000000000
0x0000005f53efec80:   000000070fb40c18 0000025efd714148
0x0000005f53efec90:   0000000000000000 0000005f53efecc0
0x0000005f53efeca0:   0000005f53efed18 0000025ee0739e73
0x0000005f53efecb0:   000000070fb40c18 0000025ee073c018
0x0000005f53efecc0:   0000025efe52b740 0000000000000000 

Instructions: (pc=0x0000000069a8bb04)
0x0000000069a8bae4:   53 48 83 ec 28 48 85 c9 48 89 cb 74 2f 48 8b b1
0x0000000069a8baf4:   90 00 00 00 48 85 f6 74 23 48 8b 81 d0 00 00 00
0x0000000069a8bb04:   8b 78 60 8d 57 ff 89 50 60 31 c0 85 d2 7e 1d 48
0x0000000069a8bb14:   83 c4 28 5b 5e 5f 41 5e c3 0f 1f 00 b8 23 00 00 


Stack slot to memory mapping:
stack at sp + 0 slots: 0x000000070f52b1b8 points into unknown readable memory: 01 be a6 05 55 00 00 00
stack at sp + 1 slots: {method} {0x0000025e8d77df98} 'reset' '()V' in 'com/badlogic/gdx/utils/LongMap$MapIterator'
stack at sp + 2 slots: 0x0 is NULL
stack at sp + 3 slots: 0x0000005f53efec00 is pointing into the stack for thread: 0x0000025efe2e5800
stack at sp + 4 slots: 0x0000005f53efec50 is pointing into the stack for thread: 0x0000025efe2e5800
stack at sp + 5 slots: {method} {0x0000025efd714150} 'doneFace' '(J)V' in 'com/badlogic/gdx/graphics/g2d/freetype/FreeType$Face'
stack at sp + 6 slots: 0x0000000000000140 is an unknown value
stack at sp + 7 slots: 0x000000000000003b is an unknown value


---------------  P R O C E S S  ---------------

Threads class SMR info:
_java_thread_list=0x0000025efd9202d0, length=13, elements={
0x0000025efcfe2800, 0x0000025efcfe7800, 0x0000025efd883000, 0x0000025efd885000,
0x0000025efd887000, 0x0000025efd890000, 0x0000025efd8a4000, 0x0000025efd9e9000,
0x0000025efd9f0000, 0x0000025efe2e5800, 0x0000025ed6b45000, 0x0000025effd26800,
0x0000025effd28800
}

Java Threads: ( => current thread )
  0x0000025efcfe2800 JavaThread "Reference Handler" daemon [_thread_blocked, id=16768, stack(0x0000005f53100000,0x0000005f53200000)]
  0x0000025efcfe7800 JavaThread "Finalizer" daemon [_thread_blocked, id=2476, stack(0x0000005f53200000,0x0000005f53300000)]
  0x0000025efd883000 JavaThread "Signal Dispatcher" daemon [_thread_blocked, id=15280, stack(0x0000005f53300000,0x0000005f53400000)]
  0x0000025efd885000 JavaThread "Attach Listener" daemon [_thread_blocked, id=11224, stack(0x0000005f53400000,0x0000005f53500000)]
  0x0000025efd887000 JavaThread "C2 CompilerThread0" daemon [_thread_blocked, id=20180, stack(0x0000005f53500000,0x0000005f53600000)]
  0x0000025efd890000 JavaThread "C1 CompilerThread0" daemon [_thread_blocked, id=17452, stack(0x0000005f53600000,0x0000005f53700000)]
  0x0000025efd8a4000 JavaThread "Sweeper thread" daemon [_thread_blocked, id=6544, stack(0x0000005f53700000,0x0000005f53800000)]
  0x0000025efd9e9000 JavaThread "Service Thread" daemon [_thread_blocked, id=17444, stack(0x0000005f53900000,0x0000005f53a00000)]
  0x0000025efd9f0000 JavaThread "Common-Cleaner" daemon [_thread_blocked, id=12048, stack(0x0000005f53b00000,0x0000005f53c00000)]
=>0x0000025efe2e5800 JavaThread "LWJGL Application" [_thread_in_native, id=8068, stack(0x0000005f53e00000,0x0000005f53f00000)]
  0x0000025ed6b45000 JavaThread "DestroyJavaVM" [_thread_blocked, id=18816, stack(0x0000005f52a00000,0x0000005f52b00000)]
  0x0000025effd26800 JavaThread "Java2D Disposer" daemon [_thread_blocked, id=20392, stack(0x0000005f54100000,0x0000005f54200000)]
  0x0000025effd28800 JavaThread "AWT-Windows" daemon [_thread_in_native, id=11568, stack(0x0000005f54300000,0x0000005f54400000)]

Other Threads:
  0x0000025efcfdf000 VMThread "VM Thread" [stack: 0x0000005f53000000,0x0000005f53100000] [id=15928]
  0x0000025efd9ea800 WatcherThread [stack: 0x0000005f53a00000,0x0000005f53b00000] [id=5208]
  0x0000025ed6ba6000 GCTaskThread "GC Thread#0" [stack: 0x0000005f52b00000,0x0000005f52c00000] [id=17096]
  0x0000025e88f4f000 GCTaskThread "GC Thread#1" [stack: 0x0000005f54900000,0x0000005f54a00000] [id=1336]
  0x0000025e88f06000 GCTaskThread "GC Thread#2" [stack: 0x0000005f54a00000,0x0000005f54b00000] [id=13832]
  0x0000025e890de000 GCTaskThread "GC Thread#3" [stack: 0x0000005f54b00000,0x0000005f54c00000] [id=14892]
  0x0000025e88625800 GCTaskThread "GC Thread#4" [stack: 0x0000005f54c00000,0x0000005f54d00000] [id=16096]
  0x0000025e88886000 GCTaskThread "GC Thread#5" [stack: 0x0000005f54d00000,0x0000005f54e00000] [id=16888]
  0x0000025ed6bc0800 ConcurrentGCThread "G1 Main Marker" [stack: 0x0000005f52c00000,0x0000005f52d00000] [id=10584]
  0x0000025ed6bc5800 ConcurrentGCThread "G1 Conc#0" [stack: 0x0000005f52d00000,0x0000005f52e00000] [id=16576]
  0x0000025efcedb000 ConcurrentGCThread "G1 Refine#0" [stack: 0x0000005f52e00000,0x0000005f52f00000] [id=19056]
  0x0000025efcedc000 ConcurrentGCThread "G1 Young RemSet Sampling" [stack: 0x0000005f52f00000,0x0000005f53000000] [id=15588]

Threads with active compile tasks:

VM state:not at safepoint (normal execution)

VM Mutex/Monitor currently owned by a thread: None

Heap address: 0x0000000700c00000, size: 4084 MB, Compressed Oops mode: Zero based, Oop shift amount: 3
Narrow klass base: 0x0000000800000000, Narrow klass shift: 3
Compressed class space size: 1073741824 Address: 0x00000008011a0000

Heap:
 garbage-first heap   total 262144K, used 25359K [0x0000000700c00000, 0x0000000800000000)
  region size 1024K, 26 young (26624K), 3 survivors (3072K)
 Metaspace       used 8969K, capacity 9286K, committed 9344K, reserved 1058816K
  class space    used 817K, capacity 892K, committed 896K, reserved 1048576K
Heap Regions: E=young(eden), S=young(survivor), O=old, HS=humongous(starts), HC=humongous(continues), CS=collection set, F=free, A=archive, TAMS=top-at-mark-start (previous, next)
|   0|0x0000000700c00000, 0x0000000700d00000, 0x0000000700d00000|100%|HS|  |TAMS 0x0000000700c00000, 0x0000000700c00000| Complete 
|   1|0x0000000700d00000, 0x0000000700d00000, 0x0000000700e00000|  0%| F|  |TAMS 0x0000000700d00000, 0x0000000700d00000| Untracked 
|   2|0x0000000700e00000, 0x0000000700e00000, 0x0000000700f00000|  0%| F|  |TAMS 0x0000000700e00000, 0x0000000700e00000| Untracked 
|   3|0x0000000700f00000, 0x0000000700f00000, 0x0000000701000000|  0%| F|  |TAMS 0x0000000700f00000, 0x0000000700f00000| Untracked 
|   4|0x0000000701000000, 0x0000000701000000, 0x0000000701100000|  0%| F|  |TAMS 0x0000000701000000, 0x0000000701000000| Untracked 
|   5|0x0000000701100000, 0x0000000701100000, 0x0000000701200000|  0%| F|  |TAMS 0x0000000701100000, 0x0000000701100000| Untracked 
|   6|0x0000000701200000, 0x0000000701200000, 0x0000000701300000|  0%| F|  |TAMS 0x0000000701200000, 0x0000000701200000| Untracked 
|   7|0x0000000701300000, 0x0000000701300000, 0x0000000701400000|  0%| F|  |TAMS 0x0000000701300000, 0x0000000701300000| Untracked 
|   8|0x0000000701400000, 0x0000000701400000, 0x0000000701500000|  0%| F|  |TAMS 0x0000000701400000, 0x0000000701400000| Untracked 
|   9|0x0000000701500000, 0x0000000701500000, 0x0000000701600000|  0%| F|  |TAMS 0x0000000701500000, 0x0000000701500000| Untracked 
|  10|0x0000000701600000, 0x0000000701600000, 0x0000000701700000|  0%| F|  |TAMS 0x0000000701600000, 0x0000000701600000| Untracked 
|  11|0x0000000701700000, 0x0000000701700000, 0x0000000701800000|  0%| F|  |TAMS 0x0000000701700000, 0x0000000701700000| Untracked 
|  12|0x0000000701800000, 0x0000000701800000, 0x0000000701900000|  0%| F|  |TAMS 0x0000000701800000, 0x0000000701800000| Untracked 
|  13|0x0000000701900000, 0x0000000701900000, 0x0000000701a00000|  0%| F|  |TAMS 0x0000000701900000, 0x0000000701900000| Untracked 
|  14|0x0000000701a00000, 0x0000000701a00000, 0x0000000701b00000|  0%| F|  |TAMS 0x0000000701a00000, 0x0000000701a00000| Untracked 
|  15|0x0000000701b00000, 0x0000000701b00000, 0x0000000701c00000|  0%| F|  |TAMS 0x0000000701b00000, 0x0000000701b00000| Untracked 
|  16|0x0000000701c00000, 0x0000000701c00000, 0x0000000701d00000|  0%| F|  |TAMS 0x0000000701c00000, 0x0000000701c00000| Untracked 
|  17|0x0000000701d00000, 0x0000000701d00000, 0x0000000701e00000|  0%| F|  |TAMS 0x0000000701d00000, 0x0000000701d00000| Untracked 
|  18|0x0000000701e00000, 0x0000000701e00000, 0x0000000701f00000|  0%| F|  |TAMS 0x0000000701e00000, 0x0000000701e00000| Untracked 
|  19|0x0000000701f00000, 0x0000000701f00000, 0x0000000702000000|  0%| F|  |TAMS 0x0000000701f00000, 0x0000000701f00000| Untracked 
|  20|0x0000000702000000, 0x0000000702000000, 0x0000000702100000|  0%| F|  |TAMS 0x0000000702000000, 0x0000000702000000| Untracked 
|  21|0x0000000702100000, 0x0000000702100000, 0x0000000702200000|  0%| F|  |TAMS 0x0000000702100000, 0x0000000702100000| Untracked 
|  22|0x0000000702200000, 0x0000000702200000, 0x0000000702300000|  0%| F|  |TAMS 0x0000000702200000, 0x0000000702200000| Untracked 
|  23|0x0000000702300000, 0x0000000702300000, 0x0000000702400000|  0%| F|  |TAMS 0x0000000702300000, 0x0000000702300000| Untracked 
|  24|0x0000000702400000, 0x0000000702400000, 0x0000000702500000|  0%| F|  |TAMS 0x0000000702400000, 0x0000000702400000| Untracked 
|  25|0x0000000702500000, 0x0000000702500000, 0x0000000702600000|  0%| F|  |TAMS 0x0000000702500000, 0x0000000702500000| Untracked 
|  26|0x0000000702600000, 0x0000000702600000, 0x0000000702700000|  0%| F|  |TAMS 0x0000000702600000, 0x0000000702600000| Untracked 
|  27|0x0000000702700000, 0x0000000702700000, 0x0000000702800000|  0%| F|  |TAMS 0x0000000702700000, 0x0000000702700000| Untracked 
|  28|0x0000000702800000, 0x0000000702800000, 0x0000000702900000|  0%| F|  |TAMS 0x0000000702800000, 0x0000000702800000| Untracked 
|  29|0x0000000702900000, 0x0000000702900000, 0x0000000702a00000|  0%| F|  |TAMS 0x0000000702900000, 0x0000000702900000| Untracked 
|  30|0x0000000702a00000, 0x0000000702a00000, 0x0000000702b00000|  0%| F|  |TAMS 0x0000000702a00000, 0x0000000702a00000| Untracked 
|  31|0x0000000702b00000, 0x0000000702b00000, 0x0000000702c00000|  0%| F|  |TAMS 0x0000000702b00000, 0x0000000702b00000| Untracked 
|  32|0x0000000702c00000, 0x0000000702c00000, 0x0000000702d00000|  0%| F|  |TAMS 0x0000000702c00000, 0x0000000702c00000| Untracked 
|  33|0x0000000702d00000, 0x0000000702d00000, 0x0000000702e00000|  0%| F|  |TAMS 0x0000000702d00000, 0x0000000702d00000| Untracked 
|  34|0x0000000702e00000, 0x0000000702e00000, 0x0000000702f00000|  0%| F|  |TAMS 0x0000000702e00000, 0x0000000702e00000| Untracked 
|  35|0x0000000702f00000, 0x0000000702f00000, 0x0000000703000000|  0%| F|  |TAMS 0x0000000702f00000, 0x0000000702f00000| Untracked 
|  36|0x0000000703000000, 0x0000000703000000, 0x0000000703100000|  0%| F|  |TAMS 0x0000000703000000, 0x0000000703000000| Untracked 
|  37|0x0000000703100000, 0x0000000703100000, 0x0000000703200000|  0%| F|  |TAMS 0x0000000703100000, 0x0000000703100000| Untracked 
|  38|0x0000000703200000, 0x0000000703200000, 0x0000000703300000|  0%| F|  |TAMS 0x0000000703200000, 0x0000000703200000| Untracked 
|  39|0x0000000703300000, 0x0000000703300000, 0x0000000703400000|  0%| F|  |TAMS 0x0000000703300000, 0x0000000703300000| Untracked 
|  40|0x0000000703400000, 0x0000000703400000, 0x0000000703500000|  0%| F|  |TAMS 0x0000000703400000, 0x0000000703400000| Untracked 
|  41|0x0000000703500000, 0x0000000703500000, 0x0000000703600000|  0%| F|  |TAMS 0x0000000703500000, 0x0000000703500000| Untracked 
|  42|0x0000000703600000, 0x0000000703600000, 0x0000000703700000|  0%| F|  |TAMS 0x0000000703600000, 0x0000000703600000| Untracked 
|  43|0x0000000703700000, 0x0000000703700000, 0x0000000703800000|  0%| F|  |TAMS 0x0000000703700000, 0x0000000703700000| Untracked 
|  44|0x0000000703800000, 0x0000000703800000, 0x0000000703900000|  0%| F|  |TAMS 0x0000000703800000, 0x0000000703800000| Untracked 
|  45|0x0000000703900000, 0x0000000703900000, 0x0000000703a00000|  0%| F|  |TAMS 0x0000000703900000, 0x0000000703900000| Untracked 
|  46|0x0000000703a00000, 0x0000000703a00000, 0x0000000703b00000|  0%| F|  |TAMS 0x0000000703a00000, 0x0000000703a00000| Untracked 
|  47|0x0000000703b00000, 0x0000000703b00000, 0x0000000703c00000|  0%| F|  |TAMS 0x0000000703b00000, 0x0000000703b00000| Untracked 
|  48|0x0000000703c00000, 0x0000000703c00000, 0x0000000703d00000|  0%| F|  |TAMS 0x0000000703c00000, 0x0000000703c00000| Untracked 
|  49|0x0000000703d00000, 0x0000000703d00000, 0x0000000703e00000|  0%| F|  |TAMS 0x0000000703d00000, 0x0000000703d00000| Untracked 
|  50|0x0000000703e00000, 0x0000000703e00000, 0x0000000703f00000|  0%| F|  |TAMS 0x0000000703e00000, 0x0000000703e00000| Untracked 
|  51|0x0000000703f00000, 0x0000000703f00000, 0x0000000704000000|  0%| F|  |TAMS 0x0000000703f00000, 0x0000000703f00000| Untracked 
|  52|0x0000000704000000, 0x0000000704000000, 0x0000000704100000|  0%| F|  |TAMS 0x0000000704000000, 0x0000000704000000| Untracked 
|  53|0x0000000704100000, 0x0000000704100000, 0x0000000704200000|  0%| F|  |TAMS 0x0000000704100000, 0x0000000704100000| Untracked 
|  54|0x0000000704200000, 0x0000000704200000, 0x0000000704300000|  0%| F|  |TAMS 0x0000000704200000, 0x0000000704200000| Untracked 
|  55|0x0000000704300000, 0x0000000704300000, 0x0000000704400000|  0%| F|  |TAMS 0x0000000704300000, 0x0000000704300000| Untracked 
|  56|0x0000000704400000, 0x0000000704400000, 0x0000000704500000|  0%| F|  |TAMS 0x0000000704400000, 0x0000000704400000| Untracked 
|  57|0x0000000704500000, 0x0000000704500000, 0x0000000704600000|  0%| F|  |TAMS 0x0000000704500000, 0x0000000704500000| Untracked 
|  58|0x0000000704600000, 0x0000000704600000, 0x0000000704700000|  0%| F|  |TAMS 0x0000000704600000, 0x0000000704600000| Untracked 
|  59|0x0000000704700000, 0x0000000704700000, 0x0000000704800000|  0%| F|  |TAMS 0x0000000704700000, 0x0000000704700000| Untracked 
|  60|0x0000000704800000, 0x0000000704800000, 0x0000000704900000|  0%| F|  |TAMS 0x0000000704800000, 0x0000000704800000| Untracked 
|  61|0x0000000704900000, 0x0000000704900000, 0x0000000704a00000|  0%| F|  |TAMS 0x0000000704900000, 0x0000000704900000| Untracked 
|  62|0x0000000704a00000, 0x0000000704a00000, 0x0000000704b00000|  0%| F|  |TAMS 0x0000000704a00000, 0x0000000704a00000| Untracked 
|  63|0x0000000704b00000, 0x0000000704b00000, 0x0000000704c00000|  0%| F|  |TAMS 0x0000000704b00000, 0x0000000704b00000| Untracked 
|  64|0x0000000704c00000, 0x0000000704c00000, 0x0000000704d00000|  0%| F|  |TAMS 0x0000000704c00000, 0x0000000704c00000| Untracked 
|  65|0x0000000704d00000, 0x0000000704d00000, 0x0000000704e00000|  0%| F|  |TAMS 0x0000000704d00000, 0x0000000704d00000| Untracked 
|  66|0x0000000704e00000, 0x0000000704e00000, 0x0000000704f00000|  0%| F|  |TAMS 0x0000000704e00000, 0x0000000704e00000| Untracked 
|  67|0x0000000704f00000, 0x0000000704f00000, 0x0000000705000000|  0%| F|  |TAMS 0x0000000704f00000, 0x0000000704f00000| Untracked 
|  68|0x0000000705000000, 0x0000000705000000, 0x0000000705100000|  0%| F|  |TAMS 0x0000000705000000, 0x0000000705000000| Untracked 
|  69|0x0000000705100000, 0x0000000705100000, 0x0000000705200000|  0%| F|  |TAMS 0x0000000705100000, 0x0000000705100000| Untracked 
|  70|0x0000000705200000, 0x0000000705200000, 0x0000000705300000|  0%| F|  |TAMS 0x0000000705200000, 0x0000000705200000| Untracked 
|  71|0x0000000705300000, 0x0000000705300000, 0x0000000705400000|  0%| F|  |TAMS 0x0000000705300000, 0x0000000705300000| Untracked 
|  72|0x0000000705400000, 0x0000000705400000, 0x0000000705500000|  0%| F|  |TAMS 0x0000000705400000, 0x0000000705400000| Untracked 
|  73|0x0000000705500000, 0x0000000705500000, 0x0000000705600000|  0%| F|  |TAMS 0x0000000705500000, 0x0000000705500000| Untracked 
|  74|0x0000000705600000, 0x0000000705600000, 0x0000000705700000|  0%| F|  |TAMS 0x0000000705600000, 0x0000000705600000| Untracked 
|  75|0x0000000705700000, 0x0000000705700000, 0x0000000705800000|  0%| F|  |TAMS 0x0000000705700000, 0x0000000705700000| Untracked 
|  76|0x0000000705800000, 0x0000000705800000, 0x0000000705900000|  0%| F|  |TAMS 0x0000000705800000, 0x0000000705800000| Untracked 
|  77|0x0000000705900000, 0x0000000705900000, 0x0000000705a00000|  0%| F|  |TAMS 0x0000000705900000, 0x0000000705900000| Untracked 
|  78|0x0000000705a00000, 0x0000000705a00000, 0x0000000705b00000|  0%| F|  |TAMS 0x0000000705a00000, 0x0000000705a00000| Untracked 
|  79|0x0000000705b00000, 0x0000000705b00000, 0x0000000705c00000|  0%| F|  |TAMS 0x0000000705b00000, 0x0000000705b00000| Untracked 
|  80|0x0000000705c00000, 0x0000000705c00000, 0x0000000705d00000|  0%| F|  |TAMS 0x0000000705c00000, 0x0000000705c00000| Untracked 
|  81|0x0000000705d00000, 0x0000000705d00000, 0x0000000705e00000|  0%| F|  |TAMS 0x0000000705d00000, 0x0000000705d00000| Untracked 
|  82|0x0000000705e00000, 0x0000000705e00000, 0x0000000705f00000|  0%| F|  |TAMS 0x0000000705e00000, 0x0000000705e00000| Untracked 
|  83|0x0000000705f00000, 0x0000000705f00000, 0x0000000706000000|  0%| F|  |TAMS 0x0000000705f00000, 0x0000000705f00000| Untracked 
|  84|0x0000000706000000, 0x0000000706000000, 0x0000000706100000|  0%| F|  |TAMS 0x0000000706000000, 0x0000000706000000| Untracked 
|  85|0x0000000706100000, 0x0000000706100000, 0x0000000706200000|  0%| F|  |TAMS 0x0000000706100000, 0x0000000706100000| Untracked 
|  86|0x0000000706200000, 0x0000000706200000, 0x0000000706300000|  0%| F|  |TAMS 0x0000000706200000, 0x0000000706200000| Untracked 
|  87|0x0000000706300000, 0x0000000706300000, 0x0000000706400000|  0%| F|  |TAMS 0x0000000706300000, 0x0000000706300000| Untracked 
|  88|0x0000000706400000, 0x0000000706400000, 0x0000000706500000|  0%| F|  |TAMS 0x0000000706400000, 0x0000000706400000| Untracked 
|  89|0x0000000706500000, 0x0000000706500000, 0x0000000706600000|  0%| F|  |TAMS 0x0000000706500000, 0x0000000706500000| Untracked 
|  90|0x0000000706600000, 0x0000000706600000, 0x0000000706700000|  0%| F|  |TAMS 0x0000000706600000, 0x0000000706600000| Untracked 
|  91|0x0000000706700000, 0x0000000706700000, 0x0000000706800000|  0%| F|  |TAMS 0x0000000706700000, 0x0000000706700000| Untracked 
|  92|0x0000000706800000, 0x0000000706800000, 0x0000000706900000|  0%| F|  |TAMS 0x0000000706800000, 0x0000000706800000| Untracked 
|  93|0x0000000706900000, 0x0000000706900000, 0x0000000706a00000|  0%| F|  |TAMS 0x0000000706900000, 0x0000000706900000| Untracked 
|  94|0x0000000706a00000, 0x0000000706a00000, 0x0000000706b00000|  0%| F|  |TAMS 0x0000000706a00000, 0x0000000706a00000| Untracked 
|  95|0x0000000706b00000, 0x0000000706b00000, 0x0000000706c00000|  0%| F|  |TAMS 0x0000000706b00000, 0x0000000706b00000| Untracked 
|  96|0x0000000706c00000, 0x0000000706c00000, 0x0000000706d00000|  0%| F|  |TAMS 0x0000000706c00000, 0x0000000706c00000| Untracked 
|  97|0x0000000706d00000, 0x0000000706d00000, 0x0000000706e00000|  0%| F|  |TAMS 0x0000000706d00000, 0x0000000706d00000| Untracked 
|  98|0x0000000706e00000, 0x0000000706e00000, 0x0000000706f00000|  0%| F|  |TAMS 0x0000000706e00000, 0x0000000706e00000| Untracked 
|  99|0x0000000706f00000, 0x0000000706f00000, 0x0000000707000000|  0%| F|  |TAMS 0x0000000706f00000, 0x0000000706f00000| Untracked 
| 100|0x0000000707000000, 0x0000000707000000, 0x0000000707100000|  0%| F|  |TAMS 0x0000000707000000, 0x0000000707000000| Untracked 
| 101|0x0000000707100000, 0x0000000707100000, 0x0000000707200000|  0%| F|  |TAMS 0x0000000707100000, 0x0000000707100000| Untracked 
| 102|0x0000000707200000, 0x0000000707200000, 0x0000000707300000|  0%| F|  |TAMS 0x0000000707200000, 0x0000000707200000| Untracked 
| 103|0x0000000707300000, 0x0000000707300000, 0x0000000707400000|  0%| F|  |TAMS 0x0000000707300000, 0x0000000707300000| Untracked 
| 104|0x0000000707400000, 0x0000000707400000, 0x0000000707500000|  0%| F|  |TAMS 0x0000000707400000, 0x0000000707400000| Untracked 
| 105|0x0000000707500000, 0x0000000707500000, 0x0000000707600000|  0%| F|  |TAMS 0x0000000707500000, 0x0000000707500000| Untracked 
| 106|0x0000000707600000, 0x0000000707600000, 0x0000000707700000|  0%| F|  |TAMS 0x0000000707600000, 0x0000000707600000| Untracked 
| 107|0x0000000707700000, 0x0000000707700000, 0x0000000707800000|  0%| F|  |TAMS 0x0000000707700000, 0x0000000707700000| Untracked 
| 108|0x0000000707800000, 0x0000000707800000, 0x0000000707900000|  0%| F|  |TAMS 0x0000000707800000, 0x0000000707800000| Untracked 
| 109|0x0000000707900000, 0x0000000707900000, 0x0000000707a00000|  0%| F|  |TAMS 0x0000000707900000, 0x0000000707900000| Untracked 
| 110|0x0000000707a00000, 0x0000000707a00000, 0x0000000707b00000|  0%| F|  |TAMS 0x0000000707a00000, 0x0000000707a00000| Untracked 
| 111|0x0000000707b00000, 0x0000000707b00000, 0x0000000707c00000|  0%| F|  |TAMS 0x0000000707b00000, 0x0000000707b00000| Untracked 
| 112|0x0000000707c00000, 0x0000000707c00000, 0x0000000707d00000|  0%| F|  |TAMS 0x0000000707c00000, 0x0000000707c00000| Untracked 
| 113|0x0000000707d00000, 0x0000000707d00000, 0x0000000707e00000|  0%| F|  |TAMS 0x0000000707d00000, 0x0000000707d00000| Untracked 
| 114|0x0000000707e00000, 0x0000000707e00000, 0x0000000707f00000|  0%| F|  |TAMS 0x0000000707e00000, 0x0000000707e00000| Untracked 
| 115|0x0000000707f00000, 0x0000000707f00000, 0x0000000708000000|  0%| F|  |TAMS 0x0000000707f00000, 0x0000000707f00000| Untracked 
| 116|0x0000000708000000, 0x0000000708000000, 0x0000000708100000|  0%| F|  |TAMS 0x0000000708000000, 0x0000000708000000| Untracked 
| 117|0x0000000708100000, 0x0000000708100000, 0x0000000708200000|  0%| F|  |TAMS 0x0000000708100000, 0x0000000708100000| Untracked 
| 118|0x0000000708200000, 0x0000000708200000, 0x0000000708300000|  0%| F|  |TAMS 0x0000000708200000, 0x0000000708200000| Untracked 
| 119|0x0000000708300000, 0x0000000708300000, 0x0000000708400000|  0%| F|  |TAMS 0x0000000708300000, 0x0000000708300000| Untracked 
| 120|0x0000000708400000, 0x0000000708400000, 0x0000000708500000|  0%| F|  |TAMS 0x0000000708400000, 0x0000000708400000| Untracked 
| 121|0x0000000708500000, 0x0000000708500000, 0x0000000708600000|  0%| F|  |TAMS 0x0000000708500000, 0x0000000708500000| Untracked 
| 122|0x0000000708600000, 0x0000000708600000, 0x0000000708700000|  0%| F|  |TAMS 0x0000000708600000, 0x0000000708600000| Untracked 
| 123|0x0000000708700000, 0x0000000708700000, 0x0000000708800000|  0%| F|  |TAMS 0x0000000708700000, 0x0000000708700000| Untracked 
| 124|0x0000000708800000, 0x0000000708800000, 0x0000000708900000|  0%| F|  |TAMS 0x0000000708800000, 0x0000000708800000| Untracked 
| 125|0x0000000708900000, 0x0000000708900000, 0x0000000708a00000|  0%| F|  |TAMS 0x0000000708900000, 0x0000000708900000| Untracked 
| 126|0x0000000708a00000, 0x0000000708a00000, 0x0000000708b00000|  0%| F|  |TAMS 0x0000000708a00000, 0x0000000708a00000| Untracked 
| 127|0x0000000708b00000, 0x0000000708b00000, 0x0000000708c00000|  0%| F|  |TAMS 0x0000000708b00000, 0x0000000708b00000| Untracked 
| 128|0x0000000708c00000, 0x0000000708c00000, 0x0000000708d00000|  0%| F|  |TAMS 0x0000000708c00000, 0x0000000708c00000| Untracked 
| 129|0x0000000708d00000, 0x0000000708d00000, 0x0000000708e00000|  0%| F|  |TAMS 0x0000000708d00000, 0x0000000708d00000| Untracked 
| 130|0x0000000708e00000, 0x0000000708e00000, 0x0000000708f00000|  0%| F|  |TAMS 0x0000000708e00000, 0x0000000708e00000| Untracked 
| 131|0x0000000708f00000, 0x0000000708f00000, 0x0000000709000000|  0%| F|  |TAMS 0x0000000708f00000, 0x0000000708f00000| Untracked 
| 132|0x0000000709000000, 0x0000000709000000, 0x0000000709100000|  0%| F|  |TAMS 0x0000000709000000, 0x0000000709000000| Untracked 
| 133|0x0000000709100000, 0x0000000709100000, 0x0000000709200000|  0%| F|  |TAMS 0x0000000709100000, 0x0000000709100000| Untracked 
| 134|0x0000000709200000, 0x0000000709200000, 0x0000000709300000|  0%| F|  |TAMS 0x0000000709200000, 0x0000000709200000| Untracked 
| 135|0x0000000709300000, 0x0000000709300000, 0x0000000709400000|  0%| F|  |TAMS 0x0000000709300000, 0x0000000709300000| Untracked 
| 136|0x0000000709400000, 0x0000000709400000, 0x0000000709500000|  0%| F|  |TAMS 0x0000000709400000, 0x0000000709400000| Untracked 
| 137|0x0000000709500000, 0x0000000709500000, 0x0000000709600000|  0%| F|  |TAMS 0x0000000709500000, 0x0000000709500000| Untracked 
| 138|0x0000000709600000, 0x0000000709600000, 0x0000000709700000|  0%| F|  |TAMS 0x0000000709600000, 0x0000000709600000| Untracked 
| 139|0x0000000709700000, 0x0000000709700000, 0x0000000709800000|  0%| F|  |TAMS 0x0000000709700000, 0x0000000709700000| Untracked 
| 140|0x0000000709800000, 0x0000000709800000, 0x0000000709900000|  0%| F|  |TAMS 0x0000000709800000, 0x0000000709800000| Untracked 
| 141|0x0000000709900000, 0x0000000709900000, 0x0000000709a00000|  0%| F|  |TAMS 0x0000000709900000, 0x0000000709900000| Untracked 
| 142|0x0000000709a00000, 0x0000000709a00000, 0x0000000709b00000|  0%| F|  |TAMS 0x0000000709a00000, 0x0000000709a00000| Untracked 
| 143|0x0000000709b00000, 0x0000000709b00000, 0x0000000709c00000|  0%| F|  |TAMS 0x0000000709b00000, 0x0000000709b00000| Untracked 
| 144|0x0000000709c00000, 0x0000000709c00000, 0x0000000709d00000|  0%| F|  |TAMS 0x0000000709c00000, 0x0000000709c00000| Untracked 
| 145|0x0000000709d00000, 0x0000000709d00000, 0x0000000709e00000|  0%| F|  |TAMS 0x0000000709d00000, 0x0000000709d00000| Untracked 
| 146|0x0000000709e00000, 0x0000000709e00000, 0x0000000709f00000|  0%| F|  |TAMS 0x0000000709e00000, 0x0000000709e00000| Untracked 
| 147|0x0000000709f00000, 0x0000000709f00000, 0x000000070a000000|  0%| F|  |TAMS 0x0000000709f00000, 0x0000000709f00000| Untracked 
| 148|0x000000070a000000, 0x000000070a000000, 0x000000070a100000|  0%| F|  |TAMS 0x000000070a000000, 0x000000070a000000| Untracked 
| 149|0x000000070a100000, 0x000000070a100000, 0x000000070a200000|  0%| F|  |TAMS 0x000000070a100000, 0x000000070a100000| Untracked 
| 150|0x000000070a200000, 0x000000070a200000, 0x000000070a300000|  0%| F|  |TAMS 0x000000070a200000, 0x000000070a200000| Untracked 
| 151|0x000000070a300000, 0x000000070a300000, 0x000000070a400000|  0%| F|  |TAMS 0x000000070a300000, 0x000000070a300000| Untracked 
| 152|0x000000070a400000, 0x000000070a400000, 0x000000070a500000|  0%| F|  |TAMS 0x000000070a400000, 0x000000070a400000| Untracked 
| 153|0x000000070a500000, 0x000000070a500000, 0x000000070a600000|  0%| F|  |TAMS 0x000000070a500000, 0x000000070a500000| Untracked 
| 154|0x000000070a600000, 0x000000070a600000, 0x000000070a700000|  0%| F|  |TAMS 0x000000070a600000, 0x000000070a600000| Untracked 
| 155|0x000000070a700000, 0x000000070a700000, 0x000000070a800000|  0%| F|  |TAMS 0x000000070a700000, 0x000000070a700000| Untracked 
| 156|0x000000070a800000, 0x000000070a800000, 0x000000070a900000|  0%| F|  |TAMS 0x000000070a800000, 0x000000070a800000| Untracked 
| 157|0x000000070a900000, 0x000000070a900000, 0x000000070aa00000|  0%| F|  |TAMS 0x000000070a900000, 0x000000070a900000| Untracked 
| 158|0x000000070aa00000, 0x000000070aa00000, 0x000000070ab00000|  0%| F|  |TAMS 0x000000070aa00000, 0x000000070aa00000| Untracked 
| 159|0x000000070ab00000, 0x000000070ab00000, 0x000000070ac00000|  0%| F|  |TAMS 0x000000070ab00000, 0x000000070ab00000| Untracked 
| 160|0x000000070ac00000, 0x000000070ac00000, 0x000000070ad00000|  0%| F|  |TAMS 0x000000070ac00000, 0x000000070ac00000| Untracked 
| 161|0x000000070ad00000, 0x000000070ad00000, 0x000000070ae00000|  0%| F|  |TAMS 0x000000070ad00000, 0x000000070ad00000| Untracked 
| 162|0x000000070ae00000, 0x000000070ae00000, 0x000000070af00000|  0%| F|  |TAMS 0x000000070ae00000, 0x000000070ae00000| Untracked 
| 163|0x000000070af00000, 0x000000070af00000, 0x000000070b000000|  0%| F|  |TAMS 0x000000070af00000, 0x000000070af00000| Untracked 
| 164|0x000000070b000000, 0x000000070b000000, 0x000000070b100000|  0%| F|  |TAMS 0x000000070b000000, 0x000000070b000000| Untracked 
| 165|0x000000070b100000, 0x000000070b100000, 0x000000070b200000|  0%| F|  |TAMS 0x000000070b100000, 0x000000070b100000| Untracked 
| 166|0x000000070b200000, 0x000000070b200000, 0x000000070b300000|  0%| F|  |TAMS 0x000000070b200000, 0x000000070b200000| Untracked 
| 167|0x000000070b300000, 0x000000070b300000, 0x000000070b400000|  0%| F|  |TAMS 0x000000070b300000, 0x000000070b300000| Untracked 
| 168|0x000000070b400000, 0x000000070b400000, 0x000000070b500000|  0%| F|  |TAMS 0x000000070b400000, 0x000000070b400000| Untracked 
| 169|0x000000070b500000, 0x000000070b500000, 0x000000070b600000|  0%| F|  |TAMS 0x000000070b500000, 0x000000070b500000| Untracked 
| 170|0x000000070b600000, 0x000000070b600000, 0x000000070b700000|  0%| F|  |TAMS 0x000000070b600000, 0x000000070b600000| Untracked 
| 171|0x000000070b700000, 0x000000070b700000, 0x000000070b800000|  0%| F|  |TAMS 0x000000070b700000, 0x000000070b700000| Untracked 
| 172|0x000000070b800000, 0x000000070b800000, 0x000000070b900000|  0%| F|  |TAMS 0x000000070b800000, 0x000000070b800000| Untracked 
| 173|0x000000070b900000, 0x000000070b900000, 0x000000070ba00000|  0%| F|  |TAMS 0x000000070b900000, 0x000000070b900000| Untracked 
| 174|0x000000070ba00000, 0x000000070ba00000, 0x000000070bb00000|  0%| F|  |TAMS 0x000000070ba00000, 0x000000070ba00000| Untracked 
| 175|0x000000070bb00000, 0x000000070bb00000, 0x000000070bc00000|  0%| F|  |TAMS 0x000000070bb00000, 0x000000070bb00000| Untracked 
| 176|0x000000070bc00000, 0x000000070bc00000, 0x000000070bd00000|  0%| F|  |TAMS 0x000000070bc00000, 0x000000070bc00000| Untracked 
| 177|0x000000070bd00000, 0x000000070bd00000, 0x000000070be00000|  0%| F|  |TAMS 0x000000070bd00000, 0x000000070bd00000| Untracked 
| 178|0x000000070be00000, 0x000000070be00000, 0x000000070bf00000|  0%| F|  |TAMS 0x000000070be00000, 0x000000070be00000| Untracked 
| 179|0x000000070bf00000, 0x000000070bf00000, 0x000000070c000000|  0%| F|  |TAMS 0x000000070bf00000, 0x000000070bf00000| Untracked 
| 180|0x000000070c000000, 0x000000070c000000, 0x000000070c100000|  0%| F|  |TAMS 0x000000070c000000, 0x000000070c000000| Untracked 
| 181|0x000000070c100000, 0x000000070c100000, 0x000000070c200000|  0%| F|  |TAMS 0x000000070c100000, 0x000000070c100000| Untracked 
| 182|0x000000070c200000, 0x000000070c200000, 0x000000070c300000|  0%| F|  |TAMS 0x000000070c200000, 0x000000070c200000| Untracked 
| 183|0x000000070c300000, 0x000000070c300000, 0x000000070c400000|  0%| F|  |TAMS 0x000000070c300000, 0x000000070c300000| Untracked 
| 184|0x000000070c400000, 0x000000070c400000, 0x000000070c500000|  0%| F|  |TAMS 0x000000070c400000, 0x000000070c400000| Untracked 
| 185|0x000000070c500000, 0x000000070c500000, 0x000000070c600000|  0%| F|  |TAMS 0x000000070c500000, 0x000000070c500000| Untracked 
| 186|0x000000070c600000, 0x000000070c600000, 0x000000070c700000|  0%| F|  |TAMS 0x000000070c600000, 0x000000070c600000| Untracked 
| 187|0x000000070c700000, 0x000000070c700000, 0x000000070c800000|  0%| F|  |TAMS 0x000000070c700000, 0x000000070c700000| Untracked 
| 188|0x000000070c800000, 0x000000070c800000, 0x000000070c900000|  0%| F|  |TAMS 0x000000070c800000, 0x000000070c800000| Untracked 
| 189|0x000000070c900000, 0x000000070c900000, 0x000000070ca00000|  0%| F|  |TAMS 0x000000070c900000, 0x000000070c900000| Untracked 
| 190|0x000000070ca00000, 0x000000070ca00000, 0x000000070cb00000|  0%| F|  |TAMS 0x000000070ca00000, 0x000000070ca00000| Untracked 
| 191|0x000000070cb00000, 0x000000070cb00000, 0x000000070cc00000|  0%| F|  |TAMS 0x000000070cb00000, 0x000000070cb00000| Untracked 
| 192|0x000000070cc00000, 0x000000070cc00000, 0x000000070cd00000|  0%| F|  |TAMS 0x000000070cc00000, 0x000000070cc00000| Untracked 
| 193|0x000000070cd00000, 0x000000070cd00000, 0x000000070ce00000|  0%| F|  |TAMS 0x000000070cd00000, 0x000000070cd00000| Untracked 
| 194|0x000000070ce00000, 0x000000070ce00000, 0x000000070cf00000|  0%| F|  |TAMS 0x000000070ce00000, 0x000000070ce00000| Untracked 
| 195|0x000000070cf00000, 0x000000070cf00000, 0x000000070d000000|  0%| F|  |TAMS 0x000000070cf00000, 0x000000070cf00000| Untracked 
| 196|0x000000070d000000, 0x000000070d000000, 0x000000070d100000|  0%| F|  |TAMS 0x000000070d000000, 0x000000070d000000| Untracked 
| 197|0x000000070d100000, 0x000000070d100000, 0x000000070d200000|  0%| F|  |TAMS 0x000000070d100000, 0x000000070d100000| Untracked 
| 198|0x000000070d200000, 0x000000070d200000, 0x000000070d300000|  0%| F|  |TAMS 0x000000070d200000, 0x000000070d200000| Untracked 
| 199|0x000000070d300000, 0x000000070d300000, 0x000000070d400000|  0%| F|  |TAMS 0x000000070d300000, 0x000000070d300000| Untracked 
| 200|0x000000070d400000, 0x000000070d400000, 0x000000070d500000|  0%| F|  |TAMS 0x000000070d400000, 0x000000070d400000| Untracked 
| 201|0x000000070d500000, 0x000000070d500000, 0x000000070d600000|  0%| F|  |TAMS 0x000000070d500000, 0x000000070d500000| Untracked 
| 202|0x000000070d600000, 0x000000070d600000, 0x000000070d700000|  0%| F|  |TAMS 0x000000070d600000, 0x000000070d600000| Untracked 
| 203|0x000000070d700000, 0x000000070d700000, 0x000000070d800000|  0%| F|  |TAMS 0x000000070d700000, 0x000000070d700000| Untracked 
| 204|0x000000070d800000, 0x000000070d800000, 0x000000070d900000|  0%| F|  |TAMS 0x000000070d800000, 0x000000070d800000| Untracked 
| 205|0x000000070d900000, 0x000000070d900000, 0x000000070da00000|  0%| F|  |TAMS 0x000000070d900000, 0x000000070d900000| Untracked 
| 206|0x000000070da00000, 0x000000070da00000, 0x000000070db00000|  0%| F|  |TAMS 0x000000070da00000, 0x000000070da00000| Untracked 
| 207|0x000000070db00000, 0x000000070db00000, 0x000000070dc00000|  0%| F|  |TAMS 0x000000070db00000, 0x000000070db00000| Untracked 
| 208|0x000000070dc00000, 0x000000070dc00000, 0x000000070dd00000|  0%| F|  |TAMS 0x000000070dc00000, 0x000000070dc00000| Untracked 
| 209|0x000000070dd00000, 0x000000070dd00000, 0x000000070de00000|  0%| F|  |TAMS 0x000000070dd00000, 0x000000070dd00000| Untracked 
| 210|0x000000070de00000, 0x000000070de00000, 0x000000070df00000|  0%| F|  |TAMS 0x000000070de00000, 0x000000070de00000| Untracked 
| 211|0x000000070df00000, 0x000000070df00000, 0x000000070e000000|  0%| F|  |TAMS 0x000000070df00000, 0x000000070df00000| Untracked 
| 212|0x000000070e000000, 0x000000070e000000, 0x000000070e100000|  0%| F|  |TAMS 0x000000070e000000, 0x000000070e000000| Untracked 
| 213|0x000000070e100000, 0x000000070e100000, 0x000000070e200000|  0%| F|  |TAMS 0x000000070e100000, 0x000000070e100000| Untracked 
| 214|0x000000070e200000, 0x000000070e200000, 0x000000070e300000|  0%| F|  |TAMS 0x000000070e200000, 0x000000070e200000| Untracked 
| 215|0x000000070e300000, 0x000000070e300000, 0x000000070e400000|  0%| F|  |TAMS 0x000000070e300000, 0x000000070e300000| Untracked 
| 216|0x000000070e400000, 0x000000070e400000, 0x000000070e500000|  0%| F|  |TAMS 0x000000070e400000, 0x000000070e400000| Untracked 
| 217|0x000000070e500000, 0x000000070e500000, 0x000000070e600000|  0%| F|  |TAMS 0x000000070e500000, 0x000000070e500000| Untracked 
| 218|0x000000070e600000, 0x000000070e600000, 0x000000070e700000|  0%| F|  |TAMS 0x000000070e600000, 0x000000070e600000| Untracked 
| 219|0x000000070e700000, 0x000000070e700000, 0x000000070e800000|  0%| F|  |TAMS 0x000000070e700000, 0x000000070e700000| Untracked 
| 220|0x000000070e800000, 0x000000070e800000, 0x000000070e900000|  0%| F|  |TAMS 0x000000070e800000, 0x000000070e800000| Untracked 
| 221|0x000000070e900000, 0x000000070e900000, 0x000000070ea00000|  0%| F|  |TAMS 0x000000070e900000, 0x000000070e900000| Untracked 
| 222|0x000000070ea00000, 0x000000070ea00000, 0x000000070eb00000|  0%| F|  |TAMS 0x000000070ea00000, 0x000000070ea00000| Untracked 
| 223|0x000000070eb00000, 0x000000070eb00000, 0x000000070ec00000|  0%| F|  |TAMS 0x000000070eb00000, 0x000000070eb00000| Untracked 
| 224|0x000000070ec00000, 0x000000070ec00000, 0x000000070ed00000|  0%| F|  |TAMS 0x000000070ec00000, 0x000000070ec00000| Untracked 
| 225|0x000000070ed00000, 0x000000070ed00000, 0x000000070ee00000|  0%| F|  |TAMS 0x000000070ed00000, 0x000000070ed00000| Untracked 
| 226|0x000000070ee00000, 0x000000070ee00000, 0x000000070ef00000|  0%| F|  |TAMS 0x000000070ee00000, 0x000000070ee00000| Untracked 
| 227|0x000000070ef00000, 0x000000070ef00000, 0x000000070f000000|  0%| F|  |TAMS 0x000000070ef00000, 0x000000070ef00000| Untracked 
| 228|0x000000070f000000, 0x000000070f000000, 0x000000070f100000|  0%| F|  |TAMS 0x000000070f000000, 0x000000070f000000| Untracked 
| 229|0x000000070f100000, 0x000000070f1c3c28, 0x000000070f200000| 76%| S|CS|TAMS 0x000000070f100000, 0x000000070f100000| Complete 
| 230|0x000000070f200000, 0x000000070f300000, 0x000000070f300000|100%| S|CS|TAMS 0x000000070f200000, 0x000000070f200000| Complete 
| 231|0x000000070f300000, 0x000000070f400000, 0x000000070f400000|100%| S|CS|TAMS 0x000000070f300000, 0x000000070f300000| Complete 
| 232|0x000000070f400000, 0x000000070f400000, 0x000000070f500000|  0%| F|  |TAMS 0x000000070f400000, 0x000000070f400000| Untracked 
| 233|0x000000070f500000, 0x000000070f582010, 0x000000070f600000| 50%| E|  |TAMS 0x000000070f500000, 0x000000070f500000| Complete 
| 234|0x000000070f600000, 0x000000070f700000, 0x000000070f700000|100%| E|CS|TAMS 0x000000070f600000, 0x000000070f600000| Complete 
| 235|0x000000070f700000, 0x000000070f800000, 0x000000070f800000|100%| E|CS|TAMS 0x000000070f700000, 0x000000070f700000| Complete 
| 236|0x000000070f800000, 0x000000070f900000, 0x000000070f900000|100%| E|CS|TAMS 0x000000070f800000, 0x000000070f800000| Complete 
| 237|0x000000070f900000, 0x000000070fa00000, 0x000000070fa00000|100%| E|CS|TAMS 0x000000070f900000, 0x000000070f900000| Complete 
| 238|0x000000070fa00000, 0x000000070fb00000, 0x000000070fb00000|100%| E|CS|TAMS 0x000000070fa00000, 0x000000070fa00000| Complete 
| 239|0x000000070fb00000, 0x000000070fc00000, 0x000000070fc00000|100%| E|CS|TAMS 0x000000070fb00000, 0x000000070fb00000| Complete 
| 240|0x000000070fc00000, 0x000000070fd00000, 0x000000070fd00000|100%| E|CS|TAMS 0x000000070fc00000, 0x000000070fc00000| Complete 
| 241|0x000000070fd00000, 0x000000070fe00000, 0x000000070fe00000|100%| E|CS|TAMS 0x000000070fd00000, 0x000000070fd00000| Complete 
| 242|0x000000070fe00000, 0x000000070ff00000, 0x000000070ff00000|100%| E|CS|TAMS 0x000000070fe00000, 0x000000070fe00000| Complete 
| 243|0x000000070ff00000, 0x0000000710000000, 0x0000000710000000|100%| E|CS|TAMS 0x000000070ff00000, 0x000000070ff00000| Complete 
| 244|0x0000000710000000, 0x0000000710100000, 0x0000000710100000|100%| E|CS|TAMS 0x0000000710000000, 0x0000000710000000| Complete 
| 245|0x0000000710100000, 0x0000000710200000, 0x0000000710200000|100%| E|CS|TAMS 0x0000000710100000, 0x0000000710100000| Complete 
| 246|0x0000000710200000, 0x0000000710300000, 0x0000000710300000|100%| E|  |TAMS 0x0000000710200000, 0x0000000710200000| Complete 
| 247|0x0000000710300000, 0x0000000710400000, 0x0000000710400000|100%| E|CS|TAMS 0x0000000710300000, 0x0000000710300000| Complete 
| 248|0x0000000710400000, 0x0000000710500000, 0x0000000710500000|100%| E|CS|TAMS 0x0000000710400000, 0x0000000710400000| Complete 
| 249|0x0000000710500000, 0x0000000710600000, 0x0000000710600000|100%| E|CS|TAMS 0x0000000710500000, 0x0000000710500000| Complete 
| 250|0x0000000710600000, 0x0000000710700000, 0x0000000710700000|100%| E|CS|TAMS 0x0000000710600000, 0x0000000710600000| Complete 
| 251|0x0000000710700000, 0x0000000710800000, 0x0000000710800000|100%| E|CS|TAMS 0x0000000710700000, 0x0000000710700000| Complete 
| 252|0x0000000710800000, 0x0000000710900000, 0x0000000710900000|100%| E|CS|TAMS 0x0000000710800000, 0x0000000710800000| Complete 
| 253|0x0000000710900000, 0x0000000710a00000, 0x0000000710a00000|100%| E|CS|TAMS 0x0000000710900000, 0x0000000710900000| Complete 
| 254|0x0000000710a00000, 0x0000000710b00000, 0x0000000710b00000|100%| E|CS|TAMS 0x0000000710a00000, 0x0000000710a00000| Complete 
| 255|0x0000000710b00000, 0x0000000710c00000, 0x0000000710c00000|100%| E|CS|TAMS 0x0000000710b00000, 0x0000000710b00000| Complete 

Card table byte_map: [0x0000025ef0ef0000,0x0000025ef16f0000] _byte_map_base: 0x0000025eed6ea000

Marking Bits (Prev, Next): (CMBitMap*) 0x0000025ed6ba7c38, (CMBitMap*) 0x0000025ed6ba7c78
 Prev Bits: [0x0000025ef1ef0000, 0x0000025ef5ec0000)
 Next Bits: [0x0000025ef5ec0000, 0x0000025ef9e90000)

Polling page: 0x0000025ed6850000

Metaspace:

Usage:
  Non-class:      8.20 MB capacity,     7.96 MB ( 97%) used,   229.39 KB (  3%) free+waste,    13.19 KB ( <1%) overhead. 
      Class:    892.00 KB capacity,   817.62 KB ( 92%) used,    68.01 KB (  8%) free+waste,     6.38 KB ( <1%) overhead. 
       Both:      9.07 MB capacity,     8.76 MB ( 97%) used,   297.40 KB (  3%) free+waste,    19.56 KB ( <1%) overhead. 

Virtual space:
  Non-class space:       10.00 MB reserved,       8.25 MB ( 83%) committed 
      Class space:        1.00 GB reserved,     896.00 KB ( <1%) committed 
             Both:        1.01 GB reserved,       9.13 MB ( <1%) committed 

Chunk freelists:
   Non-Class:  6.75 KB
       Class:  512 bytes
        Both:  7.25 KB

CodeHeap 'non-profiled nmethods': size=119168Kb used=1016Kb max_used=1016Kb free=118151Kb
 bounds [0x0000025ee82d0000, 0x0000025ee8540000, 0x0000025eef730000]
CodeHeap 'profiled nmethods': size=119168Kb used=3952Kb max_used=3952Kb free=115215Kb
 bounds [0x0000025ee0e70000, 0x0000025ee1250000, 0x0000025ee82d0000]
CodeHeap 'non-nmethods': size=7424Kb used=1246Kb max_used=2938Kb free=6177Kb
 bounds [0x0000025ee0730000, 0x0000025ee0a20000, 0x0000025ee0e70000]
 total_blobs=2990 nmethods=1821 adapters=539
 compilation: enabled
              stopped_count=0, restarted_count=0
 full_count=0

Compilation events (10 events):
Event: 11.259 Thread 0x0000025efd890000 nmethod 1816 0x0000025ee83ccd90 code [0x0000025ee83ccf40, 0x0000025ee83cd078]
Event: 11.259 Thread 0x0000025efd890000 1817       1       jdk.internal.util.xml.impl.XMLStreamWriterImpl$Element::isEmpty (5 bytes)
Event: 11.259 Thread 0x0000025efd890000 nmethod 1817 0x0000025ee83cd110 code [0x0000025ee83cd2c0, 0x0000025ee83cd3f8]
Event: 11.259 Thread 0x0000025efd890000 1818       1       jdk.internal.util.xml.impl.XMLStreamWriterImpl$Element::getParent (5 bytes)
Event: 11.259 Thread 0x0000025efd890000 nmethod 1818 0x0000025ee83cd490 code [0x0000025ee83cd640, 0x0000025ee83cd778]
Event: 11.261 Thread 0x0000025efd887000 nmethod 1819 0x0000025ee83cd810 code [0x0000025ee83cda20, 0x0000025ee83cdd38]
Event: 11.275 Thread 0x0000025efd890000 1820       3       com.watabou.noosa.Gizmo::destroy (6 bytes)
Event: 11.276 Thread 0x0000025efd890000 nmethod 1820 0x0000025ee124be10 code [0x0000025ee124bfc0, 0x0000025ee124c178]
Event: 11.276 Thread 0x0000025efd887000 1821       4       java.lang.CharacterDataLatin1::toUpperCase (53 bytes)
Event: 11.277 Thread 0x0000025efd887000 nmethod 1821 0x0000025ee83cdf10 code [0x0000025ee83ce0a0, 0x0000025ee83ce198]

GC Heap History (2 events):
Event: 0.931 GC heap before
{Heap before GC invocations=0 (full 0):
 garbage-first heap   total 262144K, used 23552K [0x0000000700c00000, 0x0000000800000000)
  region size 1024K, 24 young (24576K), 0 survivors (0K)
 Metaspace       used 6488K, capacity 7306K, committed 7424K, reserved 1056768K
  class space    used 543K, capacity 659K, committed 768K, reserved 1048576K
}
Event: 0.934 GC heap after
{Heap after GC invocations=1 (full 0):
 garbage-first heap   total 262144K, used 2831K [0x0000000700c00000, 0x0000000800000000)
  region size 1024K, 3 young (3072K), 3 survivors (3072K)
 Metaspace       used 6488K, capacity 7306K, committed 7424K, reserved 1056768K
  class space    used 543K, capacity 659K, committed 768K, reserved 1048576K
}

Deoptimization events (10 events):
Event: 5.441 Thread 0x0000025efe2e5800 Uncommon trap: reason=profile_predicate action=maybe_recompile pc=0x0000025ee832b848 method=javazoom.jl.decoder.LayerIIIDecoder.stereo(I)V @ 1894 c2
Event: 5.461 Thread 0x0000025efe2e5800 Uncommon trap: reason=unstable_if action=reinterpret pc=0x0000025ee836cdac method=com.badlogic.gdx.graphics.g2d.freetype.FreeTypeFontGenerator$FreeTypeBitmapFontData.getGlyph(C)Lcom/badlogic/gdx/graphics/g2d/BitmapFont$Glyph; @ 7 c2
Event: 6.269 Thread 0x0000025efe2e5800 Uncommon trap: reason=profile_predicate action=maybe_recompile pc=0x0000025ee83991b0 method=javazoom.jl.decoder.LayerIIIDecoder.stereo(I)V @ 1889 c2
Event: 6.269 Thread 0x0000025efe2e5800 Uncommon trap: reason=profile_predicate action=maybe_recompile pc=0x0000025ee83991b0 method=javazoom.jl.decoder.LayerIIIDecoder.stereo(I)V @ 1889 c2
Event: 6.503 Thread 0x0000025efe2e5800 Uncommon trap: reason=profile_predicate action=maybe_recompile pc=0x0000025ee839d7f0 method=javazoom.jl.decoder.LayerIIIDecoder.stereo(I)V @ 1897 c2
Event: 6.503 Thread 0x0000025efe2e5800 Uncommon trap: reason=profile_predicate action=maybe_recompile pc=0x0000025ee839d7f0 method=javazoom.jl.decoder.LayerIIIDecoder.stereo(I)V @ 1897 c2
Event: 7.852 Thread 0x0000025efe2e5800 Uncommon trap: reason=unstable_if action=reinterpret pc=0x0000025ee83aa480 method=com.watabou.noosa.Group.update()V @ 37 c2
Event: 7.854 Thread 0x0000025efe2e5800 Uncommon trap: reason=unstable_if action=reinterpret pc=0x0000025ee83a4bf4 method=com.watabou.noosa.NoosaScript.camera(Lcom/watabou/noosa/Camera;)V @ 43 c2
Event: 7.855 Thread 0x0000025efe2e5800 Uncommon trap: reason=unstable_if action=reinterpret pc=0x0000025ee83a9774 method=com.watabou.noosa.Visual.updateMatrix()V @ 108 c2
Event: 7.855 Thread 0x0000025efe2e5800 Uncommon trap: reason=unstable_if action=reinterpret pc=0x0000025ee839b7e8 method=com.watabou.noosa.Gizmo.isVisible()Z @ 16 c2

Classes redefined (0 events):
No events

Internal exceptions (10 events):
Event: 0.155 Thread 0x0000025ed6b45000 Exception <a 'java/lang/NoSuchMethodError'{0x000000071060c188}: java.lang.invoke.DirectMethodHandle$Holder.invokeStaticInit(Ljava/lang/Object;IIII)Ljava/lang/Object;> (0x000000071060c188) thrown at [t:/workspace/open/src/hotspot/share/interpreter/linkReso
Event: 0.306 Thread 0x0000025ed6b45000 Exception <a 'java/lang/NoSuchMethodError'{0x0000000710668830}: java.lang.invoke.DirectMethodHandle$Holder.invokeStaticInit(Ljava/lang/Object;Ljava/lang/Object;IIII)Ljava/lang/Object;> (0x0000000710668830) thrown at [t:/workspace/open/src/hotspot/share/in
Event: 0.684 Thread 0x0000025efe2e5800 Exception <a 'java/lang/ClassNotFoundException'{0x00000007101b0440}: sun/awt/resources/spi/awtProvider> (0x00000007101b0440) thrown at [t:/workspace/open/src/hotspot/share/classfile/systemDictionary.cpp, line 235]
Event: 0.698 Thread 0x0000025efe2e5800 Exception <a 'java/io/FileNotFoundException'{0x0000000710005250}> (0x0000000710005250) thrown at [t:/workspace/open/src/hotspot/share/prims/jni.cpp, line 615]
Event: 0.707 Thread 0x0000025efe2e5800 Exception <a 'java/io/FileNotFoundException'{0x0000000710072080}> (0x0000000710072080) thrown at [t:/workspace/open/src/hotspot/share/prims/jni.cpp, line 615]
Event: 0.732 Thread 0x0000025effd28800 Exception <a 'java/lang/NoSuchMethodError'{0x00000007100fb178}: java.lang.invoke.DirectMethodHandle$Holder.invokeSpecial(Ljava/lang/Object;Ljava/lang/Object;)V> (0x00000007100fb178) thrown at [t:/workspace/open/src/hotspot/share/interpreter/linkResolver.c
Event: 0.733 Thread 0x0000025efe2e5800 Exception <a 'java/lang/NoSuchMethodError'{0x00000007100d23b0}: java.lang.invoke.DirectMethodHandle$Holder.invokeStatic(Ljava/lang/Object;Ljava/lang/Object;Ljava/lang/Object;Ljava/lang/Object;Ljava/lang/Object;Ljava/lang/Object;Ljava/lang/Object;J)Ljava/l
Event: 1.113 Thread 0x0000025efe2e5800 Exception <a 'java/io/FileNotFoundException'{0x000000070fb31398}> (0x000000070fb31398) thrown at [t:/workspace/open/src/hotspot/share/prims/jni.cpp, line 615]
Event: 1.119 Thread 0x0000025efe2e5800 Exception <a 'java/io/FileNotFoundException'{0x000000070fb41458}> (0x000000070fb41458) thrown at [t:/workspace/open/src/hotspot/share/prims/jni.cpp, line 615]
Event: 1.123 Thread 0x0000025efe2e5800 Exception <a 'java/io/FileNotFoundException'{0x000000070fb48d38}> (0x000000070fb48d38) thrown at [t:/workspace/open/src/hotspot/share/prims/jni.cpp, line 615]

Events (10 events):
Event: 7.855 Thread 0x0000025efe2e5800 DEOPT PACKING pc=0x0000025ee839b7e8 sp=0x0000005f53efefd0
Event: 7.855 Thread 0x0000025efe2e5800 DEOPT UNPACKING pc=0x0000025ee0759c2f sp=0x0000005f53efef68 mode 2
Event: 8.449 Thread 0x0000025e8825f000 Thread exited: 0x0000025e8825f000
Event: 10.490 Thread 0x0000025efd9b3800 Thread exited: 0x0000025efd9b3800
Event: 11.159 loading class com/watabou/utils/GameMath
Event: 11.159 loading class com/watabou/utils/GameMath done
Event: 11.276 loading class com/badlogic/gdx/utils/LongMap$Values
Event: 11.276 loading class com/badlogic/gdx/utils/LongMap$Values done
Event: 11.276 loading class com/badlogic/gdx/utils/LongMap$MapIterator
Event: 11.276 loading class com/badlogic/gdx/utils/LongMap$MapIterator done


Dynamic libraries:
0x00007ff63ec20000 - 0x00007ff63ec2f000 	C:\Program Files\Java\jdk-12.0.1\bin\java.exe
0x00007ff830100000 - 0x00007ff8302f0000 	C:\WINDOWS\SYSTEM32\ntdll.dll
0x00007ff82fc60000 - 0x00007ff82fd12000 	C:\WINDOWS\System32\KERNEL32.DLL
0x00007ff82d0f0000 - 0x00007ff82d393000 	C:\WINDOWS\System32\KERNELBASE.dll
0x00007ff82d450000 - 0x00007ff82d54a000 	C:\WINDOWS\System32\ucrtbase.dll
0x00007ff8280f0000 - 0x00007ff828108000 	C:\Program Files\Java\jdk-12.0.1\bin\jli.dll
0x00007ff820cf0000 - 0x00007ff820d06000 	C:\Program Files\Java\jdk-12.0.1\bin\VCRUNTIME140.dll
0x00007ff82ea20000 - 0x00007ff82eac3000 	C:\WINDOWS\System32\ADVAPI32.dll
0x00007ff82feb0000 - 0x00007ff82ff4e000 	C:\WINDOWS\System32\msvcrt.dll
0x00007ff830020000 - 0x00007ff8300b7000 	C:\WINDOWS\System32\sechost.dll
0x00007ff82fd90000 - 0x00007ff82feb0000 	C:\WINDOWS\System32\RPCRT4.dll
0x00007ff82e5e0000 - 0x00007ff82e774000 	C:\WINDOWS\System32\USER32.dll
0x00007ff82d090000 - 0x00007ff82d0b1000 	C:\WINDOWS\System32\win32u.dll
0x00007ff81b970000 - 0x00007ff81bbf5000 	C:\WINDOWS\WinSxS\amd64_microsoft.windows.common-controls_6595b64144ccf1df_6.0.18362.778_none_e6c6b761130d4fb8\COMCTL32.dll
0x00007ff82faf0000 - 0x00007ff82fb16000 	C:\WINDOWS\System32\GDI32.dll
0x00007ff82e290000 - 0x00007ff82e5c6000 	C:\WINDOWS\System32\combase.dll
0x00007ff82dec0000 - 0x00007ff82e054000 	C:\WINDOWS\System32\gdi32full.dll
0x00007ff82d670000 - 0x00007ff82d6f0000 	C:\WINDOWS\System32\bcryptPrimitives.dll
0x00007ff82d550000 - 0x00007ff82d5ee000 	C:\WINDOWS\System32\msvcp_win.dll
0x00007ff824e90000 - 0x00007ff824e9a000 	C:\WINDOWS\SYSTEM32\VERSION.dll
0x00007ff82e7e0000 - 0x00007ff82e80e000 	C:\WINDOWS\System32\IMM32.DLL
0x00007ff80c000000 - 0x00007ff80c0aa000 	C:\Program Files\Java\jdk-12.0.1\bin\msvcp140.dll
0x00007fffd67a0000 - 0x00007fffd7314000 	C:\Program Files\Java\jdk-12.0.1\bin\server\jvm.dll
0x00007ff82eb80000 - 0x00007ff82eb88000 	C:\WINDOWS\System32\PSAPI.DLL
0x00007ff8297a0000 - 0x00007ff8297a9000 	C:\WINDOWS\SYSTEM32\WSOCK32.dll
0x00007ff82ab00000 - 0x00007ff82ab24000 	C:\WINDOWS\SYSTEM32\WINMM.dll
0x00007ff82edc0000 - 0x00007ff82ee2f000 	C:\WINDOWS\System32\WS2_32.dll
0x00007ff82aad0000 - 0x00007ff82aafd000 	C:\WINDOWS\SYSTEM32\WINMMBASE.dll
0x00007ff82de70000 - 0x00007ff82deba000 	C:\WINDOWS\System32\cfgmgr32.dll
0x00007ff82cfd0000 - 0x00007ff82cfe1000 	C:\WINDOWS\System32\kernel.appcore.dll
0x00007ff820cd0000 - 0x00007ff820ce1000 	C:\Program Files\Java\jdk-12.0.1\bin\verify.dll
0x00007ff82b850000 - 0x00007ff82ba44000 	C:\WINDOWS\SYSTEM32\DBGHELP.DLL
0x00007ff8163b0000 - 0x00007ff8163da000 	C:\WINDOWS\SYSTEM32\dbgcore.DLL
0x00007ff820ca0000 - 0x00007ff820cc6000 	C:\Program Files\Java\jdk-12.0.1\bin\java.dll
0x00007ff820c80000 - 0x00007ff820c97000 	C:\Program Files\Java\jdk-12.0.1\bin\zip.dll
0x00007ff8280e0000 - 0x00007ff8280ea000 	C:\Program Files\Java\jdk-12.0.1\bin\jimage.dll
0x00007ff82f2a0000 - 0x00007ff82f985000 	C:\WINDOWS\System32\SHELL32.dll
0x00007ff82f9a0000 - 0x00007ff82fa49000 	C:\WINDOWS\System32\shcore.dll
0x00007ff82d6f0000 - 0x00007ff82de70000 	C:\WINDOWS\System32\windows.storage.dll
0x00007ff82cff0000 - 0x00007ff82d013000 	C:\WINDOWS\System32\profapi.dll
0x00007ff82d040000 - 0x00007ff82d08a000 	C:\WINDOWS\System32\powrprof.dll
0x00007ff82cfc0000 - 0x00007ff82cfd0000 	C:\WINDOWS\System32\UMPDC.dll
0x00007ff82e780000 - 0x00007ff82e7d2000 	C:\WINDOWS\System32\shlwapi.dll
0x00007ff82d650000 - 0x00007ff82d667000 	C:\WINDOWS\System32\cryptsp.dll
0x00007ff820c60000 - 0x00007ff820c79000 	C:\Program Files\Java\jdk-12.0.1\bin\net.dll
0x00007ff822200000 - 0x00007ff8223d5000 	C:\WINDOWS\SYSTEM32\urlmon.dll
0x00007ff8215c0000 - 0x00007ff8216b0000 	C:\WINDOWS\SYSTEM32\WINHTTP.dll
0x00007ff821840000 - 0x00007ff821ae6000 	C:\WINDOWS\SYSTEM32\iertutil.dll
0x00007ff82ca00000 - 0x00007ff82ca0c000 	C:\WINDOWS\SYSTEM32\CRYPTBASE.DLL
0x00007ff82c830000 - 0x00007ff82c897000 	C:\WINDOWS\system32\mswsock.dll
0x00007ff8156f0000 - 0x00007ff815703000 	C:\Program Files\Java\jdk-12.0.1\bin\nio.dll
0x0000000065ac0000 - 0x0000000065b0b000 	C:\Users\samue\AppData\Local\Temp\libgdxsamue\7d76f548\gdx64.dll
0x00007ff82c3a0000 - 0x00007ff82c3d3000 	C:\WINDOWS\system32\rsaenh.dll
0x00007ff82d0c0000 - 0x00007ff82d0e6000 	C:\WINDOWS\System32\bcrypt.dll
0x00007ff82cee0000 - 0x00007ff82cf05000 	C:\WINDOWS\SYSTEM32\USERENV.dll
0x00007ff82c540000 - 0x00007ff82c57a000 	C:\WINDOWS\SYSTEM32\IPHLPAPI.DLL
0x00007ff82f990000 - 0x00007ff82f998000 	C:\WINDOWS\System32\NSI.dll
0x00007ff825090000 - 0x00007ff8250a6000 	C:\WINDOWS\SYSTEM32\dhcpcsvc6.DLL
0x00007ff825860000 - 0x00007ff82587c000 	C:\WINDOWS\SYSTEM32\dhcpcsvc.DLL
0x00007ff82c580000 - 0x00007ff82c64a000 	C:\WINDOWS\SYSTEM32\DNSAPI.dll
0x0000000180000000 - 0x0000000180053000 	C:\Users\samue\AppData\Local\Temp\libgdxsamue\1cecf4f6\lwjgl64.dll
0x00007ffffa1d0000 - 0x00007ffffa326000 	C:\WINDOWS\SYSTEM32\OPENGL32.dll
0x00007ff81d150000 - 0x00007ff81d17c000 	C:\WINDOWS\SYSTEM32\GLU32.dll
0x00007ff82bc30000 - 0x00007ff82bc50000 	C:\WINDOWS\SYSTEM32\dxcore.dll
0x0000025efe9a0000 - 0x0000025efea04000 	C:\Users\samue\AppData\Local\Temp\libgdxsamue\1cecf4f6\OpenAL64.dll
0x00007ff82ec60000 - 0x00007ff82edb7000 	C:\WINDOWS\System32\ole32.dll
0x00007ff82ae20000 - 0x00007ff82aeb9000 	C:\WINDOWS\system32\uxtheme.dll
0x00007ff82ead0000 - 0x00007ff82eb72000 	C:\WINDOWS\System32\clbcatq.dll
0x00007ff80bf60000 - 0x00007ff80bff9000 	C:\WINDOWS\SYSTEM32\dsound.dll
0x00007ff827350000 - 0x00007ff8273c2000 	C:\WINDOWS\System32\MMDevApi.dll
0x00007ff82cdc0000 - 0x00007ff82cdea000 	C:\WINDOWS\System32\DEVOBJ.dll
0x00007ff8275e0000 - 0x00007ff82773d000 	C:\WINDOWS\SYSTEM32\AUDIOSES.DLL
0x00007ff82ff50000 - 0x00007ff830014000 	C:\WINDOWS\System32\OLEAUT32.dll
0x00007ff8289d0000 - 0x00007ff828b23000 	C:\WINDOWS\SYSTEM32\wintypes.dll
0x00007ff82b240000 - 0x00007ff82b254000 	C:\WINDOWS\SYSTEM32\resourcepolicyclient.dll
0x00007ff824dc0000 - 0x00007ff824e6e000 	C:\WINDOWS\SYSTEM32\mscms.dll
0x00007ff825370000 - 0x00007ff825387000 	C:\WINDOWS\SYSTEM32\ColorAdapterClient.dll
0x00007ff82fb20000 - 0x00007ff82fc56000 	C:\WINDOWS\System32\MSCTF.dll
0x00007ff817d70000 - 0x00007ff817d98000 	C:\WINDOWS\System32\DriverStore\FileRepository\u0346830.inf_amd64_35731e557194973d\B345901\atig6pxx.dll
0x00007fffed240000 - 0x00007ffff0295000 	C:\WINDOWS\System32\DriverStore\FileRepository\u0346830.inf_amd64_35731e557194973d\B345901\atio6axx.dll
0x00007ff82ee30000 - 0x00007ff82f2a0000 	C:\WINDOWS\System32\SETUPAPI.dll
0x00007ff82ad00000 - 0x00007ff82ad23000 	C:\WINDOWS\SYSTEM32\dxva2.dll
0x00007ff82b330000 - 0x00007ff82b35d000 	C:\WINDOWS\SYSTEM32\dwmapi.dll
0x00007ff8163e0000 - 0x00007ff816419000 	C:\WINDOWS\System32\DriverStore\FileRepository\u0346830.inf_amd64_35731e557194973d\B345901\atig6txx.dll
0x00007ffff9b00000 - 0x00007ffff9ca8000 	C:\WINDOWS\SYSTEM32\atiadlxx.dll
0x00007ff829210000 - 0x00007ff8292ff000 	C:\WINDOWS\SYSTEM32\PROPSYS.dll
0x00007ff82d5f0000 - 0x00007ff82d64c000 	C:\WINDOWS\System32\WINTRUST.dll
0x00007ff82d020000 - 0x00007ff82d032000 	C:\WINDOWS\System32\MSASN1.dll
0x00007ff82e060000 - 0x00007ff82e1a9000 	C:\WINDOWS\System32\CRYPT32.dll
0x00007fffe5ca0000 - 0x00007fffe5ce3000 	C:\WINDOWS\SYSTEM32\icm32.dll
0x00007fffe15f0000 - 0x00007fffe178f000 	C:\Program Files\Java\jdk-12.0.1\bin\awt.dll
0x00007ff829820000 - 0x00007ff829de0000 	C:\WINDOWS\SYSTEM32\d2d1.dll
0x00007ff82ad30000 - 0x00007ff82adbf000 	C:\WINDOWS\SYSTEM32\apphelp.dll
0x0000000069a80000 - 0x0000000069b2b000 	C:\Users\samue\AppData\Local\Temp\libgdxsamue\fd391f27\gdx-freetype64.dll
0x00007ff81f3b0000 - 0x00007ff81f44e000 	C:\WINDOWS\System32\TextInputFramework.dll
0x00007ff826cc0000 - 0x00007ff826fea000 	C:\WINDOWS\System32\CoreUIComponents.dll
0x00007ff82a9f0000 - 0x00007ff82aac4000 	C:\WINDOWS\System32\CoreMessaging.dll
0x00007ff82c020000 - 0x00007ff82c051000 	C:\WINDOWS\SYSTEM32\ntmarta.dll

dbghelp: loaded successfully - version: 4.0.5 - missing functions: none
symbol engine: initialized successfully - sym options: 0x614 - pdb path: .;C:\Program Files\Java\jdk-12.0.1\bin;C:\WINDOWS\SYSTEM32;C:\WINDOWS\WinSxS\amd64_microsoft.windows.common-controls_6595b64144ccf1df_6.0.18362.778_none_e6c6b761130d4fb8;C:\Program Files\Java\jdk-12.0.1\bin\server;C:\Users\samue\AppData\Local\Temp\libgdxsamue\7d76f548;C:\Users\samue\AppData\Local\Temp\libgdxsamue\1cecf4f6;C:\WINDOWS\System32\DriverStore\FileRepository\u0346830.inf_amd64_35731e557194973d\B345901;C:\Users\samue\AppData\Local\Temp\libgdxsamue\fd391f27

VM Arguments:
jvm_args: -DImplementation-Version=426 -DSpecification-Name=Yet Another Shattered Dungeon -DSpecification-Version=0.2.22-INDEV -Dfile.encoding=windows-1252 -Duser.country=GB -Duser.language=en -Duser.variant 
java_command: com.shatteredpixel.yasd.desktop.DesktopLauncher
java_class_path (initial): F:\yasd-master\desktop\build\classes\java\main;F:\yasd-master\desktop\build\resources\main;F:\yasd-master\core\build\libs\core-0.2.22.jar;F:\yasd-master\SPD-classes\build\libs\SPD-classes-0.2.22.jar;C:\Users\samue\.gradle\caches\modules-2\files-2.1\com.badlogicgames.gdx\gdx-freetype\1.9.10\8853e4f08589a9feb4b851187909cfde8810e491\gdx-freetype-1.9.10.jar;C:\Users\samue\.gradle\caches\modules-2\files-2.1\com.badlogicgames.gdx\gdx-backend-lwjgl\1.9.10\8f88abd43500d94c486d25f04d642318da72773a\gdx-backend-lwjgl-1.9.10.jar;C:\Users\samue\.gradle\caches\modules-2\files-2.1\com.badlogicgames.gdx\gdx-platform\1.9.10\1907b49f8363dd1ee37d273854a9cc3c741a6e66\gdx-platform-1.9.10-natives-desktop.jar;C:\Users\samue\.gradle\caches\modules-2\files-2.1\com.badlogicgames.gdx\gdx-freetype-platform\1.9.10\5c4b67db9c1d62383b718ce040c7cdb555d5b19f\gdx-freetype-platform-1.9.10-natives-desktop.jar;C:\Users\samue\.gradle\caches\modules-2\files-2.1\org.jetbrains\annotations\15.0\d40ab99147584cf6cfb5245be67b3fee2c7220f9\annotations-15.0.jar;C:\Users\samue\.gradle\caches\modules-2\files-2.1\com.badlogicgames.gdx\gdx-controllers\1.9.10\b63b3ad62050405148be30ffd2e1946c13123cec\gdx-controllers-1.9.10.jar;C:\Users\samue\.gradle\caches\modules-2\files-2.1\com.badlogicgames.gdx\gdx\1.9.10\79d9ad27bd5e3eb18c9ade61d3a27d7237695d53\gdx-1.9.10.jar;C:\Users\samue\.gradle\caches\modules-2\files-2.1\org.lwjgl.lwjgl\lwjgl_util\2.9.3\751f06b62424da056954c67288fd5c494431e350\lwjgl_util-2.9.3.jar;C:\Users\samue\.gradle\caches\modules-2\files-2.1\org.lwjgl.lwjgl\lwjgl\2.9.3\3df168ac74e4a8c96562cdff24ad352e255bf89c\lwjgl-2.9.3.jar;C:\Users\samue\.gradle\caches\modules-2\files-2.1\com.badlogicgames.jlayer\jlayer\1.0.1-gdx\7cca83cec5c1b2f011362f4d85aabd71a73b049d\jlayer-1.0.1-gdx.jar;C:\Users\samue\.gradle\caches\modules-2\files-2.1\org.jcraft\jorbis\0.0.17\8872d22b293e8f5d7d56ff92be966e6dc28ebdc6\jorbis-0.0.17.jar;C:\Users\samue\.gradle\caches\modules-2\files-2.1\org.json\json\2017051
Launcher Type: SUN_STANDARD

[Global flags]
     intx CICompilerCount                          = 12                                        {product} {ergonomic}
     uint ConcGCThreads                            = 3                                         {product} {ergonomic}
     uint G1ConcRefinementThreads                  = 13                                        {product} {ergonomic}
   size_t G1HeapRegionSize                         = 1048576                                   {product} {ergonomic}
    uintx GCDrainStackTargetSize                   = 64                                        {product} {ergonomic}
   size_t InitialHeapSize                          = 268435456                                 {product} {ergonomic}
   size_t MarkStackSize                            = 4194304                                   {product} {ergonomic}
   size_t MaxHeapSize                              = 4282384384                                {product} {ergonomic}
   size_t MaxNewSize                               = 2569011200                                {product} {ergonomic}
   size_t MinHeapDeltaBytes                        = 1048576                                   {product} {ergonomic}
    uintx NonNMethodCodeHeapSize                   = 7594288                                {pd product} {ergonomic}
    uintx NonProfiledCodeHeapSize                  = 122031976                              {pd product} {ergonomic}
    uintx ProfiledCodeHeapSize                     = 122031976                              {pd product} {ergonomic}
    uintx ReservedCodeCacheSize                    = 251658240                              {pd product} {ergonomic}
     bool SegmentedCodeCache                       = true                                      {product} {ergonomic}
     bool UseCompressedClassPointers               = true                                 {lp64_product} {ergonomic}
     bool UseCompressedOops                        = true                                 {lp64_product} {ergonomic}
     bool UseG1GC                                  = true                                      {product} {ergonomic}
     bool UseLargePagesIndividualAllocation        = false                                  {pd product} {ergonomic}

Logging:
Log output configuration:
 #0: stdout all=warning uptime,level,tags
 #1: stderr all=off uptime,level,tags

Environment Variables:
JAVA_HOME=C:\Program Files\Java\jdk-12.0.1
CLASSPATH=F:\yasd-master\\gradle\wrapper\gradle-wrapper.jar
PATH=C:\WINDOWS\system32;C:\WINDOWS;C:\WINDOWS\System32\Wbem;C:\WINDOWS\System32\WindowsPowerShell\v1.0\;C:\WINDOWS\System32\OpenSSH\;C:\Users\samue\AppData\Local\Microsoft\WindowsApps;C:\Users\samue\AppData\Local\Programs\Git\cmd;
USERNAME=samue
OS=Windows_NT
PROCESSOR_IDENTIFIER=AMD64 Family 23 Model 8 Stepping 2, AuthenticAMD



---------------  S Y S T E M  ---------------

OS: Windows 10 , 64 bit Build 18362 (10.0.18362.778)

CPU:total 16 (initial active 16) (16 cores per cpu, 2 threads per core) family 23 model 8 stepping 2, cmov, cx8, fxsr, mmx, sse, sse2, sse3, ssse3, sse4.1, sse4.2, popcnt, avx, avx2, aes, clmul, mmxext, 3dnowpref, lzcnt, sse4a, ht, tsc, tscinvbit, tscinv, bmi1, bmi2, adx, sha, fma

Memory: 4k page, system-wide physical 16334M (7820M free)
TotalPageFile size 23246M (AvailPageFile size 6009M)
current process WorkingSet (physical memory assigned to process): 151M, peak: 165M
current process commit charge ("private bytes"): 487M, peak: 517M

vm_info: Java HotSpot(TM) 64-Bit Server VM (12.0.1+12) for windows-amd64 JRE (12.0.1+12), built on Apr  2 2019 14:02:19 by "mach5one" with MS VC++ 15.5 (VS2017)

END.
