#
# A fatal error has been detected by the Java Runtime Environment:
#
#  EXCEPTION_ACCESS_VIOLATION (0xc0000005) at pc=0x0000000069a8bb04, pid=3548, tid=21200
#
# JRE version: Java(TM) SE Runtime Environment (12.0.1+12) (build 12.0.1+12)
# Java VM: Java HotSpot(TM) 64-Bit Server VM (12.0.1+12, mixed mode, sharing, tiered, compressed oops, g1 gc, windows-amd64)
# Problematic frame:
# C  [gdx-freetype64.dll+0xbb04]
#
# No core dump will be written. Minidumps are not enabled by default on client versions of Windows
#
# If you would like to submit a bug report, please visit:
#   http://bugreport.java.com/bugreport/crash.jsp
# The crash happened outside the Java Virtual Machine in native code.
# See problematic frame for where to report the bug.
#

---------------  S U M M A R Y ------------

Command Line: -DImplementation-Version=427 -DSpecification-Title=Yet Another Shattered Dungeon -DSpecification-Version=0.3.0-INDEV -Dfile.encoding=windows-1252 -Duser.country=GB -Duser.language=en -Duser.variant com.shatteredpixel.yasd.desktop.DesktopLauncher

Host: AMD Ryzen 7 2700X Eight-Core Processor         , 16 cores, 15G,  Windows 10 , 64 bit Build 18362 (10.0.18362.778)
Time: Tue Apr 21 14:17:27 2020 GMT Summer Time elapsed time: 10 seconds (0d 0h 0m 10s)

---------------  T H R E A D  ---------------

Current thread (0x00000295838ce800):  JavaThread "main" [_thread_in_native, id=21200, stack(0x000000dc78600000,0x000000dc78700000)]

Stack: [0x000000dc78600000,0x000000dc78700000],  sp=0x000000dc786fe920,  free space=1018k
Native frames: (J=compiled Java code, j=interpreted, Vv=VM code, C=native code)
C  [gdx-freetype64.dll+0xbb04]

Java frames: (J=compiled Java code, j=interpreted, Vv=VM code)
j  com.badlogic.gdx.graphics.g2d.freetype.FreeType$Face.doneFace(J)V+0
j  com.badlogic.gdx.graphics.g2d.freetype.FreeType$Face.dispose()V+4
j  com.badlogic.gdx.graphics.g2d.freetype.FreeTypeFontGenerator.dispose()V+4
j  com.shatteredpixel.yasd.desktop.DesktopPlatformSupport.setupFontGenerators(IZ)V+153
j  com.shatteredpixel.yasd.general.scenes.PixelScene.create()V+318
j  com.shatteredpixel.yasd.general.scenes.TitleScene.create()V+1
j  com.watabou.noosa.Game.switchScene()V+46
j  com.shatteredpixel.yasd.general.MainGame.switchScene()V+1
J 1975 c1 com.watabou.noosa.Game.step()V (41 bytes) @ 0x000002958e065e4c [0x000002958e0659a0+0x00000000000004ac]
J 1927 c1 com.watabou.noosa.Game.render()V (59 bytes) @ 0x000002958e04ff84 [0x000002958e04f540+0x0000000000000a44]
J 1924 c1 com.badlogic.gdx.backends.lwjgl3.Lwjgl3Window.update()Z (213 bytes) @ 0x000002958e0520cc [0x000002958e050f80+0x000000000000114c]
j  com.badlogic.gdx.backends.lwjgl3.Lwjgl3Application.loop()V+101
j  com.badlogic.gdx.backends.lwjgl3.Lwjgl3Application.<init>(Lcom/badlogic/gdx/ApplicationListener;Lcom/badlogic/gdx/backends/lwjgl3/Lwjgl3ApplicationConfiguration;)V+258
j  com.shatteredpixel.yasd.desktop.DesktopLauncher.main([Ljava/lang/String;)V+310
v  ~StubRoutines::call_stub

siginfo: EXCEPTION_ACCESS_VIOLATION (0xc0000005), reading address 0x0000000000000060


Register to memory mapping:

RIP=0x0000000069a8bb04 gdx-freetype64.dll
RAX=0x0 is NULL
RBX=0x00000295acb3cc30 points into unknown readable memory: 01 00 00 00 00 00 00 00
RCX=0x00000295acb3cc30 points into unknown readable memory: 01 00 00 00 00 00 00 00
RDX=0x000000dc786fea00 is pointing into the stack for thread: 0x00000295838ce800
RSP=0x000000dc786fe920 is pointing into the stack for thread: 0x00000295838ce800
RBP=0x000000dc786fe9f0 is pointing into the stack for thread: 0x00000295838ce800
RSI=0x00000295acb3c520 points into unknown readable memory: a0 31 b5 ac 95 02 00 00
RDI=0x00000000000000cf is an unknown value
R8 =0x00000295acb3cc30 points into unknown readable memory: 01 00 00 00 00 00 00 00
R9 =0x000000070f133af8 points into unknown readable memory: 09 1e f3 39 44 00 00 00
R10=0x000002958d51f0c8 is at code_begin+1000 in an Interpreter codelet
method entry point (kind = native)  [0x000002958d51ece0, 0x000002958d51f840]  2912 bytes
R11=0x000000070e7fe818 points into unknown readable memory: 01 c1 bb f2 76 00 00 00
R12=0x0 is NULL
R13={method} {0x00000295b8082768} 'doneFace' '(J)V' in 'com/badlogic/gdx/graphics/g2d/freetype/FreeType$Face'
R14=0x000000dc786fea18 is pointing into the stack for thread: 0x00000295838ce800
R15=0x00000295838ce800 is a thread


Registers:
RAX=0x0000000000000000, RBX=0x00000295acb3cc30, RCX=0x00000295acb3cc30, RDX=0x000000dc786fea00
RSP=0x000000dc786fe920, RBP=0x000000dc786fe9f0, RSI=0x00000295acb3c520, RDI=0x00000000000000cf
R8 =0x00000295acb3cc30, R9 =0x000000070f133af8, R10=0x000002958d51f0c8, R11=0x000000070e7fe818
R12=0x0000000000000000, R13=0x00000295b8082760, R14=0x000000dc786fea18, R15=0x00000295838ce800
RIP=0x0000000069a8bb04, EFLAGS=0x0000000000010202

Top of Stack: (sp=0x000000dc786fe920)
0x000000dc786fe920:   000000070e226890 00000295b976d678
0x000000dc786fe930:   0000000000000000 000000dc786fe950
0x000000dc786fe940:   000000dc786fe9a0 00000295b8082760
0x000000dc786fe950:   0000000000000140 00000000000000cf
0x000000dc786fe960:   000000dc786fea18 000002958d51f0f7
0x000000dc786fe970:   00000295b976dbf0 0000000000000000
0x000000dc786fe980:   000000070e2269a8 00000295b976d060
0x000000dc786fe990:   0000000000000000 000000dc786fe9b0
0x000000dc786fe9a0:   000000dc786fea00 000000dc786fe9a8
0x000000dc786fe9b0:   0000000000000000 000000dc786fea18
0x000000dc786fe9c0:   00000295b8084300 0000000000000000
0x000000dc786fe9d0:   000000070e7fe818 00000295b8082760
0x000000dc786fe9e0:   0000000000000000 000000dc786fea10
0x000000dc786fe9f0:   000000dc786fea68 000002958d519e73
0x000000dc786fea00:   000000070e7fe818 000002958d51c018
0x000000dc786fea10:   00000295acb3cc30 0000000000000000 

Instructions: (pc=0x0000000069a8bb04)
0x0000000069a8bae4:   53 48 83 ec 28 48 85 c9 48 89 cb 74 2f 48 8b b1
0x0000000069a8baf4:   90 00 00 00 48 85 f6 74 23 48 8b 81 d0 00 00 00
0x0000000069a8bb04:   8b 78 60 8d 57 ff 89 50 60 31 c0 85 d2 7e 1d 48
0x0000000069a8bb14:   83 c4 28 5b 5e 5f 41 5e c3 0f 1f 00 b8 23 00 00 


Stack slot to memory mapping:
stack at sp + 0 slots: 0x000000070e226890 points into unknown readable memory: 01 5b 51 26 75 00 00 00
stack at sp + 1 slots: {method} {0x00000295b976d680} 'reset' '()V' in 'com/badlogic/gdx/utils/LongMap$MapIterator'
stack at sp + 2 slots: 0x0 is NULL
stack at sp + 3 slots: 0x000000dc786fe950 is pointing into the stack for thread: 0x00000295838ce800
stack at sp + 4 slots: 0x000000dc786fe9a0 is pointing into the stack for thread: 0x00000295838ce800
stack at sp + 5 slots: {method} {0x00000295b8082768} 'doneFace' '(J)V' in 'com/badlogic/gdx/graphics/g2d/freetype/FreeType$Face'
stack at sp + 6 slots: 0x0000000000000140 is an unknown value
stack at sp + 7 slots: 0x00000000000000cf is an unknown value


---------------  P R O C E S S  ---------------

Threads class SMR info:
_java_thread_list=0x00000295ab1b5c90, length=12, elements={
0x00000295838ce800, 0x00000295a9de9000, 0x00000295a9dea000, 0x00000295aa689000,
0x00000295aa68b000, 0x00000295aa68c000, 0x00000295aa695000, 0x00000295aa6a8800,
0x00000295aa7fd000, 0x00000295aa809000, 0x00000295aac8f800, 0x00000295aad61000
}

Java Threads: ( => current thread )
=>0x00000295838ce800 JavaThread "main" [_thread_in_native, id=21200, stack(0x000000dc78600000,0x000000dc78700000)]
  0x00000295a9de9000 JavaThread "Reference Handler" daemon [_thread_blocked, id=5884, stack(0x000000dc78d00000,0x000000dc78e00000)]
  0x00000295a9dea000 JavaThread "Finalizer" daemon [_thread_blocked, id=13284, stack(0x000000dc78e00000,0x000000dc78f00000)]
  0x00000295aa689000 JavaThread "Signal Dispatcher" daemon [_thread_blocked, id=21500, stack(0x000000dc78f00000,0x000000dc79000000)]
  0x00000295aa68b000 JavaThread "Attach Listener" daemon [_thread_blocked, id=21400, stack(0x000000dc79000000,0x000000dc79100000)]
  0x00000295aa68c000 JavaThread "C2 CompilerThread0" daemon [_thread_blocked, id=15584, stack(0x000000dc79100000,0x000000dc79200000)]
  0x00000295aa695000 JavaThread "C1 CompilerThread0" daemon [_thread_blocked, id=16684, stack(0x000000dc79200000,0x000000dc79300000)]
  0x00000295aa6a8800 JavaThread "Sweeper thread" daemon [_thread_blocked, id=18944, stack(0x000000dc79300000,0x000000dc79400000)]
  0x00000295aa7fd000 JavaThread "Service Thread" daemon [_thread_blocked, id=18060, stack(0x000000dc79500000,0x000000dc79600000)]
  0x00000295aa809000 JavaThread "Common-Cleaner" daemon [_thread_blocked, id=9948, stack(0x000000dc79700000,0x000000dc79800000)]
  0x00000295aac8f800 JavaThread "Java2D Disposer" daemon [_thread_blocked, id=16204, stack(0x000000dc79800000,0x000000dc79900000)]
  0x00000295aad61000 JavaThread "AWT-Windows" daemon [_thread_in_native, id=11696, stack(0x000000dc79a00000,0x000000dc79b00000)]

Other Threads:
  0x00000295a9de4000 VMThread "VM Thread" [stack: 0x000000dc78c00000,0x000000dc78d00000] [id=13872]
  0x00000295aa7fe800 WatcherThread [stack: 0x000000dc79600000,0x000000dc79700000] [id=8288]
  0x0000029583967800 GCTaskThread "GC Thread#0" [stack: 0x000000dc78700000,0x000000dc78800000] [id=20548]
  0x00000295b3d00800 GCTaskThread "GC Thread#1" [stack: 0x000000dc7a300000,0x000000dc7a400000] [id=20732]
  0x00000295b3c5a800 GCTaskThread "GC Thread#2" [stack: 0x000000dc7a400000,0x000000dc7a500000] [id=10924]
  0x00000295b3c5b000 GCTaskThread "GC Thread#3" [stack: 0x000000dc7a500000,0x000000dc7a600000] [id=21144]
  0x00000295b3d26800 GCTaskThread "GC Thread#4" [stack: 0x000000dc7a600000,0x000000dc7a700000] [id=19732]
  0x00000295b3d27000 GCTaskThread "GC Thread#5" [stack: 0x000000dc7a700000,0x000000dc7a800000] [id=13316]
  0x0000029583982800 ConcurrentGCThread "G1 Main Marker" [stack: 0x000000dc78800000,0x000000dc78900000] [id=9712]
  0x0000029583986800 ConcurrentGCThread "G1 Conc#0" [stack: 0x000000dc78900000,0x000000dc78a00000] [id=8012]
  0x00000295a9cdc800 ConcurrentGCThread "G1 Refine#0" [stack: 0x000000dc78a00000,0x000000dc78b00000] [id=19080]
  0x00000295a9cde800 ConcurrentGCThread "G1 Young RemSet Sampling" [stack: 0x000000dc78b00000,0x000000dc78c00000] [id=3012]

Threads with active compile tasks:

VM state:not at safepoint (normal execution)

VM Mutex/Monitor currently owned by a thread: None

Heap address: 0x0000000700c00000, size: 4084 MB, Compressed Oops mode: Zero based, Oop shift amount: 3
Narrow klass base: 0x0000000800000000, Narrow klass shift: 3
Compressed class space size: 1073741824 Address: 0x00000008011a0000

Heap:
 garbage-first heap   total 262144K, used 42235K [0x0000000700c00000, 0x0000000800000000)
  region size 1024K, 42 young (43008K), 3 survivors (3072K)
 Metaspace       used 13564K, capacity 13868K, committed 14208K, reserved 1062912K
  class space    used 1167K, capacity 1309K, committed 1408K, reserved 1048576K
Heap Regions: E=young(eden), S=young(survivor), O=old, HS=humongous(starts), HC=humongous(continues), CS=collection set, F=free, A=archive, TAMS=top-at-mark-start (previous, next)
|   0|0x0000000700c00000, 0x0000000700c3ee00, 0x0000000700d00000| 24%| O|  |TAMS 0x0000000700c00000, 0x0000000700c00000| Untracked 
|   1|0x0000000700d00000, 0x0000000700e00000, 0x0000000700e00000|100%|HS|  |TAMS 0x0000000700d00000, 0x0000000700d00000| Complete 
|   2|0x0000000700e00000, 0x0000000700e00000, 0x0000000700f00000|  0%| F|  |TAMS 0x0000000700e00000, 0x0000000700e00000| Untracked 
|   3|0x0000000700f00000, 0x0000000700f00000, 0x0000000701000000|  0%| F|  |TAMS 0x0000000700f00000, 0x0000000700f00000| Untracked 
|   4|0x0000000701000000, 0x0000000701000000, 0x0000000701100000|  0%| F|  |TAMS 0x0000000701000000, 0x0000000701000000| Untracked 
|   5|0x0000000701100000, 0x0000000701100000, 0x0000000701200000|  0%| F|  |TAMS 0x0000000701100000, 0x0000000701100000| Untracked 
|   6|0x0000000701200000, 0x0000000701200000, 0x0000000701300000|  0%| F|  |TAMS 0x0000000701200000, 0x0000000701200000| Untracked 
|   7|0x0000000701300000, 0x0000000701300000, 0x0000000701400000|  0%| F|  |TAMS 0x0000000701300000, 0x0000000701300000| Untracked 
|   8|0x0000000701400000, 0x0000000701400000, 0x0000000701500000|  0%| F|  |TAMS 0x0000000701400000, 0x0000000701400000| Untracked 
|   9|0x0000000701500000, 0x0000000701500000, 0x0000000701600000|  0%| F|  |TAMS 0x0000000701500000, 0x0000000701500000| Untracked 
|  10|0x0000000701600000, 0x0000000701600000, 0x0000000701700000|  0%| F|  |TAMS 0x0000000701600000, 0x0000000701600000| Untracked 
|  11|0x0000000701700000, 0x0000000701700000, 0x0000000701800000|  0%| F|  |TAMS 0x0000000701700000, 0x0000000701700000| Untracked 
|  12|0x0000000701800000, 0x0000000701800000, 0x0000000701900000|  0%| F|  |TAMS 0x0000000701800000, 0x0000000701800000| Untracked 
|  13|0x0000000701900000, 0x0000000701900000, 0x0000000701a00000|  0%| F|  |TAMS 0x0000000701900000, 0x0000000701900000| Untracked 
|  14|0x0000000701a00000, 0x0000000701a00000, 0x0000000701b00000|  0%| F|  |TAMS 0x0000000701a00000, 0x0000000701a00000| Untracked 
|  15|0x0000000701b00000, 0x0000000701b00000, 0x0000000701c00000|  0%| F|  |TAMS 0x0000000701b00000, 0x0000000701b00000| Untracked 
|  16|0x0000000701c00000, 0x0000000701c00000, 0x0000000701d00000|  0%| F|  |TAMS 0x0000000701c00000, 0x0000000701c00000| Untracked 
|  17|0x0000000701d00000, 0x0000000701d00000, 0x0000000701e00000|  0%| F|  |TAMS 0x0000000701d00000, 0x0000000701d00000| Untracked 
|  18|0x0000000701e00000, 0x0000000701e00000, 0x0000000701f00000|  0%| F|  |TAMS 0x0000000701e00000, 0x0000000701e00000| Untracked 
|  19|0x0000000701f00000, 0x0000000701f00000, 0x0000000702000000|  0%| F|  |TAMS 0x0000000701f00000, 0x0000000701f00000| Untracked 
|  20|0x0000000702000000, 0x0000000702000000, 0x0000000702100000|  0%| F|  |TAMS 0x0000000702000000, 0x0000000702000000| Untracked 
|  21|0x0000000702100000, 0x0000000702100000, 0x0000000702200000|  0%| F|  |TAMS 0x0000000702100000, 0x0000000702100000| Untracked 
|  22|0x0000000702200000, 0x0000000702200000, 0x0000000702300000|  0%| F|  |TAMS 0x0000000702200000, 0x0000000702200000| Untracked 
|  23|0x0000000702300000, 0x0000000702300000, 0x0000000702400000|  0%| F|  |TAMS 0x0000000702300000, 0x0000000702300000| Untracked 
|  24|0x0000000702400000, 0x0000000702400000, 0x0000000702500000|  0%| F|  |TAMS 0x0000000702400000, 0x0000000702400000| Untracked 
|  25|0x0000000702500000, 0x0000000702500000, 0x0000000702600000|  0%| F|  |TAMS 0x0000000702500000, 0x0000000702500000| Untracked 
|  26|0x0000000702600000, 0x0000000702600000, 0x0000000702700000|  0%| F|  |TAMS 0x0000000702600000, 0x0000000702600000| Untracked 
|  27|0x0000000702700000, 0x0000000702700000, 0x0000000702800000|  0%| F|  |TAMS 0x0000000702700000, 0x0000000702700000| Untracked 
|  28|0x0000000702800000, 0x0000000702800000, 0x0000000702900000|  0%| F|  |TAMS 0x0000000702800000, 0x0000000702800000| Untracked 
|  29|0x0000000702900000, 0x0000000702900000, 0x0000000702a00000|  0%| F|  |TAMS 0x0000000702900000, 0x0000000702900000| Untracked 
|  30|0x0000000702a00000, 0x0000000702a00000, 0x0000000702b00000|  0%| F|  |TAMS 0x0000000702a00000, 0x0000000702a00000| Untracked 
|  31|0x0000000702b00000, 0x0000000702b00000, 0x0000000702c00000|  0%| F|  |TAMS 0x0000000702b00000, 0x0000000702b00000| Untracked 
|  32|0x0000000702c00000, 0x0000000702c00000, 0x0000000702d00000|  0%| F|  |TAMS 0x0000000702c00000, 0x0000000702c00000| Untracked 
|  33|0x0000000702d00000, 0x0000000702d00000, 0x0000000702e00000|  0%| F|  |TAMS 0x0000000702d00000, 0x0000000702d00000| Untracked 
|  34|0x0000000702e00000, 0x0000000702e00000, 0x0000000702f00000|  0%| F|  |TAMS 0x0000000702e00000, 0x0000000702e00000| Untracked 
|  35|0x0000000702f00000, 0x0000000702f00000, 0x0000000703000000|  0%| F|  |TAMS 0x0000000702f00000, 0x0000000702f00000| Untracked 
|  36|0x0000000703000000, 0x0000000703000000, 0x0000000703100000|  0%| F|  |TAMS 0x0000000703000000, 0x0000000703000000| Untracked 
|  37|0x0000000703100000, 0x0000000703100000, 0x0000000703200000|  0%| F|  |TAMS 0x0000000703100000, 0x0000000703100000| Untracked 
|  38|0x0000000703200000, 0x0000000703200000, 0x0000000703300000|  0%| F|  |TAMS 0x0000000703200000, 0x0000000703200000| Untracked 
|  39|0x0000000703300000, 0x0000000703300000, 0x0000000703400000|  0%| F|  |TAMS 0x0000000703300000, 0x0000000703300000| Untracked 
|  40|0x0000000703400000, 0x0000000703400000, 0x0000000703500000|  0%| F|  |TAMS 0x0000000703400000, 0x0000000703400000| Untracked 
|  41|0x0000000703500000, 0x0000000703500000, 0x0000000703600000|  0%| F|  |TAMS 0x0000000703500000, 0x0000000703500000| Untracked 
|  42|0x0000000703600000, 0x0000000703600000, 0x0000000703700000|  0%| F|  |TAMS 0x0000000703600000, 0x0000000703600000| Untracked 
|  43|0x0000000703700000, 0x0000000703700000, 0x0000000703800000|  0%| F|  |TAMS 0x0000000703700000, 0x0000000703700000| Untracked 
|  44|0x0000000703800000, 0x0000000703800000, 0x0000000703900000|  0%| F|  |TAMS 0x0000000703800000, 0x0000000703800000| Untracked 
|  45|0x0000000703900000, 0x0000000703900000, 0x0000000703a00000|  0%| F|  |TAMS 0x0000000703900000, 0x0000000703900000| Untracked 
|  46|0x0000000703a00000, 0x0000000703a00000, 0x0000000703b00000|  0%| F|  |TAMS 0x0000000703a00000, 0x0000000703a00000| Untracked 
|  47|0x0000000703b00000, 0x0000000703b00000, 0x0000000703c00000|  0%| F|  |TAMS 0x0000000703b00000, 0x0000000703b00000| Untracked 
|  48|0x0000000703c00000, 0x0000000703c00000, 0x0000000703d00000|  0%| F|  |TAMS 0x0000000703c00000, 0x0000000703c00000| Untracked 
|  49|0x0000000703d00000, 0x0000000703d00000, 0x0000000703e00000|  0%| F|  |TAMS 0x0000000703d00000, 0x0000000703d00000| Untracked 
|  50|0x0000000703e00000, 0x0000000703e00000, 0x0000000703f00000|  0%| F|  |TAMS 0x0000000703e00000, 0x0000000703e00000| Untracked 
|  51|0x0000000703f00000, 0x0000000703f00000, 0x0000000704000000|  0%| F|  |TAMS 0x0000000703f00000, 0x0000000703f00000| Untracked 
|  52|0x0000000704000000, 0x0000000704000000, 0x0000000704100000|  0%| F|  |TAMS 0x0000000704000000, 0x0000000704000000| Untracked 
|  53|0x0000000704100000, 0x0000000704100000, 0x0000000704200000|  0%| F|  |TAMS 0x0000000704100000, 0x0000000704100000| Untracked 
|  54|0x0000000704200000, 0x0000000704200000, 0x0000000704300000|  0%| F|  |TAMS 0x0000000704200000, 0x0000000704200000| Untracked 
|  55|0x0000000704300000, 0x0000000704300000, 0x0000000704400000|  0%| F|  |TAMS 0x0000000704300000, 0x0000000704300000| Untracked 
|  56|0x0000000704400000, 0x0000000704400000, 0x0000000704500000|  0%| F|  |TAMS 0x0000000704400000, 0x0000000704400000| Untracked 
|  57|0x0000000704500000, 0x0000000704500000, 0x0000000704600000|  0%| F|  |TAMS 0x0000000704500000, 0x0000000704500000| Untracked 
|  58|0x0000000704600000, 0x0000000704600000, 0x0000000704700000|  0%| F|  |TAMS 0x0000000704600000, 0x0000000704600000| Untracked 
|  59|0x0000000704700000, 0x0000000704700000, 0x0000000704800000|  0%| F|  |TAMS 0x0000000704700000, 0x0000000704700000| Untracked 
|  60|0x0000000704800000, 0x0000000704800000, 0x0000000704900000|  0%| F|  |TAMS 0x0000000704800000, 0x0000000704800000| Untracked 
|  61|0x0000000704900000, 0x0000000704900000, 0x0000000704a00000|  0%| F|  |TAMS 0x0000000704900000, 0x0000000704900000| Untracked 
|  62|0x0000000704a00000, 0x0000000704a00000, 0x0000000704b00000|  0%| F|  |TAMS 0x0000000704a00000, 0x0000000704a00000| Untracked 
|  63|0x0000000704b00000, 0x0000000704b00000, 0x0000000704c00000|  0%| F|  |TAMS 0x0000000704b00000, 0x0000000704b00000| Untracked 
|  64|0x0000000704c00000, 0x0000000704c00000, 0x0000000704d00000|  0%| F|  |TAMS 0x0000000704c00000, 0x0000000704c00000| Untracked 
|  65|0x0000000704d00000, 0x0000000704d00000, 0x0000000704e00000|  0%| F|  |TAMS 0x0000000704d00000, 0x0000000704d00000| Untracked 
|  66|0x0000000704e00000, 0x0000000704e00000, 0x0000000704f00000|  0%| F|  |TAMS 0x0000000704e00000, 0x0000000704e00000| Untracked 
|  67|0x0000000704f00000, 0x0000000704f00000, 0x0000000705000000|  0%| F|  |TAMS 0x0000000704f00000, 0x0000000704f00000| Untracked 
|  68|0x0000000705000000, 0x0000000705000000, 0x0000000705100000|  0%| F|  |TAMS 0x0000000705000000, 0x0000000705000000| Untracked 
|  69|0x0000000705100000, 0x0000000705100000, 0x0000000705200000|  0%| F|  |TAMS 0x0000000705100000, 0x0000000705100000| Untracked 
|  70|0x0000000705200000, 0x0000000705200000, 0x0000000705300000|  0%| F|  |TAMS 0x0000000705200000, 0x0000000705200000| Untracked 
|  71|0x0000000705300000, 0x0000000705300000, 0x0000000705400000|  0%| F|  |TAMS 0x0000000705300000, 0x0000000705300000| Untracked 
|  72|0x0000000705400000, 0x0000000705400000, 0x0000000705500000|  0%| F|  |TAMS 0x0000000705400000, 0x0000000705400000| Untracked 
|  73|0x0000000705500000, 0x0000000705500000, 0x0000000705600000|  0%| F|  |TAMS 0x0000000705500000, 0x0000000705500000| Untracked 
|  74|0x0000000705600000, 0x0000000705600000, 0x0000000705700000|  0%| F|  |TAMS 0x0000000705600000, 0x0000000705600000| Untracked 
|  75|0x0000000705700000, 0x0000000705700000, 0x0000000705800000|  0%| F|  |TAMS 0x0000000705700000, 0x0000000705700000| Untracked 
|  76|0x0000000705800000, 0x0000000705800000, 0x0000000705900000|  0%| F|  |TAMS 0x0000000705800000, 0x0000000705800000| Untracked 
|  77|0x0000000705900000, 0x0000000705900000, 0x0000000705a00000|  0%| F|  |TAMS 0x0000000705900000, 0x0000000705900000| Untracked 
|  78|0x0000000705a00000, 0x0000000705a00000, 0x0000000705b00000|  0%| F|  |TAMS 0x0000000705a00000, 0x0000000705a00000| Untracked 
|  79|0x0000000705b00000, 0x0000000705b00000, 0x0000000705c00000|  0%| F|  |TAMS 0x0000000705b00000, 0x0000000705b00000| Untracked 
|  80|0x0000000705c00000, 0x0000000705c00000, 0x0000000705d00000|  0%| F|  |TAMS 0x0000000705c00000, 0x0000000705c00000| Untracked 
|  81|0x0000000705d00000, 0x0000000705d00000, 0x0000000705e00000|  0%| F|  |TAMS 0x0000000705d00000, 0x0000000705d00000| Untracked 
|  82|0x0000000705e00000, 0x0000000705e00000, 0x0000000705f00000|  0%| F|  |TAMS 0x0000000705e00000, 0x0000000705e00000| Untracked 
|  83|0x0000000705f00000, 0x0000000705f00000, 0x0000000706000000|  0%| F|  |TAMS 0x0000000705f00000, 0x0000000705f00000| Untracked 
|  84|0x0000000706000000, 0x0000000706000000, 0x0000000706100000|  0%| F|  |TAMS 0x0000000706000000, 0x0000000706000000| Untracked 
|  85|0x0000000706100000, 0x0000000706100000, 0x0000000706200000|  0%| F|  |TAMS 0x0000000706100000, 0x0000000706100000| Untracked 
|  86|0x0000000706200000, 0x0000000706200000, 0x0000000706300000|  0%| F|  |TAMS 0x0000000706200000, 0x0000000706200000| Untracked 
|  87|0x0000000706300000, 0x0000000706300000, 0x0000000706400000|  0%| F|  |TAMS 0x0000000706300000, 0x0000000706300000| Untracked 
|  88|0x0000000706400000, 0x0000000706400000, 0x0000000706500000|  0%| F|  |TAMS 0x0000000706400000, 0x0000000706400000| Untracked 
|  89|0x0000000706500000, 0x0000000706500000, 0x0000000706600000|  0%| F|  |TAMS 0x0000000706500000, 0x0000000706500000| Untracked 
|  90|0x0000000706600000, 0x0000000706600000, 0x0000000706700000|  0%| F|  |TAMS 0x0000000706600000, 0x0000000706600000| Untracked 
|  91|0x0000000706700000, 0x0000000706700000, 0x0000000706800000|  0%| F|  |TAMS 0x0000000706700000, 0x0000000706700000| Untracked 
|  92|0x0000000706800000, 0x0000000706800000, 0x0000000706900000|  0%| F|  |TAMS 0x0000000706800000, 0x0000000706800000| Untracked 
|  93|0x0000000706900000, 0x0000000706900000, 0x0000000706a00000|  0%| F|  |TAMS 0x0000000706900000, 0x0000000706900000| Untracked 
|  94|0x0000000706a00000, 0x0000000706a00000, 0x0000000706b00000|  0%| F|  |TAMS 0x0000000706a00000, 0x0000000706a00000| Untracked 
|  95|0x0000000706b00000, 0x0000000706b00000, 0x0000000706c00000|  0%| F|  |TAMS 0x0000000706b00000, 0x0000000706b00000| Untracked 
|  96|0x0000000706c00000, 0x0000000706c00000, 0x0000000706d00000|  0%| F|  |TAMS 0x0000000706c00000, 0x0000000706c00000| Untracked 
|  97|0x0000000706d00000, 0x0000000706d00000, 0x0000000706e00000|  0%| F|  |TAMS 0x0000000706d00000, 0x0000000706d00000| Untracked 
|  98|0x0000000706e00000, 0x0000000706e00000, 0x0000000706f00000|  0%| F|  |TAMS 0x0000000706e00000, 0x0000000706e00000| Untracked 
|  99|0x0000000706f00000, 0x0000000706f00000, 0x0000000707000000|  0%| F|  |TAMS 0x0000000706f00000, 0x0000000706f00000| Untracked 
| 100|0x0000000707000000, 0x0000000707000000, 0x0000000707100000|  0%| F|  |TAMS 0x0000000707000000, 0x0000000707000000| Untracked 
| 101|0x0000000707100000, 0x0000000707100000, 0x0000000707200000|  0%| F|  |TAMS 0x0000000707100000, 0x0000000707100000| Untracked 
| 102|0x0000000707200000, 0x0000000707200000, 0x0000000707300000|  0%| F|  |TAMS 0x0000000707200000, 0x0000000707200000| Untracked 
| 103|0x0000000707300000, 0x0000000707300000, 0x0000000707400000|  0%| F|  |TAMS 0x0000000707300000, 0x0000000707300000| Untracked 
| 104|0x0000000707400000, 0x0000000707400000, 0x0000000707500000|  0%| F|  |TAMS 0x0000000707400000, 0x0000000707400000| Untracked 
| 105|0x0000000707500000, 0x0000000707500000, 0x0000000707600000|  0%| F|  |TAMS 0x0000000707500000, 0x0000000707500000| Untracked 
| 106|0x0000000707600000, 0x0000000707600000, 0x0000000707700000|  0%| F|  |TAMS 0x0000000707600000, 0x0000000707600000| Untracked 
| 107|0x0000000707700000, 0x0000000707700000, 0x0000000707800000|  0%| F|  |TAMS 0x0000000707700000, 0x0000000707700000| Untracked 
| 108|0x0000000707800000, 0x0000000707800000, 0x0000000707900000|  0%| F|  |TAMS 0x0000000707800000, 0x0000000707800000| Untracked 
| 109|0x0000000707900000, 0x0000000707900000, 0x0000000707a00000|  0%| F|  |TAMS 0x0000000707900000, 0x0000000707900000| Untracked 
| 110|0x0000000707a00000, 0x0000000707a00000, 0x0000000707b00000|  0%| F|  |TAMS 0x0000000707a00000, 0x0000000707a00000| Untracked 
| 111|0x0000000707b00000, 0x0000000707b00000, 0x0000000707c00000|  0%| F|  |TAMS 0x0000000707b00000, 0x0000000707b00000| Untracked 
| 112|0x0000000707c00000, 0x0000000707c00000, 0x0000000707d00000|  0%| F|  |TAMS 0x0000000707c00000, 0x0000000707c00000| Untracked 
| 113|0x0000000707d00000, 0x0000000707d00000, 0x0000000707e00000|  0%| F|  |TAMS 0x0000000707d00000, 0x0000000707d00000| Untracked 
| 114|0x0000000707e00000, 0x0000000707e00000, 0x0000000707f00000|  0%| F|  |TAMS 0x0000000707e00000, 0x0000000707e00000| Untracked 
| 115|0x0000000707f00000, 0x0000000707f00000, 0x0000000708000000|  0%| F|  |TAMS 0x0000000707f00000, 0x0000000707f00000| Untracked 
| 116|0x0000000708000000, 0x0000000708000000, 0x0000000708100000|  0%| F|  |TAMS 0x0000000708000000, 0x0000000708000000| Untracked 
| 117|0x0000000708100000, 0x0000000708100000, 0x0000000708200000|  0%| F|  |TAMS 0x0000000708100000, 0x0000000708100000| Untracked 
| 118|0x0000000708200000, 0x0000000708200000, 0x0000000708300000|  0%| F|  |TAMS 0x0000000708200000, 0x0000000708200000| Untracked 
| 119|0x0000000708300000, 0x0000000708300000, 0x0000000708400000|  0%| F|  |TAMS 0x0000000708300000, 0x0000000708300000| Untracked 
| 120|0x0000000708400000, 0x0000000708400000, 0x0000000708500000|  0%| F|  |TAMS 0x0000000708400000, 0x0000000708400000| Untracked 
| 121|0x0000000708500000, 0x0000000708500000, 0x0000000708600000|  0%| F|  |TAMS 0x0000000708500000, 0x0000000708500000| Untracked 
| 122|0x0000000708600000, 0x0000000708600000, 0x0000000708700000|  0%| F|  |TAMS 0x0000000708600000, 0x0000000708600000| Untracked 
| 123|0x0000000708700000, 0x0000000708700000, 0x0000000708800000|  0%| F|  |TAMS 0x0000000708700000, 0x0000000708700000| Untracked 
| 124|0x0000000708800000, 0x0000000708800000, 0x0000000708900000|  0%| F|  |TAMS 0x0000000708800000, 0x0000000708800000| Untracked 
| 125|0x0000000708900000, 0x0000000708900000, 0x0000000708a00000|  0%| F|  |TAMS 0x0000000708900000, 0x0000000708900000| Untracked 
| 126|0x0000000708a00000, 0x0000000708a00000, 0x0000000708b00000|  0%| F|  |TAMS 0x0000000708a00000, 0x0000000708a00000| Untracked 
| 127|0x0000000708b00000, 0x0000000708b00000, 0x0000000708c00000|  0%| F|  |TAMS 0x0000000708b00000, 0x0000000708b00000| Untracked 
| 128|0x0000000708c00000, 0x0000000708c00000, 0x0000000708d00000|  0%| F|  |TAMS 0x0000000708c00000, 0x0000000708c00000| Untracked 
| 129|0x0000000708d00000, 0x0000000708d00000, 0x0000000708e00000|  0%| F|  |TAMS 0x0000000708d00000, 0x0000000708d00000| Untracked 
| 130|0x0000000708e00000, 0x0000000708e00000, 0x0000000708f00000|  0%| F|  |TAMS 0x0000000708e00000, 0x0000000708e00000| Untracked 
| 131|0x0000000708f00000, 0x0000000708f00000, 0x0000000709000000|  0%| F|  |TAMS 0x0000000708f00000, 0x0000000708f00000| Untracked 
| 132|0x0000000709000000, 0x0000000709000000, 0x0000000709100000|  0%| F|  |TAMS 0x0000000709000000, 0x0000000709000000| Untracked 
| 133|0x0000000709100000, 0x0000000709100000, 0x0000000709200000|  0%| F|  |TAMS 0x0000000709100000, 0x0000000709100000| Untracked 
| 134|0x0000000709200000, 0x0000000709200000, 0x0000000709300000|  0%| F|  |TAMS 0x0000000709200000, 0x0000000709200000| Untracked 
| 135|0x0000000709300000, 0x0000000709300000, 0x0000000709400000|  0%| F|  |TAMS 0x0000000709300000, 0x0000000709300000| Untracked 
| 136|0x0000000709400000, 0x0000000709400000, 0x0000000709500000|  0%| F|  |TAMS 0x0000000709400000, 0x0000000709400000| Untracked 
| 137|0x0000000709500000, 0x0000000709500000, 0x0000000709600000|  0%| F|  |TAMS 0x0000000709500000, 0x0000000709500000| Untracked 
| 138|0x0000000709600000, 0x0000000709600000, 0x0000000709700000|  0%| F|  |TAMS 0x0000000709600000, 0x0000000709600000| Untracked 
| 139|0x0000000709700000, 0x0000000709700000, 0x0000000709800000|  0%| F|  |TAMS 0x0000000709700000, 0x0000000709700000| Untracked 
| 140|0x0000000709800000, 0x0000000709800000, 0x0000000709900000|  0%| F|  |TAMS 0x0000000709800000, 0x0000000709800000| Untracked 
| 141|0x0000000709900000, 0x0000000709900000, 0x0000000709a00000|  0%| F|  |TAMS 0x0000000709900000, 0x0000000709900000| Untracked 
| 142|0x0000000709a00000, 0x0000000709a00000, 0x0000000709b00000|  0%| F|  |TAMS 0x0000000709a00000, 0x0000000709a00000| Untracked 
| 143|0x0000000709b00000, 0x0000000709b00000, 0x0000000709c00000|  0%| F|  |TAMS 0x0000000709b00000, 0x0000000709b00000| Untracked 
| 144|0x0000000709c00000, 0x0000000709c00000, 0x0000000709d00000|  0%| F|  |TAMS 0x0000000709c00000, 0x0000000709c00000| Untracked 
| 145|0x0000000709d00000, 0x0000000709d00000, 0x0000000709e00000|  0%| F|  |TAMS 0x0000000709d00000, 0x0000000709d00000| Untracked 
| 146|0x0000000709e00000, 0x0000000709e00000, 0x0000000709f00000|  0%| F|  |TAMS 0x0000000709e00000, 0x0000000709e00000| Untracked 
| 147|0x0000000709f00000, 0x0000000709f00000, 0x000000070a000000|  0%| F|  |TAMS 0x0000000709f00000, 0x0000000709f00000| Untracked 
| 148|0x000000070a000000, 0x000000070a000000, 0x000000070a100000|  0%| F|  |TAMS 0x000000070a000000, 0x000000070a000000| Untracked 
| 149|0x000000070a100000, 0x000000070a100000, 0x000000070a200000|  0%| F|  |TAMS 0x000000070a100000, 0x000000070a100000| Untracked 
| 150|0x000000070a200000, 0x000000070a200000, 0x000000070a300000|  0%| F|  |TAMS 0x000000070a200000, 0x000000070a200000| Untracked 
| 151|0x000000070a300000, 0x000000070a300000, 0x000000070a400000|  0%| F|  |TAMS 0x000000070a300000, 0x000000070a300000| Untracked 
| 152|0x000000070a400000, 0x000000070a400000, 0x000000070a500000|  0%| F|  |TAMS 0x000000070a400000, 0x000000070a400000| Untracked 
| 153|0x000000070a500000, 0x000000070a500000, 0x000000070a600000|  0%| F|  |TAMS 0x000000070a500000, 0x000000070a500000| Untracked 
| 154|0x000000070a600000, 0x000000070a600000, 0x000000070a700000|  0%| F|  |TAMS 0x000000070a600000, 0x000000070a600000| Untracked 
| 155|0x000000070a700000, 0x000000070a700000, 0x000000070a800000|  0%| F|  |TAMS 0x000000070a700000, 0x000000070a700000| Untracked 
| 156|0x000000070a800000, 0x000000070a800000, 0x000000070a900000|  0%| F|  |TAMS 0x000000070a800000, 0x000000070a800000| Untracked 
| 157|0x000000070a900000, 0x000000070a900000, 0x000000070aa00000|  0%| F|  |TAMS 0x000000070a900000, 0x000000070a900000| Untracked 
| 158|0x000000070aa00000, 0x000000070aa00000, 0x000000070ab00000|  0%| F|  |TAMS 0x000000070aa00000, 0x000000070aa00000| Untracked 
| 159|0x000000070ab00000, 0x000000070ab00000, 0x000000070ac00000|  0%| F|  |TAMS 0x000000070ab00000, 0x000000070ab00000| Untracked 
| 160|0x000000070ac00000, 0x000000070ac00000, 0x000000070ad00000|  0%| F|  |TAMS 0x000000070ac00000, 0x000000070ac00000| Untracked 
| 161|0x000000070ad00000, 0x000000070ad00000, 0x000000070ae00000|  0%| F|  |TAMS 0x000000070ad00000, 0x000000070ad00000| Untracked 
| 162|0x000000070ae00000, 0x000000070ae00000, 0x000000070af00000|  0%| F|  |TAMS 0x000000070ae00000, 0x000000070ae00000| Untracked 
| 163|0x000000070af00000, 0x000000070af00000, 0x000000070b000000|  0%| F|  |TAMS 0x000000070af00000, 0x000000070af00000| Untracked 
| 164|0x000000070b000000, 0x000000070b000000, 0x000000070b100000|  0%| F|  |TAMS 0x000000070b000000, 0x000000070b000000| Untracked 
| 165|0x000000070b100000, 0x000000070b100000, 0x000000070b200000|  0%| F|  |TAMS 0x000000070b100000, 0x000000070b100000| Untracked 
| 166|0x000000070b200000, 0x000000070b200000, 0x000000070b300000|  0%| F|  |TAMS 0x000000070b200000, 0x000000070b200000| Untracked 
| 167|0x000000070b300000, 0x000000070b300000, 0x000000070b400000|  0%| F|  |TAMS 0x000000070b300000, 0x000000070b300000| Untracked 
| 168|0x000000070b400000, 0x000000070b400000, 0x000000070b500000|  0%| F|  |TAMS 0x000000070b400000, 0x000000070b400000| Untracked 
| 169|0x000000070b500000, 0x000000070b500000, 0x000000070b600000|  0%| F|  |TAMS 0x000000070b500000, 0x000000070b500000| Untracked 
| 170|0x000000070b600000, 0x000000070b600000, 0x000000070b700000|  0%| F|  |TAMS 0x000000070b600000, 0x000000070b600000| Untracked 
| 171|0x000000070b700000, 0x000000070b700000, 0x000000070b800000|  0%| F|  |TAMS 0x000000070b700000, 0x000000070b700000| Untracked 
| 172|0x000000070b800000, 0x000000070b800000, 0x000000070b900000|  0%| F|  |TAMS 0x000000070b800000, 0x000000070b800000| Untracked 
| 173|0x000000070b900000, 0x000000070b900000, 0x000000070ba00000|  0%| F|  |TAMS 0x000000070b900000, 0x000000070b900000| Untracked 
| 174|0x000000070ba00000, 0x000000070ba00000, 0x000000070bb00000|  0%| F|  |TAMS 0x000000070ba00000, 0x000000070ba00000| Untracked 
| 175|0x000000070bb00000, 0x000000070bb00000, 0x000000070bc00000|  0%| F|  |TAMS 0x000000070bb00000, 0x000000070bb00000| Untracked 
| 176|0x000000070bc00000, 0x000000070bc00000, 0x000000070bd00000|  0%| F|  |TAMS 0x000000070bc00000, 0x000000070bc00000| Untracked 
| 177|0x000000070bd00000, 0x000000070bd00000, 0x000000070be00000|  0%| F|  |TAMS 0x000000070bd00000, 0x000000070bd00000| Untracked 
| 178|0x000000070be00000, 0x000000070be00000, 0x000000070bf00000|  0%| F|  |TAMS 0x000000070be00000, 0x000000070be00000| Untracked 
| 179|0x000000070bf00000, 0x000000070bf00000, 0x000000070c000000|  0%| F|  |TAMS 0x000000070bf00000, 0x000000070bf00000| Untracked 
| 180|0x000000070c000000, 0x000000070c000000, 0x000000070c100000|  0%| F|  |TAMS 0x000000070c000000, 0x000000070c000000| Untracked 
| 181|0x000000070c100000, 0x000000070c100000, 0x000000070c200000|  0%| F|  |TAMS 0x000000070c100000, 0x000000070c100000| Untracked 
| 182|0x000000070c200000, 0x000000070c200000, 0x000000070c300000|  0%| F|  |TAMS 0x000000070c200000, 0x000000070c200000| Untracked 
| 183|0x000000070c300000, 0x000000070c300000, 0x000000070c400000|  0%| F|  |TAMS 0x000000070c300000, 0x000000070c300000| Untracked 
| 184|0x000000070c400000, 0x000000070c400000, 0x000000070c500000|  0%| F|  |TAMS 0x000000070c400000, 0x000000070c400000| Untracked 
| 185|0x000000070c500000, 0x000000070c500000, 0x000000070c600000|  0%| F|  |TAMS 0x000000070c500000, 0x000000070c500000| Untracked 
| 186|0x000000070c600000, 0x000000070c600000, 0x000000070c700000|  0%| F|  |TAMS 0x000000070c600000, 0x000000070c600000| Untracked 
| 187|0x000000070c700000, 0x000000070c700000, 0x000000070c800000|  0%| F|  |TAMS 0x000000070c700000, 0x000000070c700000| Untracked 
| 188|0x000000070c800000, 0x000000070c800000, 0x000000070c900000|  0%| F|  |TAMS 0x000000070c800000, 0x000000070c800000| Untracked 
| 189|0x000000070c900000, 0x000000070c900000, 0x000000070ca00000|  0%| F|  |TAMS 0x000000070c900000, 0x000000070c900000| Untracked 
| 190|0x000000070ca00000, 0x000000070ca00000, 0x000000070cb00000|  0%| F|  |TAMS 0x000000070ca00000, 0x000000070ca00000| Untracked 
| 191|0x000000070cb00000, 0x000000070cb00000, 0x000000070cc00000|  0%| F|  |TAMS 0x000000070cb00000, 0x000000070cb00000| Untracked 
| 192|0x000000070cc00000, 0x000000070cc00000, 0x000000070cd00000|  0%| F|  |TAMS 0x000000070cc00000, 0x000000070cc00000| Untracked 
| 193|0x000000070cd00000, 0x000000070cd00000, 0x000000070ce00000|  0%| F|  |TAMS 0x000000070cd00000, 0x000000070cd00000| Untracked 
| 194|0x000000070ce00000, 0x000000070ce00000, 0x000000070cf00000|  0%| F|  |TAMS 0x000000070ce00000, 0x000000070ce00000| Untracked 
| 195|0x000000070cf00000, 0x000000070cf00000, 0x000000070d000000|  0%| F|  |TAMS 0x000000070cf00000, 0x000000070cf00000| Untracked 
| 196|0x000000070d000000, 0x000000070d000000, 0x000000070d100000|  0%| F|  |TAMS 0x000000070d000000, 0x000000070d000000| Untracked 
| 197|0x000000070d100000, 0x000000070d100000, 0x000000070d200000|  0%| F|  |TAMS 0x000000070d100000, 0x000000070d100000| Untracked 
| 198|0x000000070d200000, 0x000000070d200000, 0x000000070d300000|  0%| F|  |TAMS 0x000000070d200000, 0x000000070d200000| Untracked 
| 199|0x000000070d300000, 0x000000070d300000, 0x000000070d400000|  0%| F|  |TAMS 0x000000070d300000, 0x000000070d300000| Untracked 
| 200|0x000000070d400000, 0x000000070d400000, 0x000000070d500000|  0%| F|  |TAMS 0x000000070d400000, 0x000000070d400000| Untracked 
| 201|0x000000070d500000, 0x000000070d500000, 0x000000070d600000|  0%| F|  |TAMS 0x000000070d500000, 0x000000070d500000| Untracked 
| 202|0x000000070d600000, 0x000000070d600000, 0x000000070d700000|  0%| F|  |TAMS 0x000000070d600000, 0x000000070d600000| Untracked 
| 203|0x000000070d700000, 0x000000070d700000, 0x000000070d800000|  0%| F|  |TAMS 0x000000070d700000, 0x000000070d700000| Untracked 
| 204|0x000000070d800000, 0x000000070d800000, 0x000000070d900000|  0%| F|  |TAMS 0x000000070d800000, 0x000000070d800000| Untracked 
| 205|0x000000070d900000, 0x000000070d900000, 0x000000070da00000|  0%| F|  |TAMS 0x000000070d900000, 0x000000070d900000| Untracked 
| 206|0x000000070da00000, 0x000000070da00000, 0x000000070db00000|  0%| F|  |TAMS 0x000000070da00000, 0x000000070da00000| Untracked 
| 207|0x000000070db00000, 0x000000070db00000, 0x000000070dc00000|  0%| F|  |TAMS 0x000000070db00000, 0x000000070db00000| Untracked 
| 208|0x000000070dc00000, 0x000000070dc00000, 0x000000070dd00000|  0%| F|  |TAMS 0x000000070dc00000, 0x000000070dc00000| Untracked 
| 209|0x000000070dd00000, 0x000000070dd00000, 0x000000070de00000|  0%| F|  |TAMS 0x000000070dd00000, 0x000000070dd00000| Untracked 
| 210|0x000000070de00000, 0x000000070de00000, 0x000000070df00000|  0%| F|  |TAMS 0x000000070de00000, 0x000000070de00000| Untracked 
| 211|0x000000070df00000, 0x000000070df00000, 0x000000070e000000|  0%| F|  |TAMS 0x000000070df00000, 0x000000070df00000| Untracked 
| 212|0x000000070e000000, 0x000000070e000000, 0x000000070e100000|  0%| F|  |TAMS 0x000000070e000000, 0x000000070e000000| Untracked 
| 213|0x000000070e100000, 0x000000070e100000, 0x000000070e200000|  0%| F|  |TAMS 0x000000070e100000, 0x000000070e100000| Untracked 
| 214|0x000000070e200000, 0x000000070e280800, 0x000000070e300000| 50%| E|  |TAMS 0x000000070e200000, 0x000000070e200000| Complete 
| 215|0x000000070e300000, 0x000000070e400000, 0x000000070e400000|100%| E|CS|TAMS 0x000000070e300000, 0x000000070e300000| Complete 
| 216|0x000000070e400000, 0x000000070e500000, 0x000000070e500000|100%| E|CS|TAMS 0x000000070e400000, 0x000000070e400000| Complete 
| 217|0x000000070e500000, 0x000000070e600000, 0x000000070e600000|100%| E|CS|TAMS 0x000000070e500000, 0x000000070e500000| Complete 
| 218|0x000000070e600000, 0x000000070e700000, 0x000000070e700000|100%| E|CS|TAMS 0x000000070e600000, 0x000000070e600000| Complete 
| 219|0x000000070e700000, 0x000000070e800000, 0x000000070e800000|100%| E|CS|TAMS 0x000000070e700000, 0x000000070e700000| Complete 
| 220|0x000000070e800000, 0x000000070e900000, 0x000000070e900000|100%| E|CS|TAMS 0x000000070e800000, 0x000000070e800000| Complete 
| 221|0x000000070e900000, 0x000000070ea00000, 0x000000070ea00000|100%| E|CS|TAMS 0x000000070e900000, 0x000000070e900000| Complete 
| 222|0x000000070ea00000, 0x000000070eb00000, 0x000000070eb00000|100%| E|CS|TAMS 0x000000070ea00000, 0x000000070ea00000| Complete 
| 223|0x000000070eb00000, 0x000000070ec00000, 0x000000070ec00000|100%| E|CS|TAMS 0x000000070eb00000, 0x000000070eb00000| Complete 
| 224|0x000000070ec00000, 0x000000070ed00000, 0x000000070ed00000|100%| E|CS|TAMS 0x000000070ec00000, 0x000000070ec00000| Complete 
| 225|0x000000070ed00000, 0x000000070ee00000, 0x000000070ee00000|100%| E|CS|TAMS 0x000000070ed00000, 0x000000070ed00000| Complete 
| 226|0x000000070ee00000, 0x000000070ef00000, 0x000000070ef00000|100%| E|CS|TAMS 0x000000070ee00000, 0x000000070ee00000| Complete 
| 227|0x000000070ef00000, 0x000000070f000000, 0x000000070f000000|100%| E|CS|TAMS 0x000000070ef00000, 0x000000070ef00000| Complete 
| 228|0x000000070f000000, 0x000000070f100000, 0x000000070f100000|100%| E|  |TAMS 0x000000070f000000, 0x000000070f000000| Complete 
| 229|0x000000070f100000, 0x000000070f200000, 0x000000070f200000|100%| S|CS|TAMS 0x000000070f100000, 0x000000070f100000| Complete 
| 230|0x000000070f200000, 0x000000070f300000, 0x000000070f300000|100%| S|CS|TAMS 0x000000070f200000, 0x000000070f200000| Complete 
| 231|0x000000070f300000, 0x000000070f400000, 0x000000070f400000|100%| S|CS|TAMS 0x000000070f300000, 0x000000070f300000| Complete 
| 232|0x000000070f400000, 0x000000070f500000, 0x000000070f500000|100%| E|CS|TAMS 0x000000070f400000, 0x000000070f400000| Complete 
| 233|0x000000070f500000, 0x000000070f600000, 0x000000070f600000|100%| E|CS|TAMS 0x000000070f500000, 0x000000070f500000| Complete 
| 234|0x000000070f600000, 0x000000070f700000, 0x000000070f700000|100%| E|CS|TAMS 0x000000070f600000, 0x000000070f600000| Complete 
| 235|0x000000070f700000, 0x000000070f800000, 0x000000070f800000|100%| E|CS|TAMS 0x000000070f700000, 0x000000070f700000| Complete 
| 236|0x000000070f800000, 0x000000070f900000, 0x000000070f900000|100%| E|CS|TAMS 0x000000070f800000, 0x000000070f800000| Complete 
| 237|0x000000070f900000, 0x000000070fa00000, 0x000000070fa00000|100%| E|CS|TAMS 0x000000070f900000, 0x000000070f900000| Complete 
| 238|0x000000070fa00000, 0x000000070fb00000, 0x000000070fb00000|100%| E|CS|TAMS 0x000000070fa00000, 0x000000070fa00000| Complete 
| 239|0x000000070fb00000, 0x000000070fc00000, 0x000000070fc00000|100%| E|CS|TAMS 0x000000070fb00000, 0x000000070fb00000| Complete 
| 240|0x000000070fc00000, 0x000000070fd00000, 0x000000070fd00000|100%| E|CS|TAMS 0x000000070fc00000, 0x000000070fc00000| Complete 
| 241|0x000000070fd00000, 0x000000070fe00000, 0x000000070fe00000|100%| E|CS|TAMS 0x000000070fd00000, 0x000000070fd00000| Complete 
| 242|0x000000070fe00000, 0x000000070ff00000, 0x000000070ff00000|100%| E|CS|TAMS 0x000000070fe00000, 0x000000070fe00000| Complete 
| 243|0x000000070ff00000, 0x0000000710000000, 0x0000000710000000|100%| E|CS|TAMS 0x000000070ff00000, 0x000000070ff00000| Complete 
| 244|0x0000000710000000, 0x0000000710100000, 0x0000000710100000|100%| E|CS|TAMS 0x0000000710000000, 0x0000000710000000| Complete 
| 245|0x0000000710100000, 0x0000000710200000, 0x0000000710200000|100%| E|CS|TAMS 0x0000000710100000, 0x0000000710100000| Complete 
| 246|0x0000000710200000, 0x0000000710300000, 0x0000000710300000|100%| E|CS|TAMS 0x0000000710200000, 0x0000000710200000| Complete 
| 247|0x0000000710300000, 0x0000000710400000, 0x0000000710400000|100%| E|CS|TAMS 0x0000000710300000, 0x0000000710300000| Complete 
| 248|0x0000000710400000, 0x0000000710500000, 0x0000000710500000|100%| E|CS|TAMS 0x0000000710400000, 0x0000000710400000| Complete 
| 249|0x0000000710500000, 0x0000000710600000, 0x0000000710600000|100%| E|CS|TAMS 0x0000000710500000, 0x0000000710500000| Complete 
| 250|0x0000000710600000, 0x0000000710700000, 0x0000000710700000|100%| E|CS|TAMS 0x0000000710600000, 0x0000000710600000| Complete 
| 251|0x0000000710700000, 0x0000000710800000, 0x0000000710800000|100%| E|CS|TAMS 0x0000000710700000, 0x0000000710700000| Complete 
| 252|0x0000000710800000, 0x0000000710900000, 0x0000000710900000|100%| E|CS|TAMS 0x0000000710800000, 0x0000000710800000| Complete 
| 253|0x0000000710900000, 0x0000000710a00000, 0x0000000710a00000|100%| E|CS|TAMS 0x0000000710900000, 0x0000000710900000| Complete 
| 254|0x0000000710a00000, 0x0000000710b00000, 0x0000000710b00000|100%| E|CS|TAMS 0x0000000710a00000, 0x0000000710a00000| Complete 
| 255|0x0000000710b00000, 0x0000000710c00000, 0x0000000710c00000|100%| E|CS|TAMS 0x0000000710b00000, 0x0000000710b00000| Complete 

Card table byte_map: [0x000002959dcc0000,0x000002959e4c0000] _byte_map_base: 0x000002959a4ba000

Marking Bits (Prev, Next): (CMBitMap*) 0x0000029583969a28, (CMBitMap*) 0x0000029583969a68
 Prev Bits: [0x000002959ecc0000, 0x00000295a2c90000)
 Next Bits: [0x00000295a2c90000, 0x00000295a6c60000)

Polling page: 0x00000295837b0000

Metaspace:

Usage:
  Non-class:     12.26 MB capacity,    12.11 MB ( 99%) used,   130.24 KB (  1%) free+waste,    31.31 KB ( <1%) overhead. 
      Class:      1.28 MB capacity,     1.14 MB ( 89%) used,   124.90 KB ( 10%) free+waste,    16.56 KB (  1%) overhead. 
       Both:     13.54 MB capacity,    13.25 MB ( 98%) used,   255.14 KB (  2%) free+waste,    47.88 KB ( <1%) overhead. 

Virtual space:
  Non-class space:       14.00 MB reserved,      12.50 MB ( 89%) committed 
      Class space:        1.00 GB reserved,       1.38 MB ( <1%) committed 
             Both:        1.01 GB reserved,      13.88 MB (  1%) committed 

Chunk freelists:
   Non-Class:  6.13 KB
       Class:  384 bytes
        Both:  6.50 KB

CodeHeap 'non-profiled nmethods': size=119168Kb used=1089Kb max_used=1089Kb free=118079Kb
 bounds [0x00000295950b0000, 0x0000029595320000, 0x000002959c510000]
CodeHeap 'profiled nmethods': size=119168Kb used=4307Kb max_used=4307Kb free=114860Kb
 bounds [0x000002958dc50000, 0x000002958e090000, 0x00000295950b0000]
CodeHeap 'non-nmethods': size=7424Kb used=1551Kb max_used=2135Kb free=5872Kb
 bounds [0x000002958d510000, 0x000002958d780000, 0x000002958dc50000]
 total_blobs=3769 nmethods=2086 adapters=1001
 compilation: enabled
              stopped_count=0, restarted_count=0
 full_count=0

Compilation events (10 events):
Event: 10.378 Thread 0x00000295aa695000 nmethod 2081 0x000002958e082290 code [0x000002958e082460, 0x000002958e0827b0]
Event: 10.378 Thread 0x00000295aa695000 2082       3       com.watabou.noosa.PointerArea::onSignal (185 bytes)
Event: 10.379 Thread 0x00000295aa695000 nmethod 2082 0x000002958e082890 code [0x000002958e082b20, 0x000002958e083a30]
Event: 10.512 Thread 0x00000295aa695000 2083       3       java.util.ArrayList::remove (76 bytes)
Event: 10.512 Thread 0x00000295aa695000 nmethod 2083 0x000002958e083c90 code [0x000002958e083ea0, 0x000002958e084400]
Event: 10.512 Thread 0x00000295aa695000 2084       3       com.watabou.noosa.Image::destroy (19 bytes)
Event: 10.512 Thread 0x00000295aa68c000 2086       4       java.lang.String::equals (65 bytes)
Event: 10.512 Thread 0x00000295aa695000 nmethod 2084 0x000002958e084610 code [0x000002958e0847e0, 0x000002958e084a90]
Event: 10.512 Thread 0x00000295aa695000 2085       3       java.util.Locale::getLanguage (8 bytes)
Event: 10.512 Thread 0x00000295aa695000 nmethod 2085 0x000002958e084b90 code [0x000002958e084d40, 0x000002958e084ef8]

GC Heap History (2 events):
Event: 1.122 GC heap before
{Heap before GC invocations=0 (full 0):
 garbage-first heap   total 262144K, used 24576K [0x0000000700c00000, 0x0000000800000000)
  region size 1024K, 24 young (24576K), 0 survivors (0K)
 Metaspace       used 9597K, capacity 9856K, committed 10240K, reserved 1058816K
  class space    used 796K, capacity 911K, committed 1024K, reserved 1048576K
}
Event: 1.125 GC heap after
{Heap after GC invocations=1 (full 0):
 garbage-first heap   total 262144K, used 3323K [0x0000000700c00000, 0x0000000800000000)
  region size 1024K, 3 young (3072K), 3 survivors (3072K)
 Metaspace       used 9597K, capacity 9856K, committed 10240K, reserved 1058816K
  class space    used 796K, capacity 911K, committed 1024K, reserved 1048576K
}

Deoptimization events (10 events):
Event: 1.705 Thread 0x00000295838ce800 Uncommon trap: reason=unstable_if action=reinterpret pc=0x0000029595102c44 method=java.util.HashMap.hash(Ljava/lang/Object;)I @ 1 c2
Event: 1.713 Thread 0x00000295838ce800 Uncommon trap: reason=unstable_if action=reinterpret pc=0x0000029595108b6c method=java.util.jar.JarFile.getVersionedEntry(Ljava/lang/String;Ljava/util/jar/JarEntry;)Ljava/util/jar/JarEntry; @ 16 c2
Event: 1.716 Thread 0x00000295838ce800 Uncommon trap: reason=unstable_if action=reinterpret pc=0x0000029595106350 method=java.nio.Buffer.position(I)Ljava/nio/Buffer; @ 45 c2
Event: 1.855 Thread 0x00000295838ce800 Uncommon trap: reason=unstable_if action=reinterpret pc=0x00000295950b1888 method=java.lang.String.isLatin1()Z @ 10 c2
Event: 1.918 Thread 0x00000295838ce800 Uncommon trap: reason=unstable_if action=reinterpret pc=0x00000295950fb244 method=java.lang.Integer.stringSize(I)I @ 3 c2
Event: 3.961 Thread 0x00000295838ce800 Uncommon trap: reason=unstable_if action=reinterpret pc=0x000002959517202c method=com.badlogic.gdx.graphics.g2d.freetype.FreeTypeFontGenerator$FreeTypeBitmapFontData.getGlyph(C)Lcom/badlogic/gdx/graphics/g2d/BitmapFont$Glyph; @ 7 c2
Event: 3.988 Thread 0x00000295838ce800 Uncommon trap: reason=unstable_if action=reinterpret pc=0x0000029595171a98 method=com.watabou.noosa.Visual.isVisible()Z @ 113 c2
Event: 3.988 Thread 0x00000295838ce800 Uncommon trap: reason=unstable_if action=reinterpret pc=0x000002959517510c method=com.watabou.noosa.NoosaScript.camera(Lcom/watabou/noosa/Camera;)V @ 43 c2
Event: 3.989 Thread 0x00000295838ce800 Uncommon trap: reason=unstable_if action=reinterpret pc=0x00000295951727e8 method=com.watabou.noosa.Gizmo.isVisible()Z @ 16 c2
Event: 9.293 Thread 0x00000295838ce800 Uncommon trap: reason=unstable_if action=reinterpret pc=0x00000295951a4924 method=com.watabou.noosa.RenderedText.updateMatrix()V @ 13 c2

Classes redefined (0 events):
No events

Internal exceptions (10 events):
Event: 0.303 Thread 0x00000295838ce800 Exception <a 'java/lang/ClassNotFoundException'{0x0000000710563be8}: com/sun/swing/internal/plaf/basic/resources/spi/basicProvider> (0x0000000710563be8) thrown at [t:/workspace/open/src/hotspot/share/classfile/systemDictionary.cpp, line 235]
Event: 0.406 Thread 0x00000295838ce800 Exception <a 'java/lang/NoSuchMethodError'{0x000000071019b250}: java.lang.invoke.DelegatingMethodHandle$Holder.delegate(Ljava/lang/Object;Ljava/lang/Object;ILjava/lang/Object;)V> (0x000000071019b250) thrown at [t:/workspace/open/src/hotspot/share/interpre
Event: 0.407 Thread 0x00000295838ce800 Exception <a 'java/lang/NoSuchMethodError'{0x00000007101a1e68}: java.lang.invoke.DirectMethodHandle$Holder.invokeStaticInit(Ljava/lang/Object;Ljava/lang/Object;Ljava/lang/Object;)Ljava/lang/Object;> (0x00000007101a1e68) thrown at [t:/workspace/open/src/ho
Event: 0.769 Thread 0x00000295838ce800 Exception <a 'java/lang/NoSuchMethodError'{0x000000070fc6b1c8}: java.lang.invoke.DirectMethodHandle$Holder.invokeSpecialIFC(Ljava/lang/Object;Ljava/lang/Object;I)I> (0x000000070fc6b1c8) thrown at [t:/workspace/open/src/hotspot/share/interpreter/linkResolv
Event: 1.028 Thread 0x00000295838ce800 Exception <a 'sun/nio/fs/WindowsException'{0x000000070faf1b58}> (0x000000070faf1b58) thrown at [t:/workspace/open/src/hotspot/share/prims/jni.cpp, line 615]
Event: 1.029 Thread 0x00000295838ce800 Exception <a 'sun/nio/fs/WindowsException'{0x000000070faf2030}> (0x000000070faf2030) thrown at [t:/workspace/open/src/hotspot/share/prims/jni.cpp, line 615]
Event: 1.705 Thread 0x00000295838ce800 Implicit null exception at 0x00000295951024cb to 0x0000029595102c2a
Event: 1.754 Thread 0x00000295838ce800 Exception <a 'java/io/FileNotFoundException'{0x000000070e7eef98}> (0x000000070e7eef98) thrown at [t:/workspace/open/src/hotspot/share/prims/jni.cpp, line 615]
Event: 1.762 Thread 0x00000295838ce800 Exception <a 'java/io/FileNotFoundException'{0x000000070e7ff058}> (0x000000070e7ff058) thrown at [t:/workspace/open/src/hotspot/share/prims/jni.cpp, line 615]
Event: 1.763 Thread 0x00000295838ce800 Exception <a 'java/io/FileNotFoundException'{0x000000070e606e18}> (0x000000070e606e18) thrown at [t:/workspace/open/src/hotspot/share/prims/jni.cpp, line 615]

Events (10 events):
Event: 9.293 Executing VM operation: RevokeBias done
Event: 9.293 Thread 0x00000295838ce800 DEOPT PACKING pc=0x00000295951a4924 sp=0x000000dc786fec40
Event: 9.293 Thread 0x00000295838ce800 DEOPT UNPACKING pc=0x000002958d539c2f sp=0x000000dc786febe8 mode 2
Event: 9.343 Thread 0x00000295b45fd000 Thread exited: 0x00000295b45fd000
Event: 9.344 Thread 0x00000295b444a800 Thread exited: 0x00000295b444a800
Event: 10.028 Thread 0x00000295b444c000 Thread exited: 0x00000295b444c000
Event: 10.512 loading class com/badlogic/gdx/utils/LongMap$Values
Event: 10.512 loading class com/badlogic/gdx/utils/LongMap$Values done
Event: 10.513 loading class com/badlogic/gdx/utils/LongMap$MapIterator
Event: 10.513 loading class com/badlogic/gdx/utils/LongMap$MapIterator done


Dynamic libraries:
0x00007ff7ea090000 - 0x00007ff7ea09f000 	C:\Program Files\Java\jdk-12.0.1\bin\java.exe
0x00007ffdb9ca0000 - 0x00007ffdb9e90000 	C:\WINDOWS\SYSTEM32\ntdll.dll
0x00007ffdb98d0000 - 0x00007ffdb9982000 	C:\WINDOWS\System32\KERNEL32.DLL
0x00007ffdb6ce0000 - 0x00007ffdb6f83000 	C:\WINDOWS\System32\KERNELBASE.dll
0x00007ffdb7230000 - 0x00007ffdb732a000 	C:\WINDOWS\System32\ucrtbase.dll
0x00007ffdaf880000 - 0x00007ffdaf898000 	C:\Program Files\Java\jdk-12.0.1\bin\jli.dll
0x00007ffda8a70000 - 0x00007ffda8a86000 	C:\Program Files\Java\jdk-12.0.1\bin\VCRUNTIME140.dll
0x00007ffdb9990000 - 0x00007ffdb9a33000 	C:\WINDOWS\System32\ADVAPI32.dll
0x00007ffdb95a0000 - 0x00007ffdb963e000 	C:\WINDOWS\System32\msvcrt.dll
0x00007ffdb9a40000 - 0x00007ffdb9ad7000 	C:\WINDOWS\System32\sechost.dll
0x00007ffdb97b0000 - 0x00007ffdb98d0000 	C:\WINDOWS\System32\RPCRT4.dll
0x00007ffdb8c00000 - 0x00007ffdb8d94000 	C:\WINDOWS\System32\USER32.dll
0x00007ffdb7330000 - 0x00007ffdb7351000 	C:\WINDOWS\System32\win32u.dll
0x00007ffda6c40000 - 0x00007ffda6ec5000 	C:\WINDOWS\WinSxS\amd64_microsoft.windows.common-controls_6595b64144ccf1df_6.0.18362.778_none_e6c6b761130d4fb8\COMCTL32.dll
0x00007ffdb9330000 - 0x00007ffdb9356000 	C:\WINDOWS\System32\GDI32.dll
0x00007ffdb80d0000 - 0x00007ffdb8406000 	C:\WINDOWS\System32\combase.dll
0x00007ffdb7430000 - 0x00007ffdb75c4000 	C:\WINDOWS\System32\gdi32full.dll
0x00007ffdb73b0000 - 0x00007ffdb7430000 	C:\WINDOWS\System32\bcryptPrimitives.dll
0x00007ffdb7190000 - 0x00007ffdb722e000 	C:\WINDOWS\System32\msvcp_win.dll
0x00007ffdacde0000 - 0x00007ffdacdea000 	C:\WINDOWS\SYSTEM32\VERSION.dll
0x00007ffdb8bd0000 - 0x00007ffdb8bfe000 	C:\WINDOWS\System32\IMM32.DLL
0x00007ffd9ca00000 - 0x00007ffd9caaa000 	C:\Program Files\Java\jdk-12.0.1\bin\msvcp140.dll
0x00007ffd6fce0000 - 0x00007ffd70854000 	C:\Program Files\Java\jdk-12.0.1\bin\server\jvm.dll
0x00007ffdb7d50000 - 0x00007ffdb7d58000 	C:\WINDOWS\System32\PSAPI.DLL
0x00007ffdb2410000 - 0x00007ffdb2419000 	C:\WINDOWS\SYSTEM32\WSOCK32.dll
0x00007ffdb4860000 - 0x00007ffdb4884000 	C:\WINDOWS\SYSTEM32\WINMM.dll
0x00007ffdb8da0000 - 0x00007ffdb8e0f000 	C:\WINDOWS\System32\WS2_32.dll
0x00007ffdb4830000 - 0x00007ffdb485d000 	C:\WINDOWS\SYSTEM32\WINMMBASE.dll
0x00007ffdb6c90000 - 0x00007ffdb6cda000 	C:\WINDOWS\System32\cfgmgr32.dll
0x00007ffdb6b70000 - 0x00007ffdb6b81000 	C:\WINDOWS\System32\kernel.appcore.dll
0x00007ffda8a50000 - 0x00007ffda8a61000 	C:\Program Files\Java\jdk-12.0.1\bin\verify.dll
0x00007ffdb53f0000 - 0x00007ffdb55e4000 	C:\WINDOWS\SYSTEM32\DBGHELP.DLL
0x00007ffda5190000 - 0x00007ffda51ba000 	C:\WINDOWS\SYSTEM32\dbgcore.DLL
0x00007ffda8a20000 - 0x00007ffda8a46000 	C:\Program Files\Java\jdk-12.0.1\bin\java.dll
0x00007ffda8a00000 - 0x00007ffda8a17000 	C:\Program Files\Java\jdk-12.0.1\bin\zip.dll
0x00007ffda89f0000 - 0x00007ffda89fa000 	C:\Program Files\Java\jdk-12.0.1\bin\jimage.dll
0x00007ffdb8410000 - 0x00007ffdb8af5000 	C:\WINDOWS\System32\SHELL32.dll
0x00007ffdb8e10000 - 0x00007ffdb8eb9000 	C:\WINDOWS\System32\shcore.dll
0x00007ffdb75d0000 - 0x00007ffdb7d50000 	C:\WINDOWS\System32\windows.storage.dll
0x00007ffdb6c00000 - 0x00007ffdb6c23000 	C:\WINDOWS\System32\profapi.dll
0x00007ffdb6b90000 - 0x00007ffdb6bda000 	C:\WINDOWS\System32\powrprof.dll
0x00007ffdb6b60000 - 0x00007ffdb6b70000 	C:\WINDOWS\System32\UMPDC.dll
0x00007ffdb9c00000 - 0x00007ffdb9c52000 	C:\WINDOWS\System32\shlwapi.dll
0x00007ffdb7390000 - 0x00007ffdb73a7000 	C:\WINDOWS\System32\cryptsp.dll
0x00007ffd9c9e0000 - 0x00007ffd9c9f9000 	C:\Program Files\Java\jdk-12.0.1\bin\net.dll
0x00007ffdab350000 - 0x00007ffdab525000 	C:\WINDOWS\SYSTEM32\urlmon.dll
0x00007ffda93f0000 - 0x00007ffda94e0000 	C:\WINDOWS\SYSTEM32\WINHTTP.dll
0x00007ffdab0a0000 - 0x00007ffdab346000 	C:\WINDOWS\SYSTEM32\iertutil.dll
0x00007ffdb65a0000 - 0x00007ffdb65ac000 	C:\WINDOWS\SYSTEM32\CRYPTBASE.DLL
0x00007ffdb63d0000 - 0x00007ffdb6437000 	C:\WINDOWS\system32\mswsock.dll
0x00007ffd9c9c0000 - 0x00007ffd9c9d3000 	C:\Program Files\Java\jdk-12.0.1\bin\nio.dll
0x00007ffd9c250000 - 0x00007ffd9c3ef000 	C:\Program Files\Java\jdk-12.0.1\bin\awt.dll
0x00007ffdb8b00000 - 0x00007ffdb8bc4000 	C:\WINDOWS\System32\OLEAUT32.dll
0x00007ffdb2b60000 - 0x00007ffdb3120000 	C:\WINDOWS\SYSTEM32\d2d1.dll
0x00007ffdb47a0000 - 0x00007ffdb482f000 	C:\WINDOWS\SYSTEM32\apphelp.dll
0x00007ffdb49c0000 - 0x00007ffdb4a59000 	C:\WINDOWS\system32\uxtheme.dll
0x00007ffdb7dc0000 - 0x00007ffdb7ef6000 	C:\WINDOWS\System32\MSCTF.dll
0x00007ffdb9640000 - 0x00007ffdb9797000 	C:\WINDOWS\System32\ole32.dll
0x00007ffdb4ed0000 - 0x00007ffdb4efd000 	C:\WINDOWS\system32\DWMAPI.DLL
0x0000000065ac0000 - 0x0000000065b0b000 	C:\Users\samue\AppData\Local\Temp\libgdxsamue\7d76f548\gdx64.dll
0x00007ffda14c0000 - 0x00007ffda1523000 	C:\Users\samue\AppData\Local\Temp\lwjglsamue\3.2.1-build-12\lwjgl.dll
0x00007ffd8f030000 - 0x00007ffd8f281000 	C:\Users\samue\AppData\Local\Temp\lwjglsamue\3.2.1-build-12\jemalloc.dll
0x00007ffd9c1f0000 - 0x00007ffd9c24e000 	C:\Users\samue\AppData\Local\Temp\lwjglsamue\3.2.1-build-12\glfw.dll
0x00007ffd9c940000 - 0x00007ffd9c983000 	C:\WINDOWS\SYSTEM32\dinput8.dll
0x00007ffd80c50000 - 0x00007ffd80c61000 	C:\WINDOWS\SYSTEM32\xinput1_4.dll
0x00007ffdb6960000 - 0x00007ffdb698a000 	C:\WINDOWS\SYSTEM32\DEVOBJ.dll
0x00007ffdaa7c0000 - 0x00007ffdaa8da000 	C:\WINDOWS\SYSTEM32\inputhost.dll
0x00007ffdb3800000 - 0x00007ffdb38d4000 	C:\WINDOWS\SYSTEM32\CoreMessaging.dll
0x00007ffdb2450000 - 0x00007ffdb25a3000 	C:\WINDOWS\SYSTEM32\wintypes.dll
0x00007ffdb40b0000 - 0x00007ffdb419f000 	C:\WINDOWS\SYSTEM32\PROPSYS.dll
0x00007ffdaeef0000 - 0x00007ffdaf21a000 	C:\WINDOWS\SYSTEM32\CoreUIComponents.dll
0x00007ffdb5bc0000 - 0x00007ffdb5bf1000 	C:\WINDOWS\SYSTEM32\ntmarta.dll
0x00007ffdb5740000 - 0x00007ffdb574e000 	C:\WINDOWS\SYSTEM32\HID.DLL
0x00007ffdb8ec0000 - 0x00007ffdb9330000 	C:\WINDOWS\System32\SETUPAPI.DLL
0x00007ffdb7360000 - 0x00007ffdb7386000 	C:\WINDOWS\System32\bcrypt.dll
0x00007ffdb6c30000 - 0x00007ffdb6c8c000 	C:\WINDOWS\System32\WINTRUST.dll
0x00007ffdb6be0000 - 0x00007ffdb6bf2000 	C:\WINDOWS\System32\MSASN1.dll
0x00007ffdb7040000 - 0x00007ffdb7189000 	C:\WINDOWS\System32\CRYPT32.dll
0x00007ffd9c0d0000 - 0x00007ffd9c1e4000 	C:\Users\samue\AppData\Local\Temp\lwjglsamue\3.2.1-build-12\OpenAL.dll
0x00007ffdb9ae0000 - 0x00007ffdb9b82000 	C:\WINDOWS\System32\clbcatq.dll
0x00007ffdb0a80000 - 0x00007ffdb0af2000 	C:\WINDOWS\System32\MMDevApi.dll
0x00007ffdb0b60000 - 0x00007ffdb0cbd000 	C:\WINDOWS\SYSTEM32\AUDIOSES.DLL
0x00007ffdb4de0000 - 0x00007ffdb4df4000 	C:\WINDOWS\SYSTEM32\resourcepolicyclient.dll
0x00007ffd7f7f0000 - 0x00007ffd7f946000 	C:\WINDOWS\SYSTEM32\opengl32.dll
0x00007ffd83900000 - 0x00007ffd8392c000 	C:\WINDOWS\SYSTEM32\GLU32.dll
0x00007ffdb57d0000 - 0x00007ffdb57f0000 	C:\WINDOWS\SYSTEM32\dxcore.dll
0x00007ffd78620000 - 0x00007ffd78648000 	C:\WINDOWS\System32\DriverStore\FileRepository\u0346830.inf_amd64_35731e557194973d\B345901\atig6pxx.dll
0x00007ffd6c910000 - 0x00007ffd6f965000 	C:\WINDOWS\System32\DriverStore\FileRepository\u0346830.inf_amd64_35731e557194973d\B345901\atio6axx.dll
0x00007ffd8ef00000 - 0x00007ffd8ef23000 	C:\WINDOWS\SYSTEM32\dxva2.dll
0x00007ffd79610000 - 0x00007ffd79649000 	C:\WINDOWS\System32\DriverStore\FileRepository\u0346830.inf_amd64_35731e557194973d\B345901\atig6txx.dll
0x00007ffd78650000 - 0x00007ffd787f8000 	C:\WINDOWS\SYSTEM32\atiadlxx.dll
0x00007ffdad8f0000 - 0x00007ffdad99e000 	C:\WINDOWS\SYSTEM32\mscms.dll
0x00007ffdb6a80000 - 0x00007ffdb6aa5000 	C:\WINDOWS\SYSTEM32\USERENV.dll
0x00007ffdae1a0000 - 0x00007ffdae1b7000 	C:\WINDOWS\SYSTEM32\ColorAdapterClient.dll
0x00007ffd99600000 - 0x00007ffd99643000 	C:\WINDOWS\SYSTEM32\icm32.dll
0x00007ffd9c070000 - 0x00007ffd9c0c8000 	C:\Users\samue\AppData\Local\Temp\lwjglsamue\3.2.1-build-12\lwjgl_opengl.dll
0x0000000069a80000 - 0x0000000069b2b000 	C:\Users\samue\AppData\Local\Temp\libgdxsamue\fd391f27\gdx-freetype64.dll
0x00007ffdaa8e0000 - 0x00007ffdaa97e000 	C:\WINDOWS\System32\TextInputFramework.dll

dbghelp: loaded successfully - version: 4.0.5 - missing functions: none
symbol engine: initialized successfully - sym options: 0x614 - pdb path: .;C:\Program Files\Java\jdk-12.0.1\bin;C:\WINDOWS\SYSTEM32;C:\WINDOWS\WinSxS\amd64_microsoft.windows.common-controls_6595b64144ccf1df_6.0.18362.778_none_e6c6b761130d4fb8;C:\Program Files\Java\jdk-12.0.1\bin\server;C:\Users\samue\AppData\Local\Temp\libgdxsamue\7d76f548;C:\Users\samue\AppData\Local\Temp\lwjglsamue\3.2.1-build-12;C:\WINDOWS\System32\DriverStore\FileRepository\u0346830.inf_amd64_35731e557194973d\B345901;C:\Users\samue\AppData\Local\Temp\libgdxsamue\fd391f27

VM Arguments:
jvm_args: -DImplementation-Version=427 -DSpecification-Title=Yet Another Shattered Dungeon -DSpecification-Version=0.3.0-INDEV -Dfile.encoding=windows-1252 -Duser.country=GB -Duser.language=en -Duser.variant 
java_command: com.shatteredpixel.yasd.desktop.DesktopLauncher
java_class_path (initial): F:\yasd-master\desktop\build\classes\java\debug;F:\yasd-master\desktop\build\resources\debug;F:\yasd-master\desktop\build\classes\java\main;F:\yasd-master\desktop\build\resources\main;F:\yasd-master\core\build\libs\core-0.3.0.jar;F:\yasd-master\SPD-classes\build\libs\SPD-classes-0.3.0.jar;C:\Users\samue\.gradle\caches\modules-2\files-2.1\com.badlogicgames.gdx\gdx-freetype\1.9.10\8853e4f08589a9feb4b851187909cfde8810e491\gdx-freetype-1.9.10.jar;C:\Users\samue\.gradle\caches\modules-2\files-2.1\com.badlogicgames.gdx\gdx-backend-lwjgl3\1.9.10\e8709a484c2971463c4780476b46d2ef841dbe5e\gdx-backend-lwjgl3-1.9.10.jar;C:\Users\samue\.gradle\caches\modules-2\files-2.1\com.badlogicgames.gdx\gdx-platform\1.9.10\1907b49f8363dd1ee37d273854a9cc3c741a6e66\gdx-platform-1.9.10-natives-desktop.jar;C:\Users\samue\.gradle\caches\modules-2\files-2.1\com.badlogicgames.gdx\gdx-freetype-platform\1.9.10\5c4b67db9c1d62383b718ce040c7cdb555d5b19f\gdx-freetype-platform-1.9.10-natives-desktop.jar;C:\Users\samue\.gradle\caches\modules-2\files-2.1\org.jetbrains\annotations\15.0\d40ab99147584cf6cfb5245be67b3fee2c7220f9\annotations-15.0.jar;C:\Users\samue\.gradle\caches\modules-2\files-2.1\com.badlogicgames.gdx\gdx-controllers\1.9.10\b63b3ad62050405148be30ffd2e1946c13123cec\gdx-controllers-1.9.10.jar;C:\Users\samue\.gradle\caches\modules-2\files-2.1\com.badlogicgames.gdx\gdx\1.9.10\79d9ad27bd5e3eb18c9ade61d3a27d7237695d53\gdx-1.9.10.jar;C:\Users\samue\.gradle\caches\modules-2\files-2.1\org.lwjgl\lwjgl-glfw\3.2.1\27abb7f64894b61cad163791acd8113f0b21296\lwjgl-glfw-3.2.1.jar;C:\Users\samue\.gradle\caches\modules-2\files-2.1\org.lwjgl\lwjgl-glfw\3.2.1\def7c58ad2e1cb258d6d73be181ffab8ef8bd5\lwjgl-glfw-3.2.1-natives-windows.jar;C:\Users\samue\.gradle\caches\modules-2\files-2.1\org.lwjgl\lwjgl-glfw\3.2.1\5a2fb27f9e12a34ecabf6f6a7606c61849e347ee\lwjgl-glfw-3.2.1-natives-linux.jar;C:\Users\samue\.gradle\caches\modules-2\files-2.1\org.lwjgl\lwjgl-glfw\3.2.1\72fe6dab6110a5a1cd4833f11
Launcher Type: SUN_STANDARD

[Global flags]
     intx CICompilerCount                          = 12                                        {product} {ergonomic}
     uint ConcGCThreads                            = 3                                         {product} {ergonomic}
     uint G1ConcRefinementThreads                  = 13                                        {product} {ergonomic}
   size_t G1HeapRegionSize                         = 1048576                                   {product} {ergonomic}
    uintx GCDrainStackTargetSize                   = 64                                        {product} {ergonomic}
   size_t InitialHeapSize                          = 268435456                                 {product} {ergonomic}
   size_t MarkStackSize                            = 4194304                                   {product} {ergonomic}
   size_t MaxHeapSize                              = 4282384384                                {product} {ergonomic}
   size_t MaxNewSize                               = 2569011200                                {product} {ergonomic}
   size_t MinHeapDeltaBytes                        = 1048576                                   {product} {ergonomic}
    uintx NonNMethodCodeHeapSize                   = 7594288                                {pd product} {ergonomic}
    uintx NonProfiledCodeHeapSize                  = 122031976                              {pd product} {ergonomic}
    uintx ProfiledCodeHeapSize                     = 122031976                              {pd product} {ergonomic}
    uintx ReservedCodeCacheSize                    = 251658240                              {pd product} {ergonomic}
     bool SegmentedCodeCache                       = true                                      {product} {ergonomic}
     bool UseCompressedClassPointers               = true                                 {lp64_product} {ergonomic}
     bool UseCompressedOops                        = true                                 {lp64_product} {ergonomic}
     bool UseG1GC                                  = true                                      {product} {ergonomic}
     bool UseLargePagesIndividualAllocation        = false                                  {pd product} {ergonomic}

Logging:
Log output configuration:
 #0: stdout all=warning uptime,level,tags
 #1: stderr all=off uptime,level,tags

Environment Variables:
JAVA_HOME=C:\Program Files\Java\jdk-12.0.1
CLASSPATH=F:\yasd-master\\gradle\wrapper\gradle-wrapper.jar
PATH=C:\WINDOWS\system32;C:\WINDOWS;C:\WINDOWS\System32\Wbem;C:\WINDOWS\System32\WindowsPowerShell\v1.0\;C:\WINDOWS\System32\OpenSSH\;C:\Users\samue\AppData\Local\Microsoft\WindowsApps;C:\Users\samue\AppData\Local\Programs\Git\cmd;
USERNAME=samue
OS=Windows_NT
PROCESSOR_IDENTIFIER=AMD64 Family 23 Model 8 Stepping 2, AuthenticAMD



---------------  S Y S T E M  ---------------

OS: Windows 10 , 64 bit Build 18362 (10.0.18362.778)

CPU:total 16 (initial active 16) (16 cores per cpu, 2 threads per core) family 23 model 8 stepping 2, cmov, cx8, fxsr, mmx, sse, sse2, sse3, ssse3, sse4.1, sse4.2, popcnt, avx, avx2, aes, clmul, mmxext, 3dnowpref, lzcnt, sse4a, ht, tsc, tscinvbit, tscinv, bmi1, bmi2, adx, sha, fma

Memory: 4k page, system-wide physical 16334M (7064M free)
TotalPageFile size 22734M (AvailPageFile size 5974M)
current process WorkingSet (physical memory assigned to process): 179M, peak: 193M
current process commit charge ("private bytes"): 509M, peak: 523M

vm_info: Java HotSpot(TM) 64-Bit Server VM (12.0.1+12) for windows-amd64 JRE (12.0.1+12), built on Apr  2 2019 14:02:19 by "mach5one" with MS VC++ 15.5 (VS2017)

END.
