#
# A fatal error has been detected by the Java Runtime Environment:
#
#  EXCEPTION_ACCESS_VIOLATION (0xc0000005) at pc=0x0000000069a8bb04, pid=20088, tid=14000
#
# JRE version: Java(TM) SE Runtime Environment (12.0.1+12) (build 12.0.1+12)
# Java VM: Java HotSpot(TM) 64-Bit Server VM (12.0.1+12, mixed mode, sharing, tiered, compressed oops, g1 gc, windows-amd64)
# Problematic frame:
# C  [gdx-freetype64.dll+0xbb04]
#
# No core dump will be written. Minidumps are not enabled by default on client versions of Windows
#
# If you would like to submit a bug report, please visit:
#   http://bugreport.java.com/bugreport/crash.jsp
# The crash happened outside the Java Virtual Machine in native code.
# See problematic frame for where to report the bug.
#

---------------  S U M M A R Y ------------

Command Line: -DImplementation-Version=426 -DSpecification-Name=Yet Another Shattered Dungeon -DSpecification-Version=0.2.22-INDEV -Dfile.encoding=windows-1252 -Duser.country=GB -Duser.language=en -Duser.variant com.shatteredpixel.yasd.desktop.DesktopLauncher

Host: AMD Ryzen 7 2700X Eight-Core Processor         , 16 cores, 15G,  Windows 10 , 64 bit Build 18362 (10.0.18362.778)
Time: Fri Apr 17 14:51:39 2020 GMT Summer Time elapsed time: 35 seconds (0d 0h 0m 35s)

---------------  T H R E A D  ---------------

Current thread (0x00000147cb79d000):  JavaThread "SHPD Render Thread" [_thread_in_native, id=14000, stack(0x00000008b7200000,0x00000008b7300000)]

Stack: [0x00000008b7200000,0x00000008b7300000],  sp=0x00000008b72fee10,  free space=1019k
Native frames: (J=compiled Java code, j=interpreted, Vv=VM code, C=native code)
C  [gdx-freetype64.dll+0xbb04]

Java frames: (J=compiled Java code, j=interpreted, Vv=VM code)
j  com.badlogic.gdx.graphics.g2d.freetype.FreeType$Face.doneFace(J)V+0
j  com.badlogic.gdx.graphics.g2d.freetype.FreeType$Face.dispose()V+4
j  com.badlogic.gdx.graphics.g2d.freetype.FreeTypeFontGenerator.dispose()V+4
j  com.shatteredpixel.yasd.desktop.DesktopPlatformSupport.setupFontGenerators(IZ)V+153
j  com.shatteredpixel.yasd.general.scenes.PixelScene.create()V+318
j  com.shatteredpixel.yasd.general.scenes.GameScene.create()V+34
j  com.watabou.noosa.Game.switchScene()V+46
j  com.shatteredpixel.yasd.general.MainGame.switchScene()V+1
J 1539 c1 com.watabou.noosa.Game.step()V (41 bytes) @ 0x00000147af66ac4c [0x00000147af66a7a0+0x00000000000004ac]
J 1579 c1 com.watabou.noosa.Game.render()V (59 bytes) @ 0x00000147af688f24 [0x00000147af6879c0+0x0000000000001564]
j  com.badlogic.gdx.backends.lwjgl.LwjglApplication.mainLoop()V+770
j  com.badlogic.gdx.backends.lwjgl.LwjglApplication$1.run()V+27
v  ~StubRoutines::call_stub

siginfo: EXCEPTION_ACCESS_VIOLATION (0xc0000005), reading address 0x0000000000000060


Register to memory mapping:

RIP=0x0000000069a8bb04 gdx-freetype64.dll
RAX=0x0 is NULL
RBX=0x00000147cc2bb740 points into unknown readable memory: 01 00 00 00 00 00 00 00
RCX=0x00000147cc2bb740 points into unknown readable memory: 01 00 00 00 00 00 00 00
RDX=0x00000008b72feef0 is pointing into the stack for thread: 0x00000147cb79d000
RSP=0x00000008b72fee10 is pointing into the stack for thread: 0x00000147cb79d000
RBP=0x00000008b72feee0 is pointing into the stack for thread: 0x00000147cb79d000
RSI=0x00000147cc2ae210 points into unknown readable memory: 10 6b a3 da 47 01 00 00
RDI=0x00000147aebf9e73 is at code_begin+2355 in an Interpreter codelet
invoke return entry points  [0x00000147aebf9540, 0x00000147aebf9f60]  2592 bytes
R8 =0x00000147cc2bb740 points into unknown readable memory: 01 00 00 00 00 00 00 00
R9 =0x000000070f3a52b0 points into unknown readable memory: 09 2f 0f fc 79 00 00 00
R10=0x00000147aebff0c8 is at code_begin+1000 in an Interpreter codelet
method entry point (kind = native)  [0x00000147aebfece0, 0x00000147aebff840]  2912 bytes
R11=0x000000070fb98a68 points into unknown readable memory: 01 e0 94 f4 26 00 00 00
R12=0x0 is NULL
R13={method} {0x00000147cb4a5d60} 'doneFace' '(J)V' in 'com/badlogic/gdx/graphics/g2d/freetype/FreeType$Face'
R14=0x00000008b72fef08 is pointing into the stack for thread: 0x00000147cb79d000
R15=0x00000147cb79d000 is a thread


Registers:
RAX=0x0000000000000000, RBX=0x00000147cc2bb740, RCX=0x00000147cc2bb740, RDX=0x00000008b72feef0
RSP=0x00000008b72fee10, RBP=0x00000008b72feee0, RSI=0x00000147cc2ae210, RDI=0x00000147aebf9e73
R8 =0x00000147cc2bb740, R9 =0x000000070f3a52b0, R10=0x00000147aebff0c8, R11=0x000000070fb98a68
R12=0x0000000000000000, R13=0x00000147cb4a5d58, R14=0x00000008b72fef08, R15=0x00000147cb79d000
RIP=0x0000000069a8bb04, EFLAGS=0x0000000000010202

Top of Stack: (sp=0x00000008b72fee10)
0x00000008b72fee10:   000000070df70878 00000147db5aa508
0x00000008b72fee20:   0000000000000000 00000008b72fee40
0x00000008b72fee30:   00000008b72fee90 00000147cb4a5d58
0x00000008b72fee40:   0000000010200021 00000147aebf9e73
0x00000008b72fee50:   00000008b72fef08 00000147aebff0f7
0x00000008b72fee60:   00000147db5aaa80 0000000000000000
0x00000008b72fee70:   000000070df70990 00000147db5a9ef0
0x00000008b72fee80:   0000000000000000 00000008b72feea0
0x00000008b72fee90:   00000008b72feef0 00000008b72fee98
0x00000008b72feea0:   0000000000000000 00000008b72fef08
0x00000008b72feeb0:   00000147cb4a78f8 0000000000000000
0x00000008b72feec0:   000000070fb98a68 00000147cb4a5d58
0x00000008b72feed0:   0000000000000000 00000008b72fef00
0x00000008b72feee0:   00000008b72fef58 00000147aebf9e73
0x00000008b72feef0:   000000070fb98a68 00000147aebfc018
0x00000008b72fef00:   00000147cc2bb740 0000000000000000 

Instructions: (pc=0x0000000069a8bb04)
0x0000000069a8bae4:   53 48 83 ec 28 48 85 c9 48 89 cb 74 2f 48 8b b1
0x0000000069a8baf4:   90 00 00 00 48 85 f6 74 23 48 8b 81 d0 00 00 00
0x0000000069a8bb04:   8b 78 60 8d 57 ff 89 50 60 31 c0 85 d2 7e 1d 48
0x0000000069a8bb14:   83 c4 28 5b 5e 5f 41 5e c3 0f 1f 00 b8 23 00 00 


Stack slot to memory mapping:
stack at sp + 0 slots: 0x000000070df70878 points into unknown readable memory: 01 bb 2b b6 46 00 00 00
stack at sp + 1 slots: {method} {0x00000147db5aa510} 'reset' '()V' in 'com/badlogic/gdx/utils/LongMap$MapIterator'
stack at sp + 2 slots: 0x0 is NULL
stack at sp + 3 slots: 0x00000008b72fee40 is pointing into the stack for thread: 0x00000147cb79d000
stack at sp + 4 slots: 0x00000008b72fee90 is pointing into the stack for thread: 0x00000147cb79d000
stack at sp + 5 slots: {method} {0x00000147cb4a5d60} 'doneFace' '(J)V' in 'com/badlogic/gdx/graphics/g2d/freetype/FreeType$Face'
stack at sp + 6 slots: 0x0000000010200021 is an unknown value
stack at sp + 7 slots: 0x00000147aebf9e73 is at code_begin+2355 in an Interpreter codelet
invoke return entry points  [0x00000147aebf9540, 0x00000147aebf9f60]  2592 bytes


---------------  P R O C E S S  ---------------

Threads class SMR info:
_java_thread_list=0x00000147d4af9e90, length=14, elements={
0x00000147cad75800, 0x00000147cad76800, 0x00000147cb617800, 0x00000147cb61a000,
0x00000147cb61c800, 0x00000147cb62c000, 0x00000147cb63f800, 0x00000147cb795800,
0x00000147cb79b800, 0x00000147cb79d000, 0x00000147cb79f000, 0x00000147cd958800,
0x00000147cd953800, 0x00000147cd95a800
}

Java Threads: ( => current thread )
  0x00000147cad75800 JavaThread "Reference Handler" daemon [_thread_blocked, id=13944, stack(0x00000008b6500000,0x00000008b6600000)]
  0x00000147cad76800 JavaThread "Finalizer" daemon [_thread_blocked, id=17804, stack(0x00000008b6600000,0x00000008b6700000)]
  0x00000147cb617800 JavaThread "Signal Dispatcher" daemon [_thread_blocked, id=16472, stack(0x00000008b6700000,0x00000008b6800000)]
  0x00000147cb61a000 JavaThread "Attach Listener" daemon [_thread_blocked, id=19808, stack(0x00000008b6800000,0x00000008b6900000)]
  0x00000147cb61c800 JavaThread "C2 CompilerThread0" daemon [_thread_blocked, id=6080, stack(0x00000008b6900000,0x00000008b6a00000)]
  0x00000147cb62c000 JavaThread "C1 CompilerThread0" daemon [_thread_blocked, id=20276, stack(0x00000008b6a00000,0x00000008b6b00000)]
  0x00000147cb63f800 JavaThread "Sweeper thread" daemon [_thread_blocked, id=17428, stack(0x00000008b6b00000,0x00000008b6c00000)]
  0x00000147cb795800 JavaThread "Service Thread" daemon [_thread_blocked, id=16588, stack(0x00000008b6d00000,0x00000008b6e00000)]
  0x00000147cb79b800 JavaThread "Common-Cleaner" daemon [_thread_blocked, id=11708, stack(0x00000008b6f00000,0x00000008b7000000)]
=>0x00000147cb79d000 JavaThread "SHPD Render Thread" [_thread_in_native, id=14000, stack(0x00000008b7200000,0x00000008b7300000)]
  0x00000147cb79f000 JavaThread "DestroyJavaVM" [_thread_blocked, id=8600, stack(0x00000008b5e00000,0x00000008b5f00000)]
  0x00000147cd958800 JavaThread "Java2D Disposer" daemon [_thread_blocked, id=16452, stack(0x00000008b7500000,0x00000008b7600000)]
  0x00000147cd953800 JavaThread "AWT-Windows" daemon [_thread_in_native, id=10712, stack(0x00000008b7700000,0x00000008b7800000)]
  0x00000147cd95a800 JavaThread "SHPD Actor Thread" [_thread_blocked, id=5280, stack(0x00000008b7900000,0x00000008b7a00000)]

Other Threads:
  0x00000147cad74000 VMThread "VM Thread" [stack: 0x00000008b6400000,0x00000008b6500000] [id=15312]
  0x00000147cb796800 WatcherThread [stack: 0x00000008b6e00000,0x00000008b6f00000] [id=14020]
  0x00000147a6859800 GCTaskThread "GC Thread#0" [stack: 0x00000008b5f00000,0x00000008b6000000] [id=11528]
  0x00000147d42e7800 GCTaskThread "GC Thread#1" [stack: 0x00000008b7f00000,0x00000008b8000000] [id=11628]
  0x00000147d4416000 GCTaskThread "GC Thread#2" [stack: 0x00000008b8000000,0x00000008b8100000] [id=3932]
  0x00000147d4758800 GCTaskThread "GC Thread#3" [stack: 0x00000008b8100000,0x00000008b8200000] [id=4188]
  0x00000147d735e800 GCTaskThread "GC Thread#4" [stack: 0x00000008b8200000,0x00000008b8300000] [id=12476]
  0x00000147d4836000 GCTaskThread "GC Thread#5" [stack: 0x00000008b8300000,0x00000008b8400000] [id=11648]
  0x00000147a6874000 ConcurrentGCThread "G1 Main Marker" [stack: 0x00000008b6000000,0x00000008b6100000] [id=20012]
  0x00000147a6877800 ConcurrentGCThread "G1 Conc#0" [stack: 0x00000008b6100000,0x00000008b6200000] [id=14560]
  0x00000147cac71000 ConcurrentGCThread "G1 Refine#0" [stack: 0x00000008b6200000,0x00000008b6300000] [id=18724]
  0x00000147cac71800 ConcurrentGCThread "G1 Young RemSet Sampling" [stack: 0x00000008b6300000,0x00000008b6400000] [id=8396]

Threads with active compile tasks:

VM state:not at safepoint (normal execution)

VM Mutex/Monitor currently owned by a thread: None

Heap address: 0x0000000700c00000, size: 4084 MB, Compressed Oops mode: Zero based, Oop shift amount: 3
Narrow klass base: 0x0000000800000000, Narrow klass shift: 3
Compressed class space size: 1073741824 Address: 0x00000008011a0000

Heap:
 garbage-first heap   total 262144K, used 47056K [0x0000000700c00000, 0x0000000800000000)
  region size 1024K, 45 young (46080K), 3 survivors (3072K)
 Metaspace       used 12077K, capacity 12443K, committed 12544K, reserved 1060864K
  class space    used 1375K, capacity 1475K, committed 1536K, reserved 1048576K
Heap Regions: E=young(eden), S=young(survivor), O=old, HS=humongous(starts), HC=humongous(continues), CS=collection set, F=free, A=archive, TAMS=top-at-mark-start (previous, next)
|   0|0x0000000700c00000, 0x0000000700d00000, 0x0000000700d00000|100%|HS|  |TAMS 0x0000000700c00000, 0x0000000700c00000| Complete 
|   1|0x0000000700d00000, 0x0000000700e00000, 0x0000000700e00000|100%|HS|  |TAMS 0x0000000700d00000, 0x0000000700d00000| Complete 
|   2|0x0000000700e00000, 0x0000000700f00000, 0x0000000700f00000|100%|HC|  |TAMS 0x0000000700e00000, 0x0000000700e00000| Complete 
|   3|0x0000000700f00000, 0x0000000700f00000, 0x0000000701000000|  0%| F|  |TAMS 0x0000000700f00000, 0x0000000700f00000| Untracked 
|   4|0x0000000701000000, 0x0000000701000000, 0x0000000701100000|  0%| F|  |TAMS 0x0000000701000000, 0x0000000701000000| Untracked 
|   5|0x0000000701100000, 0x0000000701100000, 0x0000000701200000|  0%| F|  |TAMS 0x0000000701100000, 0x0000000701100000| Untracked 
|   6|0x0000000701200000, 0x0000000701200000, 0x0000000701300000|  0%| F|  |TAMS 0x0000000701200000, 0x0000000701200000| Untracked 
|   7|0x0000000701300000, 0x0000000701300000, 0x0000000701400000|  0%| F|  |TAMS 0x0000000701300000, 0x0000000701300000| Untracked 
|   8|0x0000000701400000, 0x0000000701400000, 0x0000000701500000|  0%| F|  |TAMS 0x0000000701400000, 0x0000000701400000| Untracked 
|   9|0x0000000701500000, 0x0000000701500000, 0x0000000701600000|  0%| F|  |TAMS 0x0000000701500000, 0x0000000701500000| Untracked 
|  10|0x0000000701600000, 0x0000000701600000, 0x0000000701700000|  0%| F|  |TAMS 0x0000000701600000, 0x0000000701600000| Untracked 
|  11|0x0000000701700000, 0x0000000701700000, 0x0000000701800000|  0%| F|  |TAMS 0x0000000701700000, 0x0000000701700000| Untracked 
|  12|0x0000000701800000, 0x0000000701800000, 0x0000000701900000|  0%| F|  |TAMS 0x0000000701800000, 0x0000000701800000| Untracked 
|  13|0x0000000701900000, 0x0000000701900000, 0x0000000701a00000|  0%| F|  |TAMS 0x0000000701900000, 0x0000000701900000| Untracked 
|  14|0x0000000701a00000, 0x0000000701a00000, 0x0000000701b00000|  0%| F|  |TAMS 0x0000000701a00000, 0x0000000701a00000| Untracked 
|  15|0x0000000701b00000, 0x0000000701b00000, 0x0000000701c00000|  0%| F|  |TAMS 0x0000000701b00000, 0x0000000701b00000| Untracked 
|  16|0x0000000701c00000, 0x0000000701c00000, 0x0000000701d00000|  0%| F|  |TAMS 0x0000000701c00000, 0x0000000701c00000| Untracked 
|  17|0x0000000701d00000, 0x0000000701d00000, 0x0000000701e00000|  0%| F|  |TAMS 0x0000000701d00000, 0x0000000701d00000| Untracked 
|  18|0x0000000701e00000, 0x0000000701e00000, 0x0000000701f00000|  0%| F|  |TAMS 0x0000000701e00000, 0x0000000701e00000| Untracked 
|  19|0x0000000701f00000, 0x0000000701f00000, 0x0000000702000000|  0%| F|  |TAMS 0x0000000701f00000, 0x0000000701f00000| Untracked 
|  20|0x0000000702000000, 0x0000000702000000, 0x0000000702100000|  0%| F|  |TAMS 0x0000000702000000, 0x0000000702000000| Untracked 
|  21|0x0000000702100000, 0x0000000702100000, 0x0000000702200000|  0%| F|  |TAMS 0x0000000702100000, 0x0000000702100000| Untracked 
|  22|0x0000000702200000, 0x0000000702200000, 0x0000000702300000|  0%| F|  |TAMS 0x0000000702200000, 0x0000000702200000| Untracked 
|  23|0x0000000702300000, 0x0000000702300000, 0x0000000702400000|  0%| F|  |TAMS 0x0000000702300000, 0x0000000702300000| Untracked 
|  24|0x0000000702400000, 0x0000000702400000, 0x0000000702500000|  0%| F|  |TAMS 0x0000000702400000, 0x0000000702400000| Untracked 
|  25|0x0000000702500000, 0x0000000702500000, 0x0000000702600000|  0%| F|  |TAMS 0x0000000702500000, 0x0000000702500000| Untracked 
|  26|0x0000000702600000, 0x0000000702600000, 0x0000000702700000|  0%| F|  |TAMS 0x0000000702600000, 0x0000000702600000| Untracked 
|  27|0x0000000702700000, 0x0000000702700000, 0x0000000702800000|  0%| F|  |TAMS 0x0000000702700000, 0x0000000702700000| Untracked 
|  28|0x0000000702800000, 0x0000000702800000, 0x0000000702900000|  0%| F|  |TAMS 0x0000000702800000, 0x0000000702800000| Untracked 
|  29|0x0000000702900000, 0x0000000702900000, 0x0000000702a00000|  0%| F|  |TAMS 0x0000000702900000, 0x0000000702900000| Untracked 
|  30|0x0000000702a00000, 0x0000000702a00000, 0x0000000702b00000|  0%| F|  |TAMS 0x0000000702a00000, 0x0000000702a00000| Untracked 
|  31|0x0000000702b00000, 0x0000000702b00000, 0x0000000702c00000|  0%| F|  |TAMS 0x0000000702b00000, 0x0000000702b00000| Untracked 
|  32|0x0000000702c00000, 0x0000000702c00000, 0x0000000702d00000|  0%| F|  |TAMS 0x0000000702c00000, 0x0000000702c00000| Untracked 
|  33|0x0000000702d00000, 0x0000000702d00000, 0x0000000702e00000|  0%| F|  |TAMS 0x0000000702d00000, 0x0000000702d00000| Untracked 
|  34|0x0000000702e00000, 0x0000000702e00000, 0x0000000702f00000|  0%| F|  |TAMS 0x0000000702e00000, 0x0000000702e00000| Untracked 
|  35|0x0000000702f00000, 0x0000000702f00000, 0x0000000703000000|  0%| F|  |TAMS 0x0000000702f00000, 0x0000000702f00000| Untracked 
|  36|0x0000000703000000, 0x0000000703000000, 0x0000000703100000|  0%| F|  |TAMS 0x0000000703000000, 0x0000000703000000| Untracked 
|  37|0x0000000703100000, 0x0000000703100000, 0x0000000703200000|  0%| F|  |TAMS 0x0000000703100000, 0x0000000703100000| Untracked 
|  38|0x0000000703200000, 0x0000000703200000, 0x0000000703300000|  0%| F|  |TAMS 0x0000000703200000, 0x0000000703200000| Untracked 
|  39|0x0000000703300000, 0x0000000703300000, 0x0000000703400000|  0%| F|  |TAMS 0x0000000703300000, 0x0000000703300000| Untracked 
|  40|0x0000000703400000, 0x0000000703400000, 0x0000000703500000|  0%| F|  |TAMS 0x0000000703400000, 0x0000000703400000| Untracked 
|  41|0x0000000703500000, 0x0000000703500000, 0x0000000703600000|  0%| F|  |TAMS 0x0000000703500000, 0x0000000703500000| Untracked 
|  42|0x0000000703600000, 0x0000000703600000, 0x0000000703700000|  0%| F|  |TAMS 0x0000000703600000, 0x0000000703600000| Untracked 
|  43|0x0000000703700000, 0x0000000703700000, 0x0000000703800000|  0%| F|  |TAMS 0x0000000703700000, 0x0000000703700000| Untracked 
|  44|0x0000000703800000, 0x0000000703800000, 0x0000000703900000|  0%| F|  |TAMS 0x0000000703800000, 0x0000000703800000| Untracked 
|  45|0x0000000703900000, 0x0000000703900000, 0x0000000703a00000|  0%| F|  |TAMS 0x0000000703900000, 0x0000000703900000| Untracked 
|  46|0x0000000703a00000, 0x0000000703a00000, 0x0000000703b00000|  0%| F|  |TAMS 0x0000000703a00000, 0x0000000703a00000| Untracked 
|  47|0x0000000703b00000, 0x0000000703b00000, 0x0000000703c00000|  0%| F|  |TAMS 0x0000000703b00000, 0x0000000703b00000| Untracked 
|  48|0x0000000703c00000, 0x0000000703c00000, 0x0000000703d00000|  0%| F|  |TAMS 0x0000000703c00000, 0x0000000703c00000| Untracked 
|  49|0x0000000703d00000, 0x0000000703d00000, 0x0000000703e00000|  0%| F|  |TAMS 0x0000000703d00000, 0x0000000703d00000| Untracked 
|  50|0x0000000703e00000, 0x0000000703e00000, 0x0000000703f00000|  0%| F|  |TAMS 0x0000000703e00000, 0x0000000703e00000| Untracked 
|  51|0x0000000703f00000, 0x0000000703f00000, 0x0000000704000000|  0%| F|  |TAMS 0x0000000703f00000, 0x0000000703f00000| Untracked 
|  52|0x0000000704000000, 0x0000000704000000, 0x0000000704100000|  0%| F|  |TAMS 0x0000000704000000, 0x0000000704000000| Untracked 
|  53|0x0000000704100000, 0x0000000704100000, 0x0000000704200000|  0%| F|  |TAMS 0x0000000704100000, 0x0000000704100000| Untracked 
|  54|0x0000000704200000, 0x0000000704200000, 0x0000000704300000|  0%| F|  |TAMS 0x0000000704200000, 0x0000000704200000| Untracked 
|  55|0x0000000704300000, 0x0000000704300000, 0x0000000704400000|  0%| F|  |TAMS 0x0000000704300000, 0x0000000704300000| Untracked 
|  56|0x0000000704400000, 0x0000000704400000, 0x0000000704500000|  0%| F|  |TAMS 0x0000000704400000, 0x0000000704400000| Untracked 
|  57|0x0000000704500000, 0x0000000704500000, 0x0000000704600000|  0%| F|  |TAMS 0x0000000704500000, 0x0000000704500000| Untracked 
|  58|0x0000000704600000, 0x0000000704600000, 0x0000000704700000|  0%| F|  |TAMS 0x0000000704600000, 0x0000000704600000| Untracked 
|  59|0x0000000704700000, 0x0000000704700000, 0x0000000704800000|  0%| F|  |TAMS 0x0000000704700000, 0x0000000704700000| Untracked 
|  60|0x0000000704800000, 0x0000000704800000, 0x0000000704900000|  0%| F|  |TAMS 0x0000000704800000, 0x0000000704800000| Untracked 
|  61|0x0000000704900000, 0x0000000704900000, 0x0000000704a00000|  0%| F|  |TAMS 0x0000000704900000, 0x0000000704900000| Untracked 
|  62|0x0000000704a00000, 0x0000000704a00000, 0x0000000704b00000|  0%| F|  |TAMS 0x0000000704a00000, 0x0000000704a00000| Untracked 
|  63|0x0000000704b00000, 0x0000000704b00000, 0x0000000704c00000|  0%| F|  |TAMS 0x0000000704b00000, 0x0000000704b00000| Untracked 
|  64|0x0000000704c00000, 0x0000000704c00000, 0x0000000704d00000|  0%| F|  |TAMS 0x0000000704c00000, 0x0000000704c00000| Untracked 
|  65|0x0000000704d00000, 0x0000000704d00000, 0x0000000704e00000|  0%| F|  |TAMS 0x0000000704d00000, 0x0000000704d00000| Untracked 
|  66|0x0000000704e00000, 0x0000000704e00000, 0x0000000704f00000|  0%| F|  |TAMS 0x0000000704e00000, 0x0000000704e00000| Untracked 
|  67|0x0000000704f00000, 0x0000000704f00000, 0x0000000705000000|  0%| F|  |TAMS 0x0000000704f00000, 0x0000000704f00000| Untracked 
|  68|0x0000000705000000, 0x0000000705000000, 0x0000000705100000|  0%| F|  |TAMS 0x0000000705000000, 0x0000000705000000| Untracked 
|  69|0x0000000705100000, 0x0000000705100000, 0x0000000705200000|  0%| F|  |TAMS 0x0000000705100000, 0x0000000705100000| Untracked 
|  70|0x0000000705200000, 0x0000000705200000, 0x0000000705300000|  0%| F|  |TAMS 0x0000000705200000, 0x0000000705200000| Untracked 
|  71|0x0000000705300000, 0x0000000705300000, 0x0000000705400000|  0%| F|  |TAMS 0x0000000705300000, 0x0000000705300000| Untracked 
|  72|0x0000000705400000, 0x0000000705400000, 0x0000000705500000|  0%| F|  |TAMS 0x0000000705400000, 0x0000000705400000| Untracked 
|  73|0x0000000705500000, 0x0000000705500000, 0x0000000705600000|  0%| F|  |TAMS 0x0000000705500000, 0x0000000705500000| Untracked 
|  74|0x0000000705600000, 0x0000000705600000, 0x0000000705700000|  0%| F|  |TAMS 0x0000000705600000, 0x0000000705600000| Untracked 
|  75|0x0000000705700000, 0x0000000705700000, 0x0000000705800000|  0%| F|  |TAMS 0x0000000705700000, 0x0000000705700000| Untracked 
|  76|0x0000000705800000, 0x0000000705800000, 0x0000000705900000|  0%| F|  |TAMS 0x0000000705800000, 0x0000000705800000| Untracked 
|  77|0x0000000705900000, 0x0000000705900000, 0x0000000705a00000|  0%| F|  |TAMS 0x0000000705900000, 0x0000000705900000| Untracked 
|  78|0x0000000705a00000, 0x0000000705a00000, 0x0000000705b00000|  0%| F|  |TAMS 0x0000000705a00000, 0x0000000705a00000| Untracked 
|  79|0x0000000705b00000, 0x0000000705b00000, 0x0000000705c00000|  0%| F|  |TAMS 0x0000000705b00000, 0x0000000705b00000| Untracked 
|  80|0x0000000705c00000, 0x0000000705c00000, 0x0000000705d00000|  0%| F|  |TAMS 0x0000000705c00000, 0x0000000705c00000| Untracked 
|  81|0x0000000705d00000, 0x0000000705d00000, 0x0000000705e00000|  0%| F|  |TAMS 0x0000000705d00000, 0x0000000705d00000| Untracked 
|  82|0x0000000705e00000, 0x0000000705e00000, 0x0000000705f00000|  0%| F|  |TAMS 0x0000000705e00000, 0x0000000705e00000| Untracked 
|  83|0x0000000705f00000, 0x0000000705f00000, 0x0000000706000000|  0%| F|  |TAMS 0x0000000705f00000, 0x0000000705f00000| Untracked 
|  84|0x0000000706000000, 0x0000000706000000, 0x0000000706100000|  0%| F|  |TAMS 0x0000000706000000, 0x0000000706000000| Untracked 
|  85|0x0000000706100000, 0x0000000706100000, 0x0000000706200000|  0%| F|  |TAMS 0x0000000706100000, 0x0000000706100000| Untracked 
|  86|0x0000000706200000, 0x0000000706200000, 0x0000000706300000|  0%| F|  |TAMS 0x0000000706200000, 0x0000000706200000| Untracked 
|  87|0x0000000706300000, 0x0000000706300000, 0x0000000706400000|  0%| F|  |TAMS 0x0000000706300000, 0x0000000706300000| Untracked 
|  88|0x0000000706400000, 0x0000000706400000, 0x0000000706500000|  0%| F|  |TAMS 0x0000000706400000, 0x0000000706400000| Untracked 
|  89|0x0000000706500000, 0x0000000706500000, 0x0000000706600000|  0%| F|  |TAMS 0x0000000706500000, 0x0000000706500000| Untracked 
|  90|0x0000000706600000, 0x0000000706600000, 0x0000000706700000|  0%| F|  |TAMS 0x0000000706600000, 0x0000000706600000| Untracked 
|  91|0x0000000706700000, 0x0000000706700000, 0x0000000706800000|  0%| F|  |TAMS 0x0000000706700000, 0x0000000706700000| Untracked 
|  92|0x0000000706800000, 0x0000000706800000, 0x0000000706900000|  0%| F|  |TAMS 0x0000000706800000, 0x0000000706800000| Untracked 
|  93|0x0000000706900000, 0x0000000706900000, 0x0000000706a00000|  0%| F|  |TAMS 0x0000000706900000, 0x0000000706900000| Untracked 
|  94|0x0000000706a00000, 0x0000000706a00000, 0x0000000706b00000|  0%| F|  |TAMS 0x0000000706a00000, 0x0000000706a00000| Untracked 
|  95|0x0000000706b00000, 0x0000000706b00000, 0x0000000706c00000|  0%| F|  |TAMS 0x0000000706b00000, 0x0000000706b00000| Untracked 
|  96|0x0000000706c00000, 0x0000000706c00000, 0x0000000706d00000|  0%| F|  |TAMS 0x0000000706c00000, 0x0000000706c00000| Untracked 
|  97|0x0000000706d00000, 0x0000000706d00000, 0x0000000706e00000|  0%| F|  |TAMS 0x0000000706d00000, 0x0000000706d00000| Untracked 
|  98|0x0000000706e00000, 0x0000000706e00000, 0x0000000706f00000|  0%| F|  |TAMS 0x0000000706e00000, 0x0000000706e00000| Untracked 
|  99|0x0000000706f00000, 0x0000000706f00000, 0x0000000707000000|  0%| F|  |TAMS 0x0000000706f00000, 0x0000000706f00000| Untracked 
| 100|0x0000000707000000, 0x0000000707000000, 0x0000000707100000|  0%| F|  |TAMS 0x0000000707000000, 0x0000000707000000| Untracked 
| 101|0x0000000707100000, 0x0000000707100000, 0x0000000707200000|  0%| F|  |TAMS 0x0000000707100000, 0x0000000707100000| Untracked 
| 102|0x0000000707200000, 0x0000000707200000, 0x0000000707300000|  0%| F|  |TAMS 0x0000000707200000, 0x0000000707200000| Untracked 
| 103|0x0000000707300000, 0x0000000707300000, 0x0000000707400000|  0%| F|  |TAMS 0x0000000707300000, 0x0000000707300000| Untracked 
| 104|0x0000000707400000, 0x0000000707400000, 0x0000000707500000|  0%| F|  |TAMS 0x0000000707400000, 0x0000000707400000| Untracked 
| 105|0x0000000707500000, 0x0000000707500000, 0x0000000707600000|  0%| F|  |TAMS 0x0000000707500000, 0x0000000707500000| Untracked 
| 106|0x0000000707600000, 0x0000000707600000, 0x0000000707700000|  0%| F|  |TAMS 0x0000000707600000, 0x0000000707600000| Untracked 
| 107|0x0000000707700000, 0x0000000707700000, 0x0000000707800000|  0%| F|  |TAMS 0x0000000707700000, 0x0000000707700000| Untracked 
| 108|0x0000000707800000, 0x0000000707800000, 0x0000000707900000|  0%| F|  |TAMS 0x0000000707800000, 0x0000000707800000| Untracked 
| 109|0x0000000707900000, 0x0000000707900000, 0x0000000707a00000|  0%| F|  |TAMS 0x0000000707900000, 0x0000000707900000| Untracked 
| 110|0x0000000707a00000, 0x0000000707a00000, 0x0000000707b00000|  0%| F|  |TAMS 0x0000000707a00000, 0x0000000707a00000| Untracked 
| 111|0x0000000707b00000, 0x0000000707b00000, 0x0000000707c00000|  0%| F|  |TAMS 0x0000000707b00000, 0x0000000707b00000| Untracked 
| 112|0x0000000707c00000, 0x0000000707c00000, 0x0000000707d00000|  0%| F|  |TAMS 0x0000000707c00000, 0x0000000707c00000| Untracked 
| 113|0x0000000707d00000, 0x0000000707d00000, 0x0000000707e00000|  0%| F|  |TAMS 0x0000000707d00000, 0x0000000707d00000| Untracked 
| 114|0x0000000707e00000, 0x0000000707e00000, 0x0000000707f00000|  0%| F|  |TAMS 0x0000000707e00000, 0x0000000707e00000| Untracked 
| 115|0x0000000707f00000, 0x0000000707f00000, 0x0000000708000000|  0%| F|  |TAMS 0x0000000707f00000, 0x0000000707f00000| Untracked 
| 116|0x0000000708000000, 0x0000000708000000, 0x0000000708100000|  0%| F|  |TAMS 0x0000000708000000, 0x0000000708000000| Untracked 
| 117|0x0000000708100000, 0x0000000708100000, 0x0000000708200000|  0%| F|  |TAMS 0x0000000708100000, 0x0000000708100000| Untracked 
| 118|0x0000000708200000, 0x0000000708200000, 0x0000000708300000|  0%| F|  |TAMS 0x0000000708200000, 0x0000000708200000| Untracked 
| 119|0x0000000708300000, 0x0000000708300000, 0x0000000708400000|  0%| F|  |TAMS 0x0000000708300000, 0x0000000708300000| Untracked 
| 120|0x0000000708400000, 0x0000000708400000, 0x0000000708500000|  0%| F|  |TAMS 0x0000000708400000, 0x0000000708400000| Untracked 
| 121|0x0000000708500000, 0x0000000708500000, 0x0000000708600000|  0%| F|  |TAMS 0x0000000708500000, 0x0000000708500000| Untracked 
| 122|0x0000000708600000, 0x0000000708600000, 0x0000000708700000|  0%| F|  |TAMS 0x0000000708600000, 0x0000000708600000| Untracked 
| 123|0x0000000708700000, 0x0000000708700000, 0x0000000708800000|  0%| F|  |TAMS 0x0000000708700000, 0x0000000708700000| Untracked 
| 124|0x0000000708800000, 0x0000000708800000, 0x0000000708900000|  0%| F|  |TAMS 0x0000000708800000, 0x0000000708800000| Untracked 
| 125|0x0000000708900000, 0x0000000708900000, 0x0000000708a00000|  0%| F|  |TAMS 0x0000000708900000, 0x0000000708900000| Untracked 
| 126|0x0000000708a00000, 0x0000000708a00000, 0x0000000708b00000|  0%| F|  |TAMS 0x0000000708a00000, 0x0000000708a00000| Untracked 
| 127|0x0000000708b00000, 0x0000000708b00000, 0x0000000708c00000|  0%| F|  |TAMS 0x0000000708b00000, 0x0000000708b00000| Untracked 
| 128|0x0000000708c00000, 0x0000000708c00000, 0x0000000708d00000|  0%| F|  |TAMS 0x0000000708c00000, 0x0000000708c00000| Untracked 
| 129|0x0000000708d00000, 0x0000000708d00000, 0x0000000708e00000|  0%| F|  |TAMS 0x0000000708d00000, 0x0000000708d00000| Untracked 
| 130|0x0000000708e00000, 0x0000000708e00000, 0x0000000708f00000|  0%| F|  |TAMS 0x0000000708e00000, 0x0000000708e00000| Untracked 
| 131|0x0000000708f00000, 0x0000000708f00000, 0x0000000709000000|  0%| F|  |TAMS 0x0000000708f00000, 0x0000000708f00000| Untracked 
| 132|0x0000000709000000, 0x0000000709000000, 0x0000000709100000|  0%| F|  |TAMS 0x0000000709000000, 0x0000000709000000| Untracked 
| 133|0x0000000709100000, 0x0000000709100000, 0x0000000709200000|  0%| F|  |TAMS 0x0000000709100000, 0x0000000709100000| Untracked 
| 134|0x0000000709200000, 0x0000000709200000, 0x0000000709300000|  0%| F|  |TAMS 0x0000000709200000, 0x0000000709200000| Untracked 
| 135|0x0000000709300000, 0x0000000709300000, 0x0000000709400000|  0%| F|  |TAMS 0x0000000709300000, 0x0000000709300000| Untracked 
| 136|0x0000000709400000, 0x0000000709400000, 0x0000000709500000|  0%| F|  |TAMS 0x0000000709400000, 0x0000000709400000| Untracked 
| 137|0x0000000709500000, 0x0000000709500000, 0x0000000709600000|  0%| F|  |TAMS 0x0000000709500000, 0x0000000709500000| Untracked 
| 138|0x0000000709600000, 0x0000000709600000, 0x0000000709700000|  0%| F|  |TAMS 0x0000000709600000, 0x0000000709600000| Untracked 
| 139|0x0000000709700000, 0x0000000709700000, 0x0000000709800000|  0%| F|  |TAMS 0x0000000709700000, 0x0000000709700000| Untracked 
| 140|0x0000000709800000, 0x0000000709800000, 0x0000000709900000|  0%| F|  |TAMS 0x0000000709800000, 0x0000000709800000| Untracked 
| 141|0x0000000709900000, 0x0000000709900000, 0x0000000709a00000|  0%| F|  |TAMS 0x0000000709900000, 0x0000000709900000| Untracked 
| 142|0x0000000709a00000, 0x0000000709a00000, 0x0000000709b00000|  0%| F|  |TAMS 0x0000000709a00000, 0x0000000709a00000| Untracked 
| 143|0x0000000709b00000, 0x0000000709b00000, 0x0000000709c00000|  0%| F|  |TAMS 0x0000000709b00000, 0x0000000709b00000| Untracked 
| 144|0x0000000709c00000, 0x0000000709c00000, 0x0000000709d00000|  0%| F|  |TAMS 0x0000000709c00000, 0x0000000709c00000| Untracked 
| 145|0x0000000709d00000, 0x0000000709d00000, 0x0000000709e00000|  0%| F|  |TAMS 0x0000000709d00000, 0x0000000709d00000| Untracked 
| 146|0x0000000709e00000, 0x0000000709e00000, 0x0000000709f00000|  0%| F|  |TAMS 0x0000000709e00000, 0x0000000709e00000| Untracked 
| 147|0x0000000709f00000, 0x0000000709f00000, 0x000000070a000000|  0%| F|  |TAMS 0x0000000709f00000, 0x0000000709f00000| Untracked 
| 148|0x000000070a000000, 0x000000070a000000, 0x000000070a100000|  0%| F|  |TAMS 0x000000070a000000, 0x000000070a000000| Untracked 
| 149|0x000000070a100000, 0x000000070a100000, 0x000000070a200000|  0%| F|  |TAMS 0x000000070a100000, 0x000000070a100000| Untracked 
| 150|0x000000070a200000, 0x000000070a200000, 0x000000070a300000|  0%| F|  |TAMS 0x000000070a200000, 0x000000070a200000| Untracked 
| 151|0x000000070a300000, 0x000000070a300000, 0x000000070a400000|  0%| F|  |TAMS 0x000000070a300000, 0x000000070a300000| Untracked 
| 152|0x000000070a400000, 0x000000070a400000, 0x000000070a500000|  0%| F|  |TAMS 0x000000070a400000, 0x000000070a400000| Untracked 
| 153|0x000000070a500000, 0x000000070a500000, 0x000000070a600000|  0%| F|  |TAMS 0x000000070a500000, 0x000000070a500000| Untracked 
| 154|0x000000070a600000, 0x000000070a600000, 0x000000070a700000|  0%| F|  |TAMS 0x000000070a600000, 0x000000070a600000| Untracked 
| 155|0x000000070a700000, 0x000000070a700000, 0x000000070a800000|  0%| F|  |TAMS 0x000000070a700000, 0x000000070a700000| Untracked 
| 156|0x000000070a800000, 0x000000070a800000, 0x000000070a900000|  0%| F|  |TAMS 0x000000070a800000, 0x000000070a800000| Untracked 
| 157|0x000000070a900000, 0x000000070a900000, 0x000000070aa00000|  0%| F|  |TAMS 0x000000070a900000, 0x000000070a900000| Untracked 
| 158|0x000000070aa00000, 0x000000070aa00000, 0x000000070ab00000|  0%| F|  |TAMS 0x000000070aa00000, 0x000000070aa00000| Untracked 
| 159|0x000000070ab00000, 0x000000070ab00000, 0x000000070ac00000|  0%| F|  |TAMS 0x000000070ab00000, 0x000000070ab00000| Untracked 
| 160|0x000000070ac00000, 0x000000070ac00000, 0x000000070ad00000|  0%| F|  |TAMS 0x000000070ac00000, 0x000000070ac00000| Untracked 
| 161|0x000000070ad00000, 0x000000070ad00000, 0x000000070ae00000|  0%| F|  |TAMS 0x000000070ad00000, 0x000000070ad00000| Untracked 
| 162|0x000000070ae00000, 0x000000070ae00000, 0x000000070af00000|  0%| F|  |TAMS 0x000000070ae00000, 0x000000070ae00000| Untracked 
| 163|0x000000070af00000, 0x000000070af00000, 0x000000070b000000|  0%| F|  |TAMS 0x000000070af00000, 0x000000070af00000| Untracked 
| 164|0x000000070b000000, 0x000000070b000000, 0x000000070b100000|  0%| F|  |TAMS 0x000000070b000000, 0x000000070b000000| Untracked 
| 165|0x000000070b100000, 0x000000070b100000, 0x000000070b200000|  0%| F|  |TAMS 0x000000070b100000, 0x000000070b100000| Untracked 
| 166|0x000000070b200000, 0x000000070b200000, 0x000000070b300000|  0%| F|  |TAMS 0x000000070b200000, 0x000000070b200000| Untracked 
| 167|0x000000070b300000, 0x000000070b300000, 0x000000070b400000|  0%| F|  |TAMS 0x000000070b300000, 0x000000070b300000| Untracked 
| 168|0x000000070b400000, 0x000000070b400000, 0x000000070b500000|  0%| F|  |TAMS 0x000000070b400000, 0x000000070b400000| Untracked 
| 169|0x000000070b500000, 0x000000070b500000, 0x000000070b600000|  0%| F|  |TAMS 0x000000070b500000, 0x000000070b500000| Untracked 
| 170|0x000000070b600000, 0x000000070b600000, 0x000000070b700000|  0%| F|  |TAMS 0x000000070b600000, 0x000000070b600000| Untracked 
| 171|0x000000070b700000, 0x000000070b700000, 0x000000070b800000|  0%| F|  |TAMS 0x000000070b700000, 0x000000070b700000| Untracked 
| 172|0x000000070b800000, 0x000000070b800000, 0x000000070b900000|  0%| F|  |TAMS 0x000000070b800000, 0x000000070b800000| Untracked 
| 173|0x000000070b900000, 0x000000070b900000, 0x000000070ba00000|  0%| F|  |TAMS 0x000000070b900000, 0x000000070b900000| Untracked 
| 174|0x000000070ba00000, 0x000000070ba00000, 0x000000070bb00000|  0%| F|  |TAMS 0x000000070ba00000, 0x000000070ba00000| Untracked 
| 175|0x000000070bb00000, 0x000000070bb00000, 0x000000070bc00000|  0%| F|  |TAMS 0x000000070bb00000, 0x000000070bb00000| Untracked 
| 176|0x000000070bc00000, 0x000000070bc00000, 0x000000070bd00000|  0%| F|  |TAMS 0x000000070bc00000, 0x000000070bc00000| Untracked 
| 177|0x000000070bd00000, 0x000000070bd00000, 0x000000070be00000|  0%| F|  |TAMS 0x000000070bd00000, 0x000000070bd00000| Untracked 
| 178|0x000000070be00000, 0x000000070be00000, 0x000000070bf00000|  0%| F|  |TAMS 0x000000070be00000, 0x000000070be00000| Untracked 
| 179|0x000000070bf00000, 0x000000070bf00000, 0x000000070c000000|  0%| F|  |TAMS 0x000000070bf00000, 0x000000070bf00000| Untracked 
| 180|0x000000070c000000, 0x000000070c000000, 0x000000070c100000|  0%| F|  |TAMS 0x000000070c000000, 0x000000070c000000| Untracked 
| 181|0x000000070c100000, 0x000000070c100000, 0x000000070c200000|  0%| F|  |TAMS 0x000000070c100000, 0x000000070c100000| Untracked 
| 182|0x000000070c200000, 0x000000070c200000, 0x000000070c300000|  0%| F|  |TAMS 0x000000070c200000, 0x000000070c200000| Untracked 
| 183|0x000000070c300000, 0x000000070c300000, 0x000000070c400000|  0%| F|  |TAMS 0x000000070c300000, 0x000000070c300000| Untracked 
| 184|0x000000070c400000, 0x000000070c400000, 0x000000070c500000|  0%| F|  |TAMS 0x000000070c400000, 0x000000070c400000| Untracked 
| 185|0x000000070c500000, 0x000000070c500000, 0x000000070c600000|  0%| F|  |TAMS 0x000000070c500000, 0x000000070c500000| Untracked 
| 186|0x000000070c600000, 0x000000070c600000, 0x000000070c700000|  0%| F|  |TAMS 0x000000070c600000, 0x000000070c600000| Untracked 
| 187|0x000000070c700000, 0x000000070c700000, 0x000000070c800000|  0%| F|  |TAMS 0x000000070c700000, 0x000000070c700000| Untracked 
| 188|0x000000070c800000, 0x000000070c800000, 0x000000070c900000|  0%| F|  |TAMS 0x000000070c800000, 0x000000070c800000| Untracked 
| 189|0x000000070c900000, 0x000000070c900000, 0x000000070ca00000|  0%| F|  |TAMS 0x000000070c900000, 0x000000070c900000| Untracked 
| 190|0x000000070ca00000, 0x000000070ca00000, 0x000000070cb00000|  0%| F|  |TAMS 0x000000070ca00000, 0x000000070ca00000| Untracked 
| 191|0x000000070cb00000, 0x000000070cb00000, 0x000000070cc00000|  0%| F|  |TAMS 0x000000070cb00000, 0x000000070cb00000| Untracked 
| 192|0x000000070cc00000, 0x000000070cc00000, 0x000000070cd00000|  0%| F|  |TAMS 0x000000070cc00000, 0x000000070cc00000| Untracked 
| 193|0x000000070cd00000, 0x000000070cd00000, 0x000000070ce00000|  0%| F|  |TAMS 0x000000070cd00000, 0x000000070cd00000| Untracked 
| 194|0x000000070ce00000, 0x000000070ce00000, 0x000000070cf00000|  0%| F|  |TAMS 0x000000070ce00000, 0x000000070ce00000| Untracked 
| 195|0x000000070cf00000, 0x000000070cf00000, 0x000000070d000000|  0%| F|  |TAMS 0x000000070cf00000, 0x000000070cf00000| Untracked 
| 196|0x000000070d000000, 0x000000070d000000, 0x000000070d100000|  0%| F|  |TAMS 0x000000070d000000, 0x000000070d000000| Untracked 
| 197|0x000000070d100000, 0x000000070d100000, 0x000000070d200000|  0%| F|  |TAMS 0x000000070d100000, 0x000000070d100000| Untracked 
| 198|0x000000070d200000, 0x000000070d200000, 0x000000070d300000|  0%| F|  |TAMS 0x000000070d200000, 0x000000070d200000| Untracked 
| 199|0x000000070d300000, 0x000000070d300000, 0x000000070d400000|  0%| F|  |TAMS 0x000000070d300000, 0x000000070d300000| Untracked 
| 200|0x000000070d400000, 0x000000070d400000, 0x000000070d500000|  0%| F|  |TAMS 0x000000070d400000, 0x000000070d400000| Untracked 
| 201|0x000000070d500000, 0x000000070d500000, 0x000000070d600000|  0%| F|  |TAMS 0x000000070d500000, 0x000000070d500000| Untracked 
| 202|0x000000070d600000, 0x000000070d600000, 0x000000070d700000|  0%| F|  |TAMS 0x000000070d600000, 0x000000070d600000| Untracked 
| 203|0x000000070d700000, 0x000000070d700000, 0x000000070d800000|  0%| F|  |TAMS 0x000000070d700000, 0x000000070d700000| Untracked 
| 204|0x000000070d800000, 0x000000070d800000, 0x000000070d900000|  0%| F|  |TAMS 0x000000070d800000, 0x000000070d800000| Untracked 
| 205|0x000000070d900000, 0x000000070d900000, 0x000000070da00000|  0%| F|  |TAMS 0x000000070d900000, 0x000000070d900000| Untracked 
| 206|0x000000070da00000, 0x000000070da00000, 0x000000070db00000|  0%| F|  |TAMS 0x000000070da00000, 0x000000070da00000| Untracked 
| 207|0x000000070db00000, 0x000000070db00000, 0x000000070dc00000|  0%| F|  |TAMS 0x000000070db00000, 0x000000070db00000| Untracked 
| 208|0x000000070dc00000, 0x000000070dc00000, 0x000000070dd00000|  0%| F|  |TAMS 0x000000070dc00000, 0x000000070dc00000| Untracked 
| 209|0x000000070dd00000, 0x000000070dd00000, 0x000000070de00000|  0%| F|  |TAMS 0x000000070dd00000, 0x000000070dd00000| Untracked 
| 210|0x000000070de00000, 0x000000070de00000, 0x000000070df00000|  0%| F|  |TAMS 0x000000070de00000, 0x000000070de00000| Untracked 
| 211|0x000000070df00000, 0x000000070df80800, 0x000000070e000000| 50%| E|  |TAMS 0x000000070df00000, 0x000000070df00000| Complete 
| 212|0x000000070e000000, 0x000000070e100000, 0x000000070e100000|100%| E|CS|TAMS 0x000000070e000000, 0x000000070e000000| Complete 
| 213|0x000000070e100000, 0x000000070e200000, 0x000000070e200000|100%| E|CS|TAMS 0x000000070e100000, 0x000000070e100000| Complete 
| 214|0x000000070e200000, 0x000000070e300000, 0x000000070e300000|100%| E|CS|TAMS 0x000000070e200000, 0x000000070e200000| Complete 
| 215|0x000000070e300000, 0x000000070e400000, 0x000000070e400000|100%| E|CS|TAMS 0x000000070e300000, 0x000000070e300000| Complete 
| 216|0x000000070e400000, 0x000000070e500000, 0x000000070e500000|100%| E|CS|TAMS 0x000000070e400000, 0x000000070e400000| Complete 
| 217|0x000000070e500000, 0x000000070e600000, 0x000000070e600000|100%| E|CS|TAMS 0x000000070e500000, 0x000000070e500000| Complete 
| 218|0x000000070e600000, 0x000000070e700000, 0x000000070e700000|100%| E|CS|TAMS 0x000000070e600000, 0x000000070e600000| Complete 
| 219|0x000000070e700000, 0x000000070e800000, 0x000000070e800000|100%| E|CS|TAMS 0x000000070e700000, 0x000000070e700000| Complete 
| 220|0x000000070e800000, 0x000000070e900000, 0x000000070e900000|100%| E|CS|TAMS 0x000000070e800000, 0x000000070e800000| Complete 
| 221|0x000000070e900000, 0x000000070ea00000, 0x000000070ea00000|100%| E|CS|TAMS 0x000000070e900000, 0x000000070e900000| Complete 
| 222|0x000000070ea00000, 0x000000070eb00000, 0x000000070eb00000|100%| E|CS|TAMS 0x000000070ea00000, 0x000000070ea00000| Complete 
| 223|0x000000070eb00000, 0x000000070ec00000, 0x000000070ec00000|100%| E|CS|TAMS 0x000000070eb00000, 0x000000070eb00000| Complete 
| 224|0x000000070ec00000, 0x000000070ed00000, 0x000000070ed00000|100%| E|CS|TAMS 0x000000070ec00000, 0x000000070ec00000| Complete 
| 225|0x000000070ed00000, 0x000000070ee00000, 0x000000070ee00000|100%| E|CS|TAMS 0x000000070ed00000, 0x000000070ed00000| Complete 
| 226|0x000000070ee00000, 0x000000070ef00000, 0x000000070ef00000|100%| E|CS|TAMS 0x000000070ee00000, 0x000000070ee00000| Complete 
| 227|0x000000070ef00000, 0x000000070f000000, 0x000000070f000000|100%| E|CS|TAMS 0x000000070ef00000, 0x000000070ef00000| Complete 
| 228|0x000000070f000000, 0x000000070f100000, 0x000000070f100000|100%| E|CS|TAMS 0x000000070f000000, 0x000000070f000000| Complete 
| 229|0x000000070f100000, 0x000000070f1f43c0, 0x000000070f200000| 95%| S|CS|TAMS 0x000000070f100000, 0x000000070f100000| Complete 
| 230|0x000000070f200000, 0x000000070f300000, 0x000000070f300000|100%| S|CS|TAMS 0x000000070f200000, 0x000000070f200000| Complete 
| 231|0x000000070f300000, 0x000000070f400000, 0x000000070f400000|100%| S|CS|TAMS 0x000000070f300000, 0x000000070f300000| Complete 
| 232|0x000000070f400000, 0x000000070f500000, 0x000000070f500000|100%| E|CS|TAMS 0x000000070f400000, 0x000000070f400000| Complete 
| 233|0x000000070f500000, 0x000000070f600000, 0x000000070f600000|100%| E|CS|TAMS 0x000000070f500000, 0x000000070f500000| Complete 
| 234|0x000000070f600000, 0x000000070f700000, 0x000000070f700000|100%| E|CS|TAMS 0x000000070f600000, 0x000000070f600000| Complete 
| 235|0x000000070f700000, 0x000000070f800000, 0x000000070f800000|100%| E|CS|TAMS 0x000000070f700000, 0x000000070f700000| Complete 
| 236|0x000000070f800000, 0x000000070f900000, 0x000000070f900000|100%| E|CS|TAMS 0x000000070f800000, 0x000000070f800000| Complete 
| 237|0x000000070f900000, 0x000000070fa00000, 0x000000070fa00000|100%| E|CS|TAMS 0x000000070f900000, 0x000000070f900000| Complete 
| 238|0x000000070fa00000, 0x000000070fb00000, 0x000000070fb00000|100%| E|CS|TAMS 0x000000070fa00000, 0x000000070fa00000| Complete 
| 239|0x000000070fb00000, 0x000000070fc00000, 0x000000070fc00000|100%| E|CS|TAMS 0x000000070fb00000, 0x000000070fb00000| Complete 
| 240|0x000000070fc00000, 0x000000070fd00000, 0x000000070fd00000|100%| E|CS|TAMS 0x000000070fc00000, 0x000000070fc00000| Complete 
| 241|0x000000070fd00000, 0x000000070fe00000, 0x000000070fe00000|100%| E|CS|TAMS 0x000000070fd00000, 0x000000070fd00000| Complete 
| 242|0x000000070fe00000, 0x000000070ff00000, 0x000000070ff00000|100%| E|CS|TAMS 0x000000070fe00000, 0x000000070fe00000| Complete 
| 243|0x000000070ff00000, 0x0000000710000000, 0x0000000710000000|100%| E|CS|TAMS 0x000000070ff00000, 0x000000070ff00000| Complete 
| 244|0x0000000710000000, 0x0000000710100000, 0x0000000710100000|100%| E|CS|TAMS 0x0000000710000000, 0x0000000710000000| Complete 
| 245|0x0000000710100000, 0x0000000710200000, 0x0000000710200000|100%| E|CS|TAMS 0x0000000710100000, 0x0000000710100000| Complete 
| 246|0x0000000710200000, 0x0000000710300000, 0x0000000710300000|100%| E|CS|TAMS 0x0000000710200000, 0x0000000710200000| Complete 
| 247|0x0000000710300000, 0x0000000710400000, 0x0000000710400000|100%| E|CS|TAMS 0x0000000710300000, 0x0000000710300000| Complete 
| 248|0x0000000710400000, 0x0000000710500000, 0x0000000710500000|100%| E|CS|TAMS 0x0000000710400000, 0x0000000710400000| Complete 
| 249|0x0000000710500000, 0x0000000710600000, 0x0000000710600000|100%| E|CS|TAMS 0x0000000710500000, 0x0000000710500000| Complete 
| 250|0x0000000710600000, 0x0000000710700000, 0x0000000710700000|100%| E|CS|TAMS 0x0000000710600000, 0x0000000710600000| Complete 
| 251|0x0000000710700000, 0x0000000710800000, 0x0000000710800000|100%| E|CS|TAMS 0x0000000710700000, 0x0000000710700000| Complete 
| 252|0x0000000710800000, 0x0000000710900000, 0x0000000710900000|100%| E|CS|TAMS 0x0000000710800000, 0x0000000710800000| Complete 
| 253|0x0000000710900000, 0x0000000710a00000, 0x0000000710a00000|100%| E|CS|TAMS 0x0000000710900000, 0x0000000710900000| Complete 
| 254|0x0000000710a00000, 0x0000000710b00000, 0x0000000710b00000|100%| E|CS|TAMS 0x0000000710a00000, 0x0000000710a00000| Complete 
| 255|0x0000000710b00000, 0x0000000710c00000, 0x0000000710c00000|100%| E|  |TAMS 0x0000000710b00000, 0x0000000710b00000| Complete 

Card table byte_map: [0x00000147bec80000,0x00000147bf480000] _byte_map_base: 0x00000147bb47a000

Marking Bits (Prev, Next): (CMBitMap*) 0x00000147a685b688, (CMBitMap*) 0x00000147a685b6c8
 Prev Bits: [0x00000147bfc80000, 0x00000147c3c50000)
 Next Bits: [0x00000147c3c50000, 0x00000147c7c20000)

Polling page: 0x00000147a4650000

Metaspace:

Usage:
  Non-class:     10.71 MB capacity,    10.45 MB ( 98%) used,   249.66 KB (  2%) free+waste,    16.38 KB ( <1%) overhead. 
      Class:      1.44 MB capacity,     1.34 MB ( 93%) used,    92.06 KB (  6%) free+waste,     7.88 KB ( <1%) overhead. 
       Both:     12.15 MB capacity,    11.79 MB ( 97%) used,   341.73 KB (  3%) free+waste,    24.25 KB ( <1%) overhead. 

Virtual space:
  Non-class space:       12.00 MB reserved,      10.75 MB ( 90%) committed 
      Class space:        1.00 GB reserved,       1.50 MB ( <1%) committed 
             Both:        1.01 GB reserved,      12.25 MB (  1%) committed 

Chunk freelists:
   Non-Class:  5.00 KB
       Class:  3.63 KB
        Both:  8.63 KB

CodeHeap 'non-profiled nmethods': size=119168Kb used=1517Kb max_used=1517Kb free=117651Kb
 bounds [0x00000147b6790000, 0x00000147b6a00000, 0x00000147bdbf0000]
CodeHeap 'profiled nmethods': size=119168Kb used=5067Kb max_used=5067Kb free=114100Kb
 bounds [0x00000147af330000, 0x00000147af830000, 0x00000147b6790000]
CodeHeap 'non-nmethods': size=7424Kb used=1264Kb max_used=2946Kb free=6159Kb
 bounds [0x00000147aebf0000, 0x00000147aeee0000, 0x00000147af330000]
 total_blobs=3795 nmethods=2337 adapters=553
 compilation: enabled
              stopped_count=0, restarted_count=0
 full_count=0

Compilation events (10 events):
Event: 35.768 Thread 0x00000147cb62c000 2332       3       com.badlogic.gdx.backends.lwjgl.LwjglGL20::glDeleteBuffer (5 bytes)
Event: 35.768 Thread 0x00000147cb62c000 nmethod 2332 0x00000147af820910 code [0x00000147af820ba0, 0x00000147af8216f0]
Event: 35.768 Thread 0x00000147cb62c000 2333       3       org.lwjgl.opengl.GL15::glDeleteBuffers (24 bytes)
Event: 35.769 Thread 0x00000147cb62c000 nmethod 2333 0x00000147af821b10 code [0x00000147af821da0, 0x00000147af822850]
Event: 35.771 Thread 0x00000147cb62c000 2335       1       jdk.internal.util.xml.impl.XMLStreamWriterImpl$Element::setState (6 bytes)
Event: 35.771 Thread 0x00000147cb62c000 nmethod 2335 0x00000147b690a990 code [0x00000147b690ab40, 0x00000147b690ac78]
Event: 35.771 Thread 0x00000147cb62c000 2336       1       jdk.internal.util.xml.impl.XMLStreamWriterImpl$Element::isEmpty (5 bytes)
Event: 35.771 Thread 0x00000147cb62c000 nmethod 2336 0x00000147b690ad10 code [0x00000147b690aec0, 0x00000147b690aff8]
Event: 35.771 Thread 0x00000147cb62c000 2337       1       jdk.internal.util.xml.impl.XMLStreamWriterImpl$Element::getParent (5 bytes)
Event: 35.771 Thread 0x00000147cb62c000 nmethod 2337 0x00000147b690b090 code [0x00000147b690b240, 0x00000147b690b378]

GC Heap History (2 events):
Event: 0.902 GC heap before
{Heap before GC invocations=0 (full 0):
 garbage-first heap   total 262144K, used 23552K [0x0000000700c00000, 0x0000000800000000)
  region size 1024K, 24 young (24576K), 0 survivors (0K)
 Metaspace       used 6379K, capacity 7306K, committed 7424K, reserved 1056768K
  class space    used 531K, capacity 659K, committed 768K, reserved 1048576K
}
Event: 0.905 GC heap after
{Heap after GC invocations=1 (full 0):
 garbage-first heap   total 262144K, used 3024K [0x0000000700c00000, 0x0000000800000000)
  region size 1024K, 3 young (3072K), 3 survivors (3072K)
 Metaspace       used 6379K, capacity 7306K, committed 7424K, reserved 1056768K
  class space    used 531K, capacity 659K, committed 768K, reserved 1048576K
}

Deoptimization events (10 events):
Event: 14.317 Thread 0x00000147cb79d000 Uncommon trap: reason=array_check action=maybe_recompile pc=0x00000147b6832db4 method=com.badlogic.gdx.utils.Array.add(Ljava/lang/Object;)V @ 46 c2
Event: 14.468 Thread 0x00000147cb79d000 Uncommon trap: reason=unstable_if action=reinterpret pc=0x00000147b689d05c method=com.watabou.noosa.Group.update()V @ 37 c2
Event: 14.469 Thread 0x00000147cb79d000 Uncommon trap: reason=unstable_if action=reinterpret pc=0x00000147b6852138 method=com.watabou.noosa.Visual.updateMotion()V @ 140 c2
Event: 14.478 Thread 0x00000147cb79d000 Uncommon trap: reason=unstable_if action=reinterpret pc=0x00000147b689c740 method=com.watabou.noosa.Group.draw()V @ 30 c2
Event: 14.488 Thread 0x00000147cb79d000 Uncommon trap: reason=unstable_if action=reinterpret pc=0x00000147b6870660 method=org.lwjgl.opengl.StateTracker.bindBuffer(Lorg/lwjgl/opengl/ContextCapabilities;II)V @ 6 c2
Event: 15.060 Thread 0x00000147cb79d000 Uncommon trap: reason=unstable_if action=reinterpret pc=0x00000147b68bf3b0 method=com.badlogic.gdx.backends.lwjgl.audio.OggInputStream.read()I @ 8 c2
Event: 15.544 Thread 0x00000147cb79d000 Uncommon trap: reason=unstable_if action=reinterpret pc=0x00000147b68a6a98 method=com.badlogic.gdx.backends.lwjgl.audio.OggInputStream.read()I @ 8 c2
Event: 22.891 Thread 0x00000147cb79d000 Uncommon trap: reason=unstable_if action=reinterpret pc=0x00000147b6832dec method=com.badlogic.gdx.utils.Array.add(Ljava/lang/Object;)V @ 11 c2
Event: 22.903 Thread 0x00000147cb79d000 Uncommon trap: reason=unstable_if action=reinterpret pc=0x00000147b687c95c method=com.badlogic.gdx.graphics.g2d.BitmapFontCache.requirePageGlyphs(II)V @ 84 c2
Event: 29.143 Thread 0x00000147cb79d000 Uncommon trap: reason=bimorphic_or_optimized_type_check action=maybe_recompile pc=0x00000147b68ffea4 method=com.watabou.noosa.MovieClip.updateAnimation()V @ 136 c2

Classes redefined (0 events):
No events

Internal exceptions (10 events):
Event: 1.105 Thread 0x00000147cb79d000 Exception <a 'java/io/FileNotFoundException'{0x000000070fb992a8}> (0x000000070fb992a8) thrown at [t:/workspace/open/src/hotspot/share/prims/jni.cpp, line 615]
Event: 1.109 Thread 0x00000147cb79d000 Exception <a 'java/io/FileNotFoundException'{0x000000070fba0b88}> (0x000000070fba0b88) thrown at [t:/workspace/open/src/hotspot/share/prims/jni.cpp, line 615]
Event: 9.705 Thread 0x00000147cb79d000 Implicit null exception at 0x00000147b6852480 to 0x00000147b68525d2
Event: 10.727 Thread 0x00000147cb79d000 Implicit null exception at 0x00000147b6834b93 to 0x00000147b6834fc2
Event: 10.773 Thread 0x00000147cb79d000 Implicit null exception at 0x00000147b6841664 to 0x00000147b684202e
Event: 10.773 Thread 0x00000147cb79d000 Implicit null exception at 0x00000147b6848a98 to 0x00000147b684b136
Event: 12.433 Thread 0x00000147cb79d000 Implicit null exception at 0x00000147b686bdb1 to 0x00000147b686c18a
Event: 12.441 Thread 0x00000147cb79d000 Implicit null exception at 0x00000147b686de34 to 0x00000147b686e1de
Event: 14.489 Thread 0x00000147cd95a800 Exception <a 'java/lang/InterruptedException'{0x000000070e300cd0}> (0x000000070e300cd0) thrown at [t:/workspace/open/src/hotspot/share/runtime/objectMonitor.cpp, line 1394]
Event: 35.766 Thread 0x00000147cd95a800 Exception <a 'java/lang/InterruptedException'{0x000000070e357618}> (0x000000070e357618) thrown at [t:/workspace/open/src/hotspot/share/runtime/objectMonitor.cpp, line 1394]

Events (10 events):
Event: 22.903 Thread 0x00000147cb79d000 DEOPT UNPACKING pc=0x00000147aec19c2f sp=0x00000008b72fedf8 mode 2
Event: 27.242 Thread 0x00000147cbb98000 Thread added: 0x00000147cbb98000
Event: 29.143 Thread 0x00000147cb79d000 Uncommon trap: trap_request=0xffffffc6 fr.pc=0x00000147b68ffea4 relative=0x0000000000000684
Event: 29.143 Thread 0x00000147cb79d000 DEOPT PACKING pc=0x00000147b68ffea4 sp=0x00000008b72fef00
Event: 29.143 Thread 0x00000147cb79d000 DEOPT UNPACKING pc=0x00000147aec19c2f sp=0x00000008b72feea8 mode 2
Event: 29.409 Thread 0x00000147cbb98000 Thread exited: 0x00000147cbb98000
Event: 35.772 loading class com/badlogic/gdx/utils/LongMap$Values
Event: 35.772 loading class com/badlogic/gdx/utils/LongMap$Values done
Event: 35.772 loading class com/badlogic/gdx/utils/LongMap$MapIterator
Event: 35.772 loading class com/badlogic/gdx/utils/LongMap$MapIterator done


Dynamic libraries:
0x00007ff63ec20000 - 0x00007ff63ec2f000 	C:\Program Files\Java\jdk-12.0.1\bin\java.exe
0x00007ff830100000 - 0x00007ff8302f0000 	C:\WINDOWS\SYSTEM32\ntdll.dll
0x00007ff82fc60000 - 0x00007ff82fd12000 	C:\WINDOWS\System32\KERNEL32.DLL
0x00007ff82d0f0000 - 0x00007ff82d393000 	C:\WINDOWS\System32\KERNELBASE.dll
0x00007ff82d450000 - 0x00007ff82d54a000 	C:\WINDOWS\System32\ucrtbase.dll
0x00007ff8280f0000 - 0x00007ff828108000 	C:\Program Files\Java\jdk-12.0.1\bin\jli.dll
0x00007ff820cf0000 - 0x00007ff820d06000 	C:\Program Files\Java\jdk-12.0.1\bin\VCRUNTIME140.dll
0x00007ff82ea20000 - 0x00007ff82eac3000 	C:\WINDOWS\System32\ADVAPI32.dll
0x00007ff82feb0000 - 0x00007ff82ff4e000 	C:\WINDOWS\System32\msvcrt.dll
0x00007ff830020000 - 0x00007ff8300b7000 	C:\WINDOWS\System32\sechost.dll
0x00007ff82fd90000 - 0x00007ff82feb0000 	C:\WINDOWS\System32\RPCRT4.dll
0x00007ff82e5e0000 - 0x00007ff82e774000 	C:\WINDOWS\System32\USER32.dll
0x00007ff82d090000 - 0x00007ff82d0b1000 	C:\WINDOWS\System32\win32u.dll
0x00007ff82faf0000 - 0x00007ff82fb16000 	C:\WINDOWS\System32\GDI32.dll
0x00007ff81b970000 - 0x00007ff81bbf5000 	C:\WINDOWS\WinSxS\amd64_microsoft.windows.common-controls_6595b64144ccf1df_6.0.18362.778_none_e6c6b761130d4fb8\COMCTL32.dll
0x00007ff82dec0000 - 0x00007ff82e054000 	C:\WINDOWS\System32\gdi32full.dll
0x00007ff82d550000 - 0x00007ff82d5ee000 	C:\WINDOWS\System32\msvcp_win.dll
0x00007ff82e290000 - 0x00007ff82e5c6000 	C:\WINDOWS\System32\combase.dll
0x00007ff82d670000 - 0x00007ff82d6f0000 	C:\WINDOWS\System32\bcryptPrimitives.dll
0x00007ff824e90000 - 0x00007ff824e9a000 	C:\WINDOWS\SYSTEM32\VERSION.dll
0x00007ff82e7e0000 - 0x00007ff82e80e000 	C:\WINDOWS\System32\IMM32.DLL
0x00007ff80c000000 - 0x00007ff80c0aa000 	C:\Program Files\Java\jdk-12.0.1\bin\msvcp140.dll
0x00007fffd67a0000 - 0x00007fffd7314000 	C:\Program Files\Java\jdk-12.0.1\bin\server\jvm.dll
0x00007ff82eb80000 - 0x00007ff82eb88000 	C:\WINDOWS\System32\PSAPI.DLL
0x00007ff8297a0000 - 0x00007ff8297a9000 	C:\WINDOWS\SYSTEM32\WSOCK32.dll
0x00007ff82ab00000 - 0x00007ff82ab24000 	C:\WINDOWS\SYSTEM32\WINMM.dll
0x00007ff82edc0000 - 0x00007ff82ee2f000 	C:\WINDOWS\System32\WS2_32.dll
0x00007ff82aad0000 - 0x00007ff82aafd000 	C:\WINDOWS\SYSTEM32\winmmbase.dll
0x00007ff82de70000 - 0x00007ff82deba000 	C:\WINDOWS\System32\cfgmgr32.dll
0x00007ff82cfd0000 - 0x00007ff82cfe1000 	C:\WINDOWS\System32\kernel.appcore.dll
0x00007ff820cd0000 - 0x00007ff820ce1000 	C:\Program Files\Java\jdk-12.0.1\bin\verify.dll
0x00007ff82b850000 - 0x00007ff82ba44000 	C:\WINDOWS\SYSTEM32\DBGHELP.DLL
0x00007ff8163b0000 - 0x00007ff8163da000 	C:\WINDOWS\SYSTEM32\dbgcore.DLL
0x00007ff820ca0000 - 0x00007ff820cc6000 	C:\Program Files\Java\jdk-12.0.1\bin\java.dll
0x00007ff820c80000 - 0x00007ff820c97000 	C:\Program Files\Java\jdk-12.0.1\bin\zip.dll
0x00007ff8280e0000 - 0x00007ff8280ea000 	C:\Program Files\Java\jdk-12.0.1\bin\jimage.dll
0x00007ff82f2a0000 - 0x00007ff82f985000 	C:\WINDOWS\System32\SHELL32.dll
0x00007ff82f9a0000 - 0x00007ff82fa49000 	C:\WINDOWS\System32\shcore.dll
0x00007ff82d6f0000 - 0x00007ff82de70000 	C:\WINDOWS\System32\windows.storage.dll
0x00007ff82cff0000 - 0x00007ff82d013000 	C:\WINDOWS\System32\profapi.dll
0x00007ff82d040000 - 0x00007ff82d08a000 	C:\WINDOWS\System32\powrprof.dll
0x00007ff82cfc0000 - 0x00007ff82cfd0000 	C:\WINDOWS\System32\UMPDC.dll
0x00007ff82e780000 - 0x00007ff82e7d2000 	C:\WINDOWS\System32\shlwapi.dll
0x00007ff82d650000 - 0x00007ff82d667000 	C:\WINDOWS\System32\cryptsp.dll
0x00007ff820c60000 - 0x00007ff820c79000 	C:\Program Files\Java\jdk-12.0.1\bin\net.dll
0x00007ff822200000 - 0x00007ff8223d5000 	C:\WINDOWS\SYSTEM32\urlmon.dll
0x00007ff8215c0000 - 0x00007ff8216b0000 	C:\WINDOWS\SYSTEM32\WINHTTP.dll
0x00007ff821840000 - 0x00007ff821ae6000 	C:\WINDOWS\SYSTEM32\iertutil.dll
0x00007ff82ca00000 - 0x00007ff82ca0c000 	C:\WINDOWS\SYSTEM32\CRYPTBASE.DLL
0x00007ff82c830000 - 0x00007ff82c897000 	C:\WINDOWS\system32\mswsock.dll
0x00007ff8156f0000 - 0x00007ff815703000 	C:\Program Files\Java\jdk-12.0.1\bin\nio.dll
0x0000000065ac0000 - 0x0000000065b0b000 	C:\Users\samue\AppData\Local\Temp\libgdxsamue\7d76f548\gdx64.dll
0x00007ff82c3a0000 - 0x00007ff82c3d3000 	C:\WINDOWS\system32\rsaenh.dll
0x00007ff82d0c0000 - 0x00007ff82d0e6000 	C:\WINDOWS\System32\bcrypt.dll
0x00007ff82cee0000 - 0x00007ff82cf05000 	C:\WINDOWS\SYSTEM32\USERENV.dll
0x00007ff82c540000 - 0x00007ff82c57a000 	C:\WINDOWS\SYSTEM32\IPHLPAPI.DLL
0x00007ff82f990000 - 0x00007ff82f998000 	C:\WINDOWS\System32\NSI.dll
0x00007ff825090000 - 0x00007ff8250a6000 	C:\WINDOWS\SYSTEM32\dhcpcsvc6.DLL
0x00007ff825860000 - 0x00007ff82587c000 	C:\WINDOWS\SYSTEM32\dhcpcsvc.DLL
0x00007ff82c580000 - 0x00007ff82c64a000 	C:\WINDOWS\SYSTEM32\DNSAPI.dll
0x0000000180000000 - 0x0000000180053000 	C:\Users\samue\AppData\Local\Temp\libgdxsamue\1cecf4f6\lwjgl64.dll
0x00007ffffa1d0000 - 0x00007ffffa326000 	C:\WINDOWS\SYSTEM32\OPENGL32.dll
0x00007ff81d150000 - 0x00007ff81d17c000 	C:\WINDOWS\SYSTEM32\GLU32.dll
0x00007ff82bc30000 - 0x00007ff82bc50000 	C:\WINDOWS\SYSTEM32\dxcore.dll
0x00000147cc6c0000 - 0x00000147cc724000 	C:\Users\samue\AppData\Local\Temp\libgdxsamue\1cecf4f6\OpenAL64.dll
0x00007ff82ec60000 - 0x00007ff82edb7000 	C:\WINDOWS\System32\ole32.dll
0x00007ff82ae20000 - 0x00007ff82aeb9000 	C:\WINDOWS\system32\uxtheme.dll
0x00007ff82ead0000 - 0x00007ff82eb72000 	C:\WINDOWS\System32\clbcatq.dll
0x00007ff80bf60000 - 0x00007ff80bff9000 	C:\WINDOWS\SYSTEM32\dsound.dll
0x00007ff827350000 - 0x00007ff8273c2000 	C:\WINDOWS\System32\MMDevApi.dll
0x00007ff82cdc0000 - 0x00007ff82cdea000 	C:\WINDOWS\System32\DEVOBJ.dll
0x00007ff8275e0000 - 0x00007ff82773d000 	C:\WINDOWS\SYSTEM32\AUDIOSES.DLL
0x00007ff82ff50000 - 0x00007ff830014000 	C:\WINDOWS\System32\OLEAUT32.dll
0x00007ff8289d0000 - 0x00007ff828b23000 	C:\WINDOWS\SYSTEM32\wintypes.dll
0x00007ff82b240000 - 0x00007ff82b254000 	C:\WINDOWS\SYSTEM32\resourcepolicyclient.dll
0x00007ff824dc0000 - 0x00007ff824e6e000 	C:\WINDOWS\SYSTEM32\mscms.dll
0x00007ff825370000 - 0x00007ff825387000 	C:\WINDOWS\SYSTEM32\ColorAdapterClient.dll
0x00007ff82fb20000 - 0x00007ff82fc56000 	C:\WINDOWS\System32\MSCTF.dll
0x00007ff817d70000 - 0x00007ff817d98000 	C:\WINDOWS\System32\DriverStore\FileRepository\u0346830.inf_amd64_35731e557194973d\B345901\atig6pxx.dll
0x00007fffed240000 - 0x00007ffff0295000 	C:\WINDOWS\System32\DriverStore\FileRepository\u0346830.inf_amd64_35731e557194973d\B345901\atio6axx.dll
0x00007ff82ee30000 - 0x00007ff82f2a0000 	C:\WINDOWS\System32\SETUPAPI.dll
0x00007ff82ad00000 - 0x00007ff82ad23000 	C:\WINDOWS\SYSTEM32\dxva2.dll
0x00007ff82b330000 - 0x00007ff82b35d000 	C:\WINDOWS\SYSTEM32\dwmapi.dll
0x00007ff8163e0000 - 0x00007ff816419000 	C:\WINDOWS\System32\DriverStore\FileRepository\u0346830.inf_amd64_35731e557194973d\B345901\atig6txx.dll
0x00007ffff9b00000 - 0x00007ffff9ca8000 	C:\WINDOWS\SYSTEM32\atiadlxx.dll
0x00007ff829210000 - 0x00007ff8292ff000 	C:\WINDOWS\SYSTEM32\PROPSYS.dll
0x00007ff82d5f0000 - 0x00007ff82d64c000 	C:\WINDOWS\System32\WINTRUST.dll
0x00007ff82d020000 - 0x00007ff82d032000 	C:\WINDOWS\System32\MSASN1.dll
0x00007ff82e060000 - 0x00007ff82e1a9000 	C:\WINDOWS\System32\CRYPT32.dll
0x00007fffe5ca0000 - 0x00007fffe5ce3000 	C:\WINDOWS\SYSTEM32\icm32.dll
0x00007fffe13d0000 - 0x00007fffe156f000 	C:\Program Files\Java\jdk-12.0.1\bin\awt.dll
0x00007ff829820000 - 0x00007ff829de0000 	C:\WINDOWS\SYSTEM32\d2d1.dll
0x00007ff82ad30000 - 0x00007ff82adbf000 	C:\WINDOWS\SYSTEM32\apphelp.dll
0x0000000069a80000 - 0x0000000069b2b000 	C:\Users\samue\AppData\Local\Temp\libgdxsamue\fd391f27\gdx-freetype64.dll
0x00007ff81f3b0000 - 0x00007ff81f44e000 	C:\WINDOWS\System32\TextInputFramework.dll
0x00007ff826cc0000 - 0x00007ff826fea000 	C:\WINDOWS\System32\CoreUIComponents.dll
0x00007ff82a9f0000 - 0x00007ff82aac4000 	C:\WINDOWS\System32\CoreMessaging.dll
0x00007ff82c020000 - 0x00007ff82c051000 	C:\WINDOWS\SYSTEM32\ntmarta.dll

dbghelp: loaded successfully - version: 4.0.5 - missing functions: none
symbol engine: initialized successfully - sym options: 0x614 - pdb path: .;C:\Program Files\Java\jdk-12.0.1\bin;C:\WINDOWS\SYSTEM32;C:\WINDOWS\WinSxS\amd64_microsoft.windows.common-controls_6595b64144ccf1df_6.0.18362.778_none_e6c6b761130d4fb8;C:\Program Files\Java\jdk-12.0.1\bin\server;C:\Users\samue\AppData\Local\Temp\libgdxsamue\7d76f548;C:\Users\samue\AppData\Local\Temp\libgdxsamue\1cecf4f6;C:\WINDOWS\System32\DriverStore\FileRepository\u0346830.inf_amd64_35731e557194973d\B345901;C:\Users\samue\AppData\Local\Temp\libgdxsamue\fd391f27

VM Arguments:
jvm_args: -DImplementation-Version=426 -DSpecification-Name=Yet Another Shattered Dungeon -DSpecification-Version=0.2.22-INDEV -Dfile.encoding=windows-1252 -Duser.country=GB -Duser.language=en -Duser.variant 
java_command: com.shatteredpixel.yasd.desktop.DesktopLauncher
java_class_path (initial): F:\yasd-master\desktop\build\classes\java\main;F:\yasd-master\desktop\build\resources\main;F:\yasd-master\core\build\libs\core-0.2.22.jar;F:\yasd-master\SPD-classes\build\libs\SPD-classes-0.2.22.jar;C:\Users\samue\.gradle\caches\modules-2\files-2.1\com.badlogicgames.gdx\gdx-freetype\1.9.10\8853e4f08589a9feb4b851187909cfde8810e491\gdx-freetype-1.9.10.jar;C:\Users\samue\.gradle\caches\modules-2\files-2.1\com.badlogicgames.gdx\gdx-backend-lwjgl\1.9.10\8f88abd43500d94c486d25f04d642318da72773a\gdx-backend-lwjgl-1.9.10.jar;C:\Users\samue\.gradle\caches\modules-2\files-2.1\com.badlogicgames.gdx\gdx-platform\1.9.10\1907b49f8363dd1ee37d273854a9cc3c741a6e66\gdx-platform-1.9.10-natives-desktop.jar;C:\Users\samue\.gradle\caches\modules-2\files-2.1\com.badlogicgames.gdx\gdx-freetype-platform\1.9.10\5c4b67db9c1d62383b718ce040c7cdb555d5b19f\gdx-freetype-platform-1.9.10-natives-desktop.jar;C:\Users\samue\.gradle\caches\modules-2\files-2.1\org.jetbrains\annotations\15.0\d40ab99147584cf6cfb5245be67b3fee2c7220f9\annotations-15.0.jar;C:\Users\samue\.gradle\caches\modules-2\files-2.1\com.badlogicgames.gdx\gdx-controllers\1.9.10\b63b3ad62050405148be30ffd2e1946c13123cec\gdx-controllers-1.9.10.jar;C:\Users\samue\.gradle\caches\modules-2\files-2.1\com.badlogicgames.gdx\gdx\1.9.10\79d9ad27bd5e3eb18c9ade61d3a27d7237695d53\gdx-1.9.10.jar;C:\Users\samue\.gradle\caches\modules-2\files-2.1\org.lwjgl.lwjgl\lwjgl_util\2.9.3\751f06b62424da056954c67288fd5c494431e350\lwjgl_util-2.9.3.jar;C:\Users\samue\.gradle\caches\modules-2\files-2.1\org.lwjgl.lwjgl\lwjgl\2.9.3\3df168ac74e4a8c96562cdff24ad352e255bf89c\lwjgl-2.9.3.jar;C:\Users\samue\.gradle\caches\modules-2\files-2.1\com.badlogicgames.jlayer\jlayer\1.0.1-gdx\7cca83cec5c1b2f011362f4d85aabd71a73b049d\jlayer-1.0.1-gdx.jar;C:\Users\samue\.gradle\caches\modules-2\files-2.1\org.jcraft\jorbis\0.0.17\8872d22b293e8f5d7d56ff92be966e6dc28ebdc6\jorbis-0.0.17.jar;C:\Users\samue\.gradle\caches\modules-2\files-2.1\org.json\json\2017051
Launcher Type: SUN_STANDARD

[Global flags]
     intx CICompilerCount                          = 12                                        {product} {ergonomic}
     uint ConcGCThreads                            = 3                                         {product} {ergonomic}
     uint G1ConcRefinementThreads                  = 13                                        {product} {ergonomic}
   size_t G1HeapRegionSize                         = 1048576                                   {product} {ergonomic}
    uintx GCDrainStackTargetSize                   = 64                                        {product} {ergonomic}
   size_t InitialHeapSize                          = 268435456                                 {product} {ergonomic}
   size_t MarkStackSize                            = 4194304                                   {product} {ergonomic}
   size_t MaxHeapSize                              = 4282384384                                {product} {ergonomic}
   size_t MaxNewSize                               = 2569011200                                {product} {ergonomic}
   size_t MinHeapDeltaBytes                        = 1048576                                   {product} {ergonomic}
    uintx NonNMethodCodeHeapSize                   = 7594288                                {pd product} {ergonomic}
    uintx NonProfiledCodeHeapSize                  = 122031976                              {pd product} {ergonomic}
    uintx ProfiledCodeHeapSize                     = 122031976                              {pd product} {ergonomic}
    uintx ReservedCodeCacheSize                    = 251658240                              {pd product} {ergonomic}
     bool SegmentedCodeCache                       = true                                      {product} {ergonomic}
     bool UseCompressedClassPointers               = true                                 {lp64_product} {ergonomic}
     bool UseCompressedOops                        = true                                 {lp64_product} {ergonomic}
     bool UseG1GC                                  = true                                      {product} {ergonomic}
     bool UseLargePagesIndividualAllocation        = false                                  {pd product} {ergonomic}

Logging:
Log output configuration:
 #0: stdout all=warning uptime,level,tags
 #1: stderr all=off uptime,level,tags

Environment Variables:
JAVA_HOME=C:\Program Files\Java\jdk-12.0.1
CLASSPATH=F:\yasd-master\\gradle\wrapper\gradle-wrapper.jar
PATH=C:\WINDOWS\system32;C:\WINDOWS;C:\WINDOWS\System32\Wbem;C:\WINDOWS\System32\WindowsPowerShell\v1.0\;C:\WINDOWS\System32\OpenSSH\;C:\Users\samue\AppData\Local\Microsoft\WindowsApps;C:\Users\samue\AppData\Local\Programs\Git\cmd;
USERNAME=samue
OS=Windows_NT
PROCESSOR_IDENTIFIER=AMD64 Family 23 Model 8 Stepping 2, AuthenticAMD



---------------  S Y S T E M  ---------------

OS: Windows 10 , 64 bit Build 18362 (10.0.18362.778)

CPU:total 16 (initial active 16) (16 cores per cpu, 2 threads per core) family 23 model 8 stepping 2, cmov, cx8, fxsr, mmx, sse, sse2, sse3, ssse3, sse4.1, sse4.2, popcnt, avx, avx2, aes, clmul, mmxext, 3dnowpref, lzcnt, sse4a, ht, tsc, tscinvbit, tscinv, bmi1, bmi2, adx, sha, fma

Memory: 4k page, system-wide physical 16334M (7724M free)
TotalPageFile size 23246M (AvailPageFile size 5897M)
current process WorkingSet (physical memory assigned to process): 171M, peak: 185M
current process commit charge ("private bytes"): 505M, peak: 522M

vm_info: Java HotSpot(TM) 64-Bit Server VM (12.0.1+12) for windows-amd64 JRE (12.0.1+12), built on Apr  2 2019 14:02:19 by "mach5one" with MS VC++ 15.5 (VS2017)

END.
